[0.416s] DEBUG:colcon:Command line arguments: ['/usr/bin/colcon', 'build', '--packages-select', 'hb_robot_description']
[0.417s] DEBUG:colcon:Parsed command line arguments: Namespace(log_base=None, log_level=None, verb_name='build', build_base='build', install_base='install', merge_install=False, symlink_install=False, test_result_base=None, continue_on_error=False, executor='parallel', parallel_workers=6, event_handlers=None, ignore_user_meta=False, metas=['./colcon.meta'], base_paths=['.'], packages_ignore=None, packages_ignore_regex=None, paths=None, packages_up_to=None, packages_up_to_regex=None, packages_above=None, packages_above_and_dependencies=None, packages_above_depth=None, packages_select_by_dep=None, packages_skip_by_dep=None, packages_skip_up_to=None, packages_select_build_failed=False, packages_skip_build_finished=False, packages_select_test_failures=False, packages_skip_test_passed=False, packages_select=['hb_robot_description'], packages_skip=None, packages_select_regex=None, packages_skip_regex=None, packages_start=None, packages_end=None, allow_overriding=[], cmake_args=None, cmake_target=None, cmake_target_skip_unavailable=False, cmake_clean_cache=False, cmake_clean_first=False, cmake_force_configure=False, ament_cmake_args=None, catkin_cmake_args=None, catkin_skip_building_tests=False, mixin_files=None, mixin=None, verb_parser=<colcon_mixin.mixin.mixin_argument.MixinArgumentDecorator object at 0xffff84cc7160>, verb_extension=<colcon_core.verb.build.BuildVerb object at 0xffff84cc6cb0>, main=<bound method BuildVerb.main of <colcon_core.verb.build.BuildVerb object at 0xffff84cc6cb0>>, mixin_verb=('build',))
[1.464s] Level 1:colcon.colcon_core.package_discovery:discover_packages(colcon_meta) check parameters
[1.464s] Level 1:colcon.colcon_core.package_discovery:discover_packages(recursive) check parameters
[1.464s] Level 1:colcon.colcon_core.package_discovery:discover_packages(ignore) check parameters
[1.464s] Level 1:colcon.colcon_core.package_discovery:discover_packages(path) check parameters
[1.465s] Level 1:colcon.colcon_core.package_discovery:discover_packages(colcon_meta) discover
[1.465s] Level 1:colcon.colcon_core.package_discovery:discover_packages(recursive) discover
[1.465s] INFO:colcon.colcon_core.package_discovery:Crawling recursively for packages in '/home/zk/ros2_ws'
[1.465s] Level 1:colcon.colcon_core.package_identification:_identify(.) by extensions ['ignore', 'ignore_ament_install']
[1.465s] Level 1:colcon.colcon_core.package_identification:_identify(.) by extension 'ignore'
[1.466s] Level 1:colcon.colcon_core.package_identification:_identify(.) by extension 'ignore_ament_install'
[1.466s] Level 1:colcon.colcon_core.package_identification:_identify(.) by extensions ['colcon_pkg']
[1.466s] Level 1:colcon.colcon_core.package_identification:_identify(.) by extension 'colcon_pkg'
[1.466s] Level 1:colcon.colcon_core.package_identification:_identify(.) by extensions ['colcon_meta']
[1.466s] Level 1:colcon.colcon_core.package_identification:_identify(.) by extension 'colcon_meta'
[1.466s] Level 1:colcon.colcon_core.package_identification:_identify(.) by extensions ['ros']
[1.466s] Level 1:colcon.colcon_core.package_identification:_identify(.) by extension 'ros'
[1.490s] Level 1:colcon.colcon_core.package_identification:_identify(.) by extensions ['cmake', 'python']
[1.490s] Level 1:colcon.colcon_core.package_identification:_identify(.) by extension 'cmake'
[1.490s] Level 1:colcon.colcon_core.package_identification:_identify(.) by extension 'python'
[1.490s] Level 1:colcon.colcon_core.package_identification:_identify(.) by extensions ['python_setup_py']
[1.490s] Level 1:colcon.colcon_core.package_identification:_identify(.) by extension 'python_setup_py'
[1.491s] Level 1:colcon.colcon_core.package_identification:_identify(build) by extensions ['ignore', 'ignore_ament_install']
[1.491s] Level 1:colcon.colcon_core.package_identification:_identify(build) by extension 'ignore'
[1.492s] Level 1:colcon.colcon_core.package_identification:_identify(build) ignored
[1.493s] Level 1:colcon.colcon_core.package_identification:_identify(install) by extensions ['ignore', 'ignore_ament_install']
[1.493s] Level 1:colcon.colcon_core.package_identification:_identify(install) by extension 'ignore'
[1.493s] Level 1:colcon.colcon_core.package_identification:_identify(install) ignored
[1.493s] Level 1:colcon.colcon_core.package_identification:_identify(log) by extensions ['ignore', 'ignore_ament_install']
[1.494s] Level 1:colcon.colcon_core.package_identification:_identify(log) by extension 'ignore'
[1.494s] Level 1:colcon.colcon_core.package_identification:_identify(log) ignored
[1.494s] Level 1:colcon.colcon_core.package_identification:_identify(src) by extensions ['ignore', 'ignore_ament_install']
[1.494s] Level 1:colcon.colcon_core.package_identification:_identify(src) by extension 'ignore'
[1.494s] Level 1:colcon.colcon_core.package_identification:_identify(src) by extension 'ignore_ament_install'
[1.494s] Level 1:colcon.colcon_core.package_identification:_identify(src) by extensions ['colcon_pkg']
[1.494s] Level 1:colcon.colcon_core.package_identification:_identify(src) by extension 'colcon_pkg'
[1.494s] Level 1:colcon.colcon_core.package_identification:_identify(src) by extensions ['colcon_meta']
[1.495s] Level 1:colcon.colcon_core.package_identification:_identify(src) by extension 'colcon_meta'
[1.495s] Level 1:colcon.colcon_core.package_identification:_identify(src) by extensions ['ros']
[1.495s] Level 1:colcon.colcon_core.package_identification:_identify(src) by extension 'ros'
[1.495s] Level 1:colcon.colcon_core.package_identification:_identify(src) by extensions ['cmake', 'python']
[1.495s] Level 1:colcon.colcon_core.package_identification:_identify(src) by extension 'cmake'
[1.495s] Level 1:colcon.colcon_core.package_identification:_identify(src) by extension 'python'
[1.495s] Level 1:colcon.colcon_core.package_identification:_identify(src) by extensions ['python_setup_py']
[1.495s] Level 1:colcon.colcon_core.package_identification:_identify(src) by extension 'python_setup_py'
[1.496s] Level 1:colcon.colcon_core.package_identification:_identify(src/Azure_Kinect_ROS2_Driver) by extensions ['ignore', 'ignore_ament_install']
[1.496s] Level 1:colcon.colcon_core.package_identification:_identify(src/Azure_Kinect_ROS2_Driver) by extension 'ignore'
[1.496s] Level 1:colcon.colcon_core.package_identification:_identify(src/Azure_Kinect_ROS2_Driver) by extension 'ignore_ament_install'
[1.496s] Level 1:colcon.colcon_core.package_identification:_identify(src/Azure_Kinect_ROS2_Driver) by extensions ['colcon_pkg']
[1.497s] Level 1:colcon.colcon_core.package_identification:_identify(src/Azure_Kinect_ROS2_Driver) by extension 'colcon_pkg'
[1.497s] Level 1:colcon.colcon_core.package_identification:_identify(src/Azure_Kinect_ROS2_Driver) by extensions ['colcon_meta']
[1.497s] Level 1:colcon.colcon_core.package_identification:_identify(src/Azure_Kinect_ROS2_Driver) by extension 'colcon_meta'
[1.497s] Level 1:colcon.colcon_core.package_identification:_identify(src/Azure_Kinect_ROS2_Driver) by extensions ['ros']
[1.497s] Level 1:colcon.colcon_core.package_identification:_identify(src/Azure_Kinect_ROS2_Driver) by extension 'ros'
[1.505s] DEBUG:colcon.colcon_core.package_identification:Package 'src/Azure_Kinect_ROS2_Driver' with type 'ros.ament_cmake' and name 'azure_kinect_ros2_driver'
[1.506s] Level 1:colcon.colcon_core.package_identification:_identify(src/cam_pub) by extensions ['ignore', 'ignore_ament_install']
[1.506s] Level 1:colcon.colcon_core.package_identification:_identify(src/cam_pub) by extension 'ignore'
[1.506s] Level 1:colcon.colcon_core.package_identification:_identify(src/cam_pub) by extension 'ignore_ament_install'
[1.506s] Level 1:colcon.colcon_core.package_identification:_identify(src/cam_pub) by extensions ['colcon_pkg']
[1.506s] Level 1:colcon.colcon_core.package_identification:_identify(src/cam_pub) by extension 'colcon_pkg'
[1.507s] Level 1:colcon.colcon_core.package_identification:_identify(src/cam_pub) by extensions ['colcon_meta']
[1.507s] Level 1:colcon.colcon_core.package_identification:_identify(src/cam_pub) by extension 'colcon_meta'
[1.507s] Level 1:colcon.colcon_core.package_identification:_identify(src/cam_pub) by extensions ['ros']
[1.507s] Level 1:colcon.colcon_core.package_identification:_identify(src/cam_pub) by extension 'ros'
[1.509s] DEBUG:colcon.colcon_core.package_identification:Package 'src/cam_pub' with type 'ros.ament_cmake' and name 'cam_pub'
[1.509s] Level 1:colcon.colcon_core.package_identification:_identify(src/hb_robot_description) by extensions ['ignore', 'ignore_ament_install']
[1.509s] Level 1:colcon.colcon_core.package_identification:_identify(src/hb_robot_description) by extension 'ignore'
[1.510s] Level 1:colcon.colcon_core.package_identification:_identify(src/hb_robot_description) by extension 'ignore_ament_install'
[1.510s] Level 1:colcon.colcon_core.package_identification:_identify(src/hb_robot_description) by extensions ['colcon_pkg']
[1.510s] Level 1:colcon.colcon_core.package_identification:_identify(src/hb_robot_description) by extension 'colcon_pkg'
[1.510s] Level 1:colcon.colcon_core.package_identification:_identify(src/hb_robot_description) by extensions ['colcon_meta']
[1.510s] Level 1:colcon.colcon_core.package_identification:_identify(src/hb_robot_description) by extension 'colcon_meta'
[1.510s] Level 1:colcon.colcon_core.package_identification:_identify(src/hb_robot_description) by extensions ['ros']
[1.510s] Level 1:colcon.colcon_core.package_identification:_identify(src/hb_robot_description) by extension 'ros'
[1.511s] DEBUG:colcon.colcon_core.package_identification:Package 'src/hb_robot_description' with type 'ros.ament_cmake' and name 'hb_robot_description'
[1.511s] Level 1:colcon.colcon_core.package_identification:_identify(src/hb_robot_moveit_config) by extensions ['ignore', 'ignore_ament_install']
[1.512s] Level 1:colcon.colcon_core.package_identification:_identify(src/hb_robot_moveit_config) by extension 'ignore'
[1.512s] Level 1:colcon.colcon_core.package_identification:_identify(src/hb_robot_moveit_config) by extension 'ignore_ament_install'
[1.512s] Level 1:colcon.colcon_core.package_identification:_identify(src/hb_robot_moveit_config) by extensions ['colcon_pkg']
[1.512s] Level 1:colcon.colcon_core.package_identification:_identify(src/hb_robot_moveit_config) by extension 'colcon_pkg'
[1.512s] Level 1:colcon.colcon_core.package_identification:_identify(src/hb_robot_moveit_config) by extensions ['colcon_meta']
[1.512s] Level 1:colcon.colcon_core.package_identification:_identify(src/hb_robot_moveit_config) by extension 'colcon_meta'
[1.512s] Level 1:colcon.colcon_core.package_identification:_identify(src/hb_robot_moveit_config) by extensions ['ros']
[1.512s] Level 1:colcon.colcon_core.package_identification:_identify(src/hb_robot_moveit_config) by extension 'ros'
[1.514s] DEBUG:colcon.colcon_core.package_identification:Package 'src/hb_robot_moveit_config' with type 'ros.ament_cmake' and name 'hb_robot_moveit_config'
[1.516s] Level 1:colcon.colcon_core.package_identification:_identify(src/realsense-ros) by extensions ['ignore', 'ignore_ament_install']
[1.517s] Level 1:colcon.colcon_core.package_identification:_identify(src/realsense-ros) by extension 'ignore'
[1.517s] Level 1:colcon.colcon_core.package_identification:_identify(src/realsense-ros) by extension 'ignore_ament_install'
[1.517s] Level 1:colcon.colcon_core.package_identification:_identify(src/realsense-ros) by extensions ['colcon_pkg']
[1.517s] Level 1:colcon.colcon_core.package_identification:_identify(src/realsense-ros) by extension 'colcon_pkg'
[1.517s] Level 1:colcon.colcon_core.package_identification:_identify(src/realsense-ros) by extensions ['colcon_meta']
[1.517s] Level 1:colcon.colcon_core.package_identification:_identify(src/realsense-ros) by extension 'colcon_meta'
[1.517s] Level 1:colcon.colcon_core.package_identification:_identify(src/realsense-ros) by extensions ['ros']
[1.517s] Level 1:colcon.colcon_core.package_identification:_identify(src/realsense-ros) by extension 'ros'
[1.518s] Level 1:colcon.colcon_core.package_identification:_identify(src/realsense-ros) by extensions ['cmake', 'python']
[1.518s] Level 1:colcon.colcon_core.package_identification:_identify(src/realsense-ros) by extension 'cmake'
[1.518s] Level 1:colcon.colcon_core.package_identification:_identify(src/realsense-ros) by extension 'python'
[1.518s] Level 1:colcon.colcon_core.package_identification:_identify(src/realsense-ros) by extensions ['python_setup_py']
[1.518s] Level 1:colcon.colcon_core.package_identification:_identify(src/realsense-ros) by extension 'python_setup_py'
[1.519s] Level 1:colcon.colcon_core.package_identification:_identify(src/realsense-ros/realsense2_camera) by extensions ['ignore', 'ignore_ament_install']
[1.519s] Level 1:colcon.colcon_core.package_identification:_identify(src/realsense-ros/realsense2_camera) by extension 'ignore'
[1.519s] Level 1:colcon.colcon_core.package_identification:_identify(src/realsense-ros/realsense2_camera) by extension 'ignore_ament_install'
[1.519s] Level 1:colcon.colcon_core.package_identification:_identify(src/realsense-ros/realsense2_camera) by extensions ['colcon_pkg']
[1.519s] Level 1:colcon.colcon_core.package_identification:_identify(src/realsense-ros/realsense2_camera) by extension 'colcon_pkg'
[1.519s] Level 1:colcon.colcon_core.package_identification:_identify(src/realsense-ros/realsense2_camera) by extensions ['colcon_meta']
[1.520s] Level 1:colcon.colcon_core.package_identification:_identify(src/realsense-ros/realsense2_camera) by extension 'colcon_meta'
[1.520s] Level 1:colcon.colcon_core.package_identification:_identify(src/realsense-ros/realsense2_camera) by extensions ['ros']
[1.520s] Level 1:colcon.colcon_core.package_identification:_identify(src/realsense-ros/realsense2_camera) by extension 'ros'
[1.560s] DEBUG:colcon.colcon_core.package_identification:Package 'src/realsense-ros/realsense2_camera' with type 'ros.ament_cmake' and name 'realsense2_camera'
[1.561s] Level 1:colcon.colcon_core.package_identification:_identify(src/realsense-ros/realsense2_camera_msgs) by extensions ['ignore', 'ignore_ament_install']
[1.562s] Level 1:colcon.colcon_core.package_identification:_identify(src/realsense-ros/realsense2_camera_msgs) by extension 'ignore'
[1.562s] Level 1:colcon.colcon_core.package_identification:_identify(src/realsense-ros/realsense2_camera_msgs) by extension 'ignore_ament_install'
[1.562s] Level 1:colcon.colcon_core.package_identification:_identify(src/realsense-ros/realsense2_camera_msgs) by extensions ['colcon_pkg']
[1.562s] Level 1:colcon.colcon_core.package_identification:_identify(src/realsense-ros/realsense2_camera_msgs) by extension 'colcon_pkg'
[1.562s] Level 1:colcon.colcon_core.package_identification:_identify(src/realsense-ros/realsense2_camera_msgs) by extensions ['colcon_meta']
[1.562s] Level 1:colcon.colcon_core.package_identification:_identify(src/realsense-ros/realsense2_camera_msgs) by extension 'colcon_meta'
[1.562s] Level 1:colcon.colcon_core.package_identification:_identify(src/realsense-ros/realsense2_camera_msgs) by extensions ['ros']
[1.563s] Level 1:colcon.colcon_core.package_identification:_identify(src/realsense-ros/realsense2_camera_msgs) by extension 'ros'
[1.564s] DEBUG:colcon.colcon_core.package_identification:Package 'src/realsense-ros/realsense2_camera_msgs' with type 'ros.ament_cmake' and name 'realsense2_camera_msgs'
[1.565s] Level 1:colcon.colcon_core.package_identification:_identify(src/realsense-ros/realsense2_description) by extensions ['ignore', 'ignore_ament_install']
[1.565s] Level 1:colcon.colcon_core.package_identification:_identify(src/realsense-ros/realsense2_description) by extension 'ignore'
[1.566s] Level 1:colcon.colcon_core.package_identification:_identify(src/realsense-ros/realsense2_description) by extension 'ignore_ament_install'
[1.566s] Level 1:colcon.colcon_core.package_identification:_identify(src/realsense-ros/realsense2_description) by extensions ['colcon_pkg']
[1.566s] Level 1:colcon.colcon_core.package_identification:_identify(src/realsense-ros/realsense2_description) by extension 'colcon_pkg'
[1.566s] Level 1:colcon.colcon_core.package_identification:_identify(src/realsense-ros/realsense2_description) by extensions ['colcon_meta']
[1.566s] Level 1:colcon.colcon_core.package_identification:_identify(src/realsense-ros/realsense2_description) by extension 'colcon_meta'
[1.566s] Level 1:colcon.colcon_core.package_identification:_identify(src/realsense-ros/realsense2_description) by extensions ['ros']
[1.566s] Level 1:colcon.colcon_core.package_identification:_identify(src/realsense-ros/realsense2_description) by extension 'ros'
[1.568s] DEBUG:colcon.colcon_core.package_identification:Package 'src/realsense-ros/realsense2_description' with type 'ros.ament_cmake' and name 'realsense2_description'
[1.569s] Level 1:colcon.colcon_core.package_identification:_identify(src/realsense-ros/scripts) by extensions ['ignore', 'ignore_ament_install']
[1.569s] Level 1:colcon.colcon_core.package_identification:_identify(src/realsense-ros/scripts) by extension 'ignore'
[1.569s] Level 1:colcon.colcon_core.package_identification:_identify(src/realsense-ros/scripts) by extension 'ignore_ament_install'
[1.569s] Level 1:colcon.colcon_core.package_identification:_identify(src/realsense-ros/scripts) by extensions ['colcon_pkg']
[1.569s] Level 1:colcon.colcon_core.package_identification:_identify(src/realsense-ros/scripts) by extension 'colcon_pkg'
[1.569s] Level 1:colcon.colcon_core.package_identification:_identify(src/realsense-ros/scripts) by extensions ['colcon_meta']
[1.569s] Level 1:colcon.colcon_core.package_identification:_identify(src/realsense-ros/scripts) by extension 'colcon_meta'
[1.570s] Level 1:colcon.colcon_core.package_identification:_identify(src/realsense-ros/scripts) by extensions ['ros']
[1.570s] Level 1:colcon.colcon_core.package_identification:_identify(src/realsense-ros/scripts) by extension 'ros'
[1.570s] Level 1:colcon.colcon_core.package_identification:_identify(src/realsense-ros/scripts) by extensions ['cmake', 'python']
[1.570s] Level 1:colcon.colcon_core.package_identification:_identify(src/realsense-ros/scripts) by extension 'cmake'
[1.570s] Level 1:colcon.colcon_core.package_identification:_identify(src/realsense-ros/scripts) by extension 'python'
[1.570s] Level 1:colcon.colcon_core.package_identification:_identify(src/realsense-ros/scripts) by extensions ['python_setup_py']
[1.570s] Level 1:colcon.colcon_core.package_identification:_identify(src/realsense-ros/scripts) by extension 'python_setup_py'
[1.571s] Level 1:colcon.colcon_core.package_identification:_identify(src/unitree_lidar_ros2) by extensions ['ignore', 'ignore_ament_install']
[1.571s] Level 1:colcon.colcon_core.package_identification:_identify(src/unitree_lidar_ros2) by extension 'ignore'
[1.571s] Level 1:colcon.colcon_core.package_identification:_identify(src/unitree_lidar_ros2) by extension 'ignore_ament_install'
[1.571s] Level 1:colcon.colcon_core.package_identification:_identify(src/unitree_lidar_ros2) by extensions ['colcon_pkg']
[1.571s] Level 1:colcon.colcon_core.package_identification:_identify(src/unitree_lidar_ros2) by extension 'colcon_pkg'
[1.572s] Level 1:colcon.colcon_core.package_identification:_identify(src/unitree_lidar_ros2) by extensions ['colcon_meta']
[1.572s] Level 1:colcon.colcon_core.package_identification:_identify(src/unitree_lidar_ros2) by extension 'colcon_meta'
[1.572s] Level 1:colcon.colcon_core.package_identification:_identify(src/unitree_lidar_ros2) by extensions ['ros']
[1.572s] Level 1:colcon.colcon_core.package_identification:_identify(src/unitree_lidar_ros2) by extension 'ros'
[1.574s] DEBUG:colcon.colcon_core.package_identification:Package 'src/unitree_lidar_ros2' with type 'ros.ament_cmake' and name 'unitree_lidar_ros2'
[1.574s] Level 1:colcon.colcon_core.package_identification:_identify(src/zain_pkg) by extensions ['ignore', 'ignore_ament_install']
[1.574s] Level 1:colcon.colcon_core.package_identification:_identify(src/zain_pkg) by extension 'ignore'
[1.575s] Level 1:colcon.colcon_core.package_identification:_identify(src/zain_pkg) by extension 'ignore_ament_install'
[1.575s] Level 1:colcon.colcon_core.package_identification:_identify(src/zain_pkg) by extensions ['colcon_pkg']
[1.575s] Level 1:colcon.colcon_core.package_identification:_identify(src/zain_pkg) by extension 'colcon_pkg'
[1.575s] Level 1:colcon.colcon_core.package_identification:_identify(src/zain_pkg) by extensions ['colcon_meta']
[1.575s] Level 1:colcon.colcon_core.package_identification:_identify(src/zain_pkg) by extension 'colcon_meta'
[1.575s] Level 1:colcon.colcon_core.package_identification:_identify(src/zain_pkg) by extensions ['ros']
[1.575s] Level 1:colcon.colcon_core.package_identification:_identify(src/zain_pkg) by extension 'ros'
[1.577s] DEBUG:colcon.colcon_core.package_identification:Package 'src/zain_pkg' with type 'ros.ament_cmake' and name 'zain_pkg'
[1.577s] Level 1:colcon.colcon_core.package_discovery:discover_packages(recursive) using defaults
[1.577s] Level 1:colcon.colcon_core.package_discovery:discover_packages(ignore) discover
[1.577s] Level 1:colcon.colcon_core.package_discovery:discover_packages(ignore) using defaults
[1.577s] Level 1:colcon.colcon_core.package_discovery:discover_packages(path) discover
[1.577s] Level 1:colcon.colcon_core.package_discovery:discover_packages(path) using defaults
[1.648s] INFO:colcon.colcon_core.package_selection:Skipping not selected package 'azure_kinect_ros2_driver' in 'src/Azure_Kinect_ROS2_Driver'
[1.648s] INFO:colcon.colcon_core.package_selection:Skipping not selected package 'cam_pub' in 'src/cam_pub'
[1.648s] INFO:colcon.colcon_core.package_selection:Skipping not selected package 'hb_robot_moveit_config' in 'src/hb_robot_moveit_config'
[1.648s] INFO:colcon.colcon_core.package_selection:Skipping not selected package 'realsense2_camera_msgs' in 'src/realsense-ros/realsense2_camera_msgs'
[1.649s] INFO:colcon.colcon_core.package_selection:Skipping not selected package 'unitree_lidar_ros2' in 'src/unitree_lidar_ros2'
[1.649s] INFO:colcon.colcon_core.package_selection:Skipping not selected package 'zain_pkg' in 'src/zain_pkg'
[1.649s] INFO:colcon.colcon_core.package_selection:Skipping not selected package 'realsense2_camera' in 'src/realsense-ros/realsense2_camera'
[1.649s] INFO:colcon.colcon_core.package_selection:Skipping not selected package 'realsense2_description' in 'src/realsense-ros/realsense2_description'
[1.650s] Level 1:colcon.colcon_core.package_discovery:discover_packages(prefix_path) check parameters
[1.651s] Level 1:colcon.colcon_core.package_discovery:discover_packages(prefix_path) discover
[1.664s] DEBUG:colcon.colcon_installed_package_information.package_discovery:Found 7 installed packages in /home/zk/ros2_ws/install
[1.669s] DEBUG:colcon.colcon_installed_package_information.package_discovery:Found 354 installed packages in /opt/ros/humble
[1.673s] Level 1:colcon.colcon_core.package_discovery:discover_packages(prefix_path) using defaults
[1.992s] Level 5:colcon.colcon_core.verb:set package 'hb_robot_description' build argument 'cmake_args' from command line to 'None'
[1.993s] Level 5:colcon.colcon_core.verb:set package 'hb_robot_description' build argument 'cmake_target' from command line to 'None'
[1.993s] Level 5:colcon.colcon_core.verb:set package 'hb_robot_description' build argument 'cmake_target_skip_unavailable' from command line to 'False'
[1.993s] Level 5:colcon.colcon_core.verb:set package 'hb_robot_description' build argument 'cmake_clean_cache' from command line to 'False'
[1.993s] Level 5:colcon.colcon_core.verb:set package 'hb_robot_description' build argument 'cmake_clean_first' from command line to 'False'
[1.993s] Level 5:colcon.colcon_core.verb:set package 'hb_robot_description' build argument 'cmake_force_configure' from command line to 'False'
[1.993s] Level 5:colcon.colcon_core.verb:set package 'hb_robot_description' build argument 'ament_cmake_args' from command line to 'None'
[1.993s] Level 5:colcon.colcon_core.verb:set package 'hb_robot_description' build argument 'catkin_cmake_args' from command line to 'None'
[1.993s] Level 5:colcon.colcon_core.verb:set package 'hb_robot_description' build argument 'catkin_skip_building_tests' from command line to 'False'
[1.993s] DEBUG:colcon.colcon_core.verb:Building package 'hb_robot_description' with the following arguments: {'ament_cmake_args': None, 'build_base': '/home/zk/ros2_ws/build/hb_robot_description', 'catkin_cmake_args': None, 'catkin_skip_building_tests': False, 'cmake_args': None, 'cmake_clean_cache': False, 'cmake_clean_first': False, 'cmake_force_configure': False, 'cmake_target': None, 'cmake_target_skip_unavailable': False, 'install_base': '/home/zk/ros2_ws/install/hb_robot_description', 'merge_install': False, 'path': '/home/zk/ros2_ws/src/hb_robot_description', 'symlink_install': False, 'test_result_base': None}
[1.994s] INFO:colcon.colcon_core.executor:Executing jobs using 'parallel' executor
[1.996s] DEBUG:colcon.colcon_parallel_executor.executor.parallel:run_until_complete
[1.996s] INFO:colcon.colcon_ros.task.ament_cmake.build:Building ROS package in '/home/zk/ros2_ws/src/hb_robot_description' with build type 'ament_cmake'
[1.997s] INFO:colcon.colcon_cmake.task.cmake.build:Building CMake package in '/home/zk/ros2_ws/src/hb_robot_description'
[2.010s] INFO:colcon.colcon_core.plugin_system:Skipping extension 'colcon_core.shell.bat': Not used on non-Windows systems
[2.011s] INFO:colcon.colcon_core.shell:Skip shell extension 'powershell' for command environment: Not usable outside of PowerShell
[2.011s] DEBUG:colcon.colcon_core.shell:Skip shell extension 'dsv' for command environment
[2.034s] DEBUG:colcon.colcon_core.event_handler.log_command:Invoking command in '/home/zk/ros2_ws/build/hb_robot_description': CMAKE_PREFIX_PATH=${CMAKE_PREFIX_PATH}:/opt/ros/humble /usr/bin/cmake /home/zk/ros2_ws/src/hb_robot_description -DCMAKE_INSTALL_PREFIX=/home/zk/ros2_ws/install/hb_robot_description
[4.648s] DEBUG:colcon.colcon_core.event_handler.log_command:Invoked command in '/home/zk/ros2_ws/build/hb_robot_description' returned '0': CMAKE_PREFIX_PATH=${CMAKE_PREFIX_PATH}:/opt/ros/humble /usr/bin/cmake /home/zk/ros2_ws/src/hb_robot_description -DCMAKE_INSTALL_PREFIX=/home/zk/ros2_ws/install/hb_robot_description
[4.655s] DEBUG:colcon.colcon_core.event_handler.log_command:Invoking command in '/home/zk/ros2_ws/build/hb_robot_description': CMAKE_PREFIX_PATH=${CMAKE_PREFIX_PATH}:/opt/ros/humble /usr/bin/cmake --build /home/zk/ros2_ws/build/hb_robot_description -- -j6 -l6
[4.732s] DEBUG:colcon.colcon_core.event_handler.log_command:Invoked command in '/home/zk/ros2_ws/build/hb_robot_description' returned '0': CMAKE_PREFIX_PATH=${CMAKE_PREFIX_PATH}:/opt/ros/humble /usr/bin/cmake --build /home/zk/ros2_ws/build/hb_robot_description -- -j6 -l6
[4.756s] DEBUG:colcon.colcon_core.event_handler.log_command:Invoking command in '/home/zk/ros2_ws/build/hb_robot_description': CMAKE_PREFIX_PATH=${CMAKE_PREFIX_PATH}:/opt/ros/humble /usr/bin/cmake --install /home/zk/ros2_ws/build/hb_robot_description
[4.781s] Level 1:colcon.colcon_core.environment:create_environment_scripts_only(hb_robot_description)
[4.782s] DEBUG:colcon.colcon_core.event_handler.log_command:Invoked command in '/home/zk/ros2_ws/build/hb_robot_description' returned '0': CMAKE_PREFIX_PATH=${CMAKE_PREFIX_PATH}:/opt/ros/humble /usr/bin/cmake --install /home/zk/ros2_ws/build/hb_robot_description
[4.803s] Level 1:colcon.colcon_core.environment:checking '/home/zk/ros2_ws/install/hb_robot_description' for CMake module files
[4.805s] Level 1:colcon.colcon_core.environment:checking '/home/zk/ros2_ws/install/hb_robot_description' for CMake config files
[4.806s] Level 1:colcon.colcon_core.shell:create_environment_hook('hb_robot_description', 'cmake_prefix_path')
[4.807s] INFO:colcon.colcon_core.shell:Creating environment hook '/home/zk/ros2_ws/install/hb_robot_description/share/hb_robot_description/hook/cmake_prefix_path.ps1'
[4.810s] INFO:colcon.colcon_core.shell:Creating environment descriptor '/home/zk/ros2_ws/install/hb_robot_description/share/hb_robot_description/hook/cmake_prefix_path.dsv'
[4.813s] INFO:colcon.colcon_core.shell:Creating environment hook '/home/zk/ros2_ws/install/hb_robot_description/share/hb_robot_description/hook/cmake_prefix_path.sh'
[4.817s] Level 1:colcon.colcon_core.environment:checking '/home/zk/ros2_ws/install/hb_robot_description/bin'
[4.818s] Level 1:colcon.colcon_core.environment:checking '/home/zk/ros2_ws/install/hb_robot_description/lib/pkgconfig/hb_robot_description.pc'
[4.818s] Level 1:colcon.colcon_core.environment:checking '/home/zk/ros2_ws/install/hb_robot_description/lib/python3.10/site-packages'
[4.819s] Level 1:colcon.colcon_core.environment:checking '/home/zk/ros2_ws/install/hb_robot_description/bin'
[4.821s] INFO:colcon.colcon_core.shell:Creating package script '/home/zk/ros2_ws/install/hb_robot_description/share/hb_robot_description/package.ps1'
[4.824s] INFO:colcon.colcon_core.shell:Creating package descriptor '/home/zk/ros2_ws/install/hb_robot_description/share/hb_robot_description/package.dsv'
[4.828s] INFO:colcon.colcon_core.shell:Creating package script '/home/zk/ros2_ws/install/hb_robot_description/share/hb_robot_description/package.sh'
[4.836s] INFO:colcon.colcon_core.shell:Creating package script '/home/zk/ros2_ws/install/hb_robot_description/share/hb_robot_description/package.bash'
[4.840s] INFO:colcon.colcon_core.shell:Creating package script '/home/zk/ros2_ws/install/hb_robot_description/share/hb_robot_description/package.zsh'
[4.842s] Level 1:colcon.colcon_core.environment:create_file_with_runtime_dependencies(/home/zk/ros2_ws/install/hb_robot_description/share/colcon-core/packages/hb_robot_description)
[4.844s] Level 1:colcon.colcon_core.environment:create_environment_scripts_only(hb_robot_description)
[4.845s] Level 1:colcon.colcon_core.environment:checking '/home/zk/ros2_ws/install/hb_robot_description' for CMake module files
[4.846s] Level 1:colcon.colcon_core.environment:checking '/home/zk/ros2_ws/install/hb_robot_description' for CMake config files
[4.847s] Level 1:colcon.colcon_core.shell:create_environment_hook('hb_robot_description', 'cmake_prefix_path')
[4.847s] INFO:colcon.colcon_core.shell:Creating environment hook '/home/zk/ros2_ws/install/hb_robot_description/share/hb_robot_description/hook/cmake_prefix_path.ps1'
[4.849s] INFO:colcon.colcon_core.shell:Creating environment descriptor '/home/zk/ros2_ws/install/hb_robot_description/share/hb_robot_description/hook/cmake_prefix_path.dsv'
[4.849s] INFO:colcon.colcon_core.shell:Creating environment hook '/home/zk/ros2_ws/install/hb_robot_description/share/hb_robot_description/hook/cmake_prefix_path.sh'
[4.851s] Level 1:colcon.colcon_core.environment:checking '/home/zk/ros2_ws/install/hb_robot_description/bin'
[4.851s] Level 1:colcon.colcon_core.environment:checking '/home/zk/ros2_ws/install/hb_robot_description/lib/pkgconfig/hb_robot_description.pc'
[4.852s] Level 1:colcon.colcon_core.environment:checking '/home/zk/ros2_ws/install/hb_robot_description/lib/python3.10/site-packages'
[4.852s] Level 1:colcon.colcon_core.environment:checking '/home/zk/ros2_ws/install/hb_robot_description/bin'
[4.853s] INFO:colcon.colcon_core.shell:Creating package script '/home/zk/ros2_ws/install/hb_robot_description/share/hb_robot_description/package.ps1'
[4.854s] INFO:colcon.colcon_core.shell:Creating package descriptor '/home/zk/ros2_ws/install/hb_robot_description/share/hb_robot_description/package.dsv'
[4.855s] INFO:colcon.colcon_core.shell:Creating package script '/home/zk/ros2_ws/install/hb_robot_description/share/hb_robot_description/package.sh'
[4.856s] INFO:colcon.colcon_core.shell:Creating package script '/home/zk/ros2_ws/install/hb_robot_description/share/hb_robot_description/package.bash'
[4.858s] INFO:colcon.colcon_core.shell:Creating package script '/home/zk/ros2_ws/install/hb_robot_description/share/hb_robot_description/package.zsh'
[4.859s] Level 1:colcon.colcon_core.environment:create_file_with_runtime_dependencies(/home/zk/ros2_ws/install/hb_robot_description/share/colcon-core/packages/hb_robot_description)
[4.859s] DEBUG:colcon.colcon_parallel_executor.executor.parallel:closing loop
[4.860s] DEBUG:colcon.colcon_parallel_executor.executor.parallel:loop closed
[4.860s] DEBUG:colcon.colcon_parallel_executor.executor.parallel:run_until_complete finished with '0'
[4.861s] DEBUG:colcon.colcon_core.event_reactor:joining thread
[4.909s] INFO:colcon.colcon_core.plugin_system:Skipping extension 'colcon_notification.desktop_notification.terminal_notifier': Not used on non-Darwin systems
[4.910s] INFO:colcon.colcon_core.plugin_system:Skipping extension 'colcon_notification.desktop_notification.win32': Not used on non-Windows systems
[4.910s] INFO:colcon.colcon_notification.desktop_notification:Sending desktop notification using 'notify2'
[4.967s] DEBUG:colcon.colcon_core.event_reactor:joined thread
[4.968s] INFO:colcon.colcon_core.shell:Creating prefix script '/home/zk/ros2_ws/install/local_setup.ps1'
[4.973s] INFO:colcon.colcon_core.shell:Creating prefix util module '/home/zk/ros2_ws/install/_local_setup_util_ps1.py'
[4.992s] INFO:colcon.colcon_core.shell:Creating prefix chain script '/home/zk/ros2_ws/install/setup.ps1'
[5.000s] INFO:colcon.colcon_core.shell:Creating prefix script '/home/zk/ros2_ws/install/local_setup.sh'
[5.007s] INFO:colcon.colcon_core.shell:Creating prefix util module '/home/zk/ros2_ws/install/_local_setup_util_sh.py'
[5.009s] INFO:colcon.colcon_core.shell:Creating prefix chain script '/home/zk/ros2_ws/install/setup.sh'
[5.025s] INFO:colcon.colcon_core.shell:Creating prefix script '/home/zk/ros2_ws/install/local_setup.bash'
[5.035s] INFO:colcon.colcon_core.shell:Creating prefix chain script '/home/zk/ros2_ws/install/setup.bash'
[5.055s] INFO:colcon.colcon_core.shell:Creating prefix script '/home/zk/ros2_ws/install/local_setup.zsh'
[5.062s] INFO:colcon.colcon_core.shell:Creating prefix chain script '/home/zk/ros2_ws/install/setup.zsh'
