[0.209s] DEBUG:colcon:Command line arguments: ['/usr/bin/colcon', 'build', '--packages-select', 'hb_robot_description']
[0.209s] DEBUG:colcon:Parsed command line arguments: Namespace(log_base=None, log_level=None, verb_name='build', build_base='build', install_base='install', merge_install=False, symlink_install=False, test_result_base=None, continue_on_error=False, executor='parallel', parallel_workers=6, event_handlers=None, ignore_user_meta=False, metas=['./colcon.meta'], base_paths=['.'], packages_ignore=None, packages_ignore_regex=None, paths=None, packages_up_to=None, packages_up_to_regex=None, packages_above=None, packages_above_and_dependencies=None, packages_above_depth=None, packages_select_by_dep=None, packages_skip_by_dep=None, packages_skip_up_to=None, packages_select_build_failed=False, packages_skip_build_finished=False, packages_select_test_failures=False, packages_skip_test_passed=False, packages_select=['hb_robot_description'], packages_skip=None, packages_select_regex=None, packages_skip_regex=None, packages_start=None, packages_end=None, allow_overriding=[], cmake_args=None, cmake_target=None, cmake_target_skip_unavailable=False, cmake_clean_cache=False, cmake_clean_first=False, cmake_force_configure=False, ament_cmake_args=None, catkin_cmake_args=None, catkin_skip_building_tests=False, mixin_files=None, mixin=None, verb_parser=<colcon_mixin.mixin.mixin_argument.MixinArgumentDecorator object at 0xffffacd62ce0>, verb_extension=<colcon_core.verb.build.BuildVerb object at 0xffffacd62830>, main=<bound method BuildVerb.main of <colcon_core.verb.build.BuildVerb object at 0xffffacd62830>>, mixin_verb=('build',))
[0.543s] Level 1:colcon.colcon_core.package_discovery:discover_packages(colcon_meta) check parameters
[0.547s] Level 1:colcon.colcon_core.package_discovery:discover_packages(recursive) check parameters
[0.547s] Level 1:colcon.colcon_core.package_discovery:discover_packages(ignore) check parameters
[0.547s] Level 1:colcon.colcon_core.package_discovery:discover_packages(path) check parameters
[0.548s] Level 1:colcon.colcon_core.package_discovery:discover_packages(colcon_meta) discover
[0.548s] Level 1:colcon.colcon_core.package_discovery:discover_packages(recursive) discover
[0.548s] INFO:colcon.colcon_core.package_discovery:Crawling recursively for packages in '/home/zk/ros2_ws'
[0.548s] Level 1:colcon.colcon_core.package_identification:_identify(.) by extensions ['ignore', 'ignore_ament_install']
[0.548s] Level 1:colcon.colcon_core.package_identification:_identify(.) by extension 'ignore'
[0.548s] Level 1:colcon.colcon_core.package_identification:_identify(.) by extension 'ignore_ament_install'
[0.549s] Level 1:colcon.colcon_core.package_identification:_identify(.) by extensions ['colcon_pkg']
[0.549s] Level 1:colcon.colcon_core.package_identification:_identify(.) by extension 'colcon_pkg'
[0.549s] Level 1:colcon.colcon_core.package_identification:_identify(.) by extensions ['colcon_meta']
[0.549s] Level 1:colcon.colcon_core.package_identification:_identify(.) by extension 'colcon_meta'
[0.549s] Level 1:colcon.colcon_core.package_identification:_identify(.) by extensions ['ros']
[0.549s] Level 1:colcon.colcon_core.package_identification:_identify(.) by extension 'ros'
[0.569s] Level 1:colcon.colcon_core.package_identification:_identify(.) by extensions ['cmake', 'python']
[0.569s] Level 1:colcon.colcon_core.package_identification:_identify(.) by extension 'cmake'
[0.569s] Level 1:colcon.colcon_core.package_identification:_identify(.) by extension 'python'
[0.569s] Level 1:colcon.colcon_core.package_identification:_identify(.) by extensions ['python_setup_py']
[0.569s] Level 1:colcon.colcon_core.package_identification:_identify(.) by extension 'python_setup_py'
[0.570s] Level 1:colcon.colcon_core.package_identification:_identify(build) by extensions ['ignore', 'ignore_ament_install']
[0.570s] Level 1:colcon.colcon_core.package_identification:_identify(build) by extension 'ignore'
[0.570s] Level 1:colcon.colcon_core.package_identification:_identify(build) ignored
[0.570s] Level 1:colcon.colcon_core.package_identification:_identify(install) by extensions ['ignore', 'ignore_ament_install']
[0.570s] Level 1:colcon.colcon_core.package_identification:_identify(install) by extension 'ignore'
[0.570s] Level 1:colcon.colcon_core.package_identification:_identify(install) ignored
[0.571s] Level 1:colcon.colcon_core.package_identification:_identify(log) by extensions ['ignore', 'ignore_ament_install']
[0.571s] Level 1:colcon.colcon_core.package_identification:_identify(log) by extension 'ignore'
[0.571s] Level 1:colcon.colcon_core.package_identification:_identify(log) ignored
[0.571s] Level 1:colcon.colcon_core.package_identification:_identify(src) by extensions ['ignore', 'ignore_ament_install']
[0.571s] Level 1:colcon.colcon_core.package_identification:_identify(src) by extension 'ignore'
[0.571s] Level 1:colcon.colcon_core.package_identification:_identify(src) by extension 'ignore_ament_install'
[0.571s] Level 1:colcon.colcon_core.package_identification:_identify(src) by extensions ['colcon_pkg']
[0.572s] Level 1:colcon.colcon_core.package_identification:_identify(src) by extension 'colcon_pkg'
[0.572s] Level 1:colcon.colcon_core.package_identification:_identify(src) by extensions ['colcon_meta']
[0.572s] Level 1:colcon.colcon_core.package_identification:_identify(src) by extension 'colcon_meta'
[0.572s] Level 1:colcon.colcon_core.package_identification:_identify(src) by extensions ['ros']
[0.572s] Level 1:colcon.colcon_core.package_identification:_identify(src) by extension 'ros'
[0.572s] Level 1:colcon.colcon_core.package_identification:_identify(src) by extensions ['cmake', 'python']
[0.572s] Level 1:colcon.colcon_core.package_identification:_identify(src) by extension 'cmake'
[0.572s] Level 1:colcon.colcon_core.package_identification:_identify(src) by extension 'python'
[0.572s] Level 1:colcon.colcon_core.package_identification:_identify(src) by extensions ['python_setup_py']
[0.572s] Level 1:colcon.colcon_core.package_identification:_identify(src) by extension 'python_setup_py'
[0.573s] Level 1:colcon.colcon_core.package_identification:_identify(src/Azure_Kinect_ROS2_Driver) by extensions ['ignore', 'ignore_ament_install']
[0.573s] Level 1:colcon.colcon_core.package_identification:_identify(src/Azure_Kinect_ROS2_Driver) by extension 'ignore'
[0.573s] Level 1:colcon.colcon_core.package_identification:_identify(src/Azure_Kinect_ROS2_Driver) by extension 'ignore_ament_install'
[0.573s] Level 1:colcon.colcon_core.package_identification:_identify(src/Azure_Kinect_ROS2_Driver) by extensions ['colcon_pkg']
[0.573s] Level 1:colcon.colcon_core.package_identification:_identify(src/Azure_Kinect_ROS2_Driver) by extension 'colcon_pkg'
[0.573s] Level 1:colcon.colcon_core.package_identification:_identify(src/Azure_Kinect_ROS2_Driver) by extensions ['colcon_meta']
[0.573s] Level 1:colcon.colcon_core.package_identification:_identify(src/Azure_Kinect_ROS2_Driver) by extension 'colcon_meta'
[0.573s] Level 1:colcon.colcon_core.package_identification:_identify(src/Azure_Kinect_ROS2_Driver) by extensions ['ros']
[0.573s] Level 1:colcon.colcon_core.package_identification:_identify(src/Azure_Kinect_ROS2_Driver) by extension 'ros'
[0.579s] DEBUG:colcon.colcon_core.package_identification:Package 'src/Azure_Kinect_ROS2_Driver' with type 'ros.ament_cmake' and name 'azure_kinect_ros2_driver'
[0.579s] Level 1:colcon.colcon_core.package_identification:_identify(src/cam_pub) by extensions ['ignore', 'ignore_ament_install']
[0.579s] Level 1:colcon.colcon_core.package_identification:_identify(src/cam_pub) by extension 'ignore'
[0.580s] Level 1:colcon.colcon_core.package_identification:_identify(src/cam_pub) by extension 'ignore_ament_install'
[0.580s] Level 1:colcon.colcon_core.package_identification:_identify(src/cam_pub) by extensions ['colcon_pkg']
[0.580s] Level 1:colcon.colcon_core.package_identification:_identify(src/cam_pub) by extension 'colcon_pkg'
[0.580s] Level 1:colcon.colcon_core.package_identification:_identify(src/cam_pub) by extensions ['colcon_meta']
[0.580s] Level 1:colcon.colcon_core.package_identification:_identify(src/cam_pub) by extension 'colcon_meta'
[0.580s] Level 1:colcon.colcon_core.package_identification:_identify(src/cam_pub) by extensions ['ros']
[0.580s] Level 1:colcon.colcon_core.package_identification:_identify(src/cam_pub) by extension 'ros'
[0.582s] DEBUG:colcon.colcon_core.package_identification:Package 'src/cam_pub' with type 'ros.ament_cmake' and name 'cam_pub'
[0.582s] Level 1:colcon.colcon_core.package_identification:_identify(src/hb_robot_description) by extensions ['ignore', 'ignore_ament_install']
[0.582s] Level 1:colcon.colcon_core.package_identification:_identify(src/hb_robot_description) by extension 'ignore'
[0.582s] Level 1:colcon.colcon_core.package_identification:_identify(src/hb_robot_description) by extension 'ignore_ament_install'
[0.582s] Level 1:colcon.colcon_core.package_identification:_identify(src/hb_robot_description) by extensions ['colcon_pkg']
[0.582s] Level 1:colcon.colcon_core.package_identification:_identify(src/hb_robot_description) by extension 'colcon_pkg'
[0.583s] Level 1:colcon.colcon_core.package_identification:_identify(src/hb_robot_description) by extensions ['colcon_meta']
[0.583s] Level 1:colcon.colcon_core.package_identification:_identify(src/hb_robot_description) by extension 'colcon_meta'
[0.583s] Level 1:colcon.colcon_core.package_identification:_identify(src/hb_robot_description) by extensions ['ros']
[0.583s] Level 1:colcon.colcon_core.package_identification:_identify(src/hb_robot_description) by extension 'ros'
[0.584s] DEBUG:colcon.colcon_core.package_identification:Package 'src/hb_robot_description' with type 'ros.ament_cmake' and name 'hb_robot_description'
[0.584s] Level 1:colcon.colcon_core.package_identification:_identify(src/hb_robot_moveit_config) by extensions ['ignore', 'ignore_ament_install']
[0.584s] Level 1:colcon.colcon_core.package_identification:_identify(src/hb_robot_moveit_config) by extension 'ignore'
[0.584s] Level 1:colcon.colcon_core.package_identification:_identify(src/hb_robot_moveit_config) by extension 'ignore_ament_install'
[0.584s] Level 1:colcon.colcon_core.package_identification:_identify(src/hb_robot_moveit_config) by extensions ['colcon_pkg']
[0.584s] Level 1:colcon.colcon_core.package_identification:_identify(src/hb_robot_moveit_config) by extension 'colcon_pkg'
[0.584s] Level 1:colcon.colcon_core.package_identification:_identify(src/hb_robot_moveit_config) by extensions ['colcon_meta']
[0.584s] Level 1:colcon.colcon_core.package_identification:_identify(src/hb_robot_moveit_config) by extension 'colcon_meta'
[0.585s] Level 1:colcon.colcon_core.package_identification:_identify(src/hb_robot_moveit_config) by extensions ['ros']
[0.585s] Level 1:colcon.colcon_core.package_identification:_identify(src/hb_robot_moveit_config) by extension 'ros'
[0.586s] DEBUG:colcon.colcon_core.package_identification:Package 'src/hb_robot_moveit_config' with type 'ros.ament_cmake' and name 'hb_robot_moveit_config'
[0.586s] Level 1:colcon.colcon_core.package_identification:_identify(src/realsense-ros) by extensions ['ignore', 'ignore_ament_install']
[0.587s] Level 1:colcon.colcon_core.package_identification:_identify(src/realsense-ros) by extension 'ignore'
[0.587s] Level 1:colcon.colcon_core.package_identification:_identify(src/realsense-ros) by extension 'ignore_ament_install'
[0.587s] Level 1:colcon.colcon_core.package_identification:_identify(src/realsense-ros) by extensions ['colcon_pkg']
[0.587s] Level 1:colcon.colcon_core.package_identification:_identify(src/realsense-ros) by extension 'colcon_pkg'
[0.587s] Level 1:colcon.colcon_core.package_identification:_identify(src/realsense-ros) by extensions ['colcon_meta']
[0.587s] Level 1:colcon.colcon_core.package_identification:_identify(src/realsense-ros) by extension 'colcon_meta'
[0.587s] Level 1:colcon.colcon_core.package_identification:_identify(src/realsense-ros) by extensions ['ros']
[0.587s] Level 1:colcon.colcon_core.package_identification:_identify(src/realsense-ros) by extension 'ros'
[0.587s] Level 1:colcon.colcon_core.package_identification:_identify(src/realsense-ros) by extensions ['cmake', 'python']
[0.587s] Level 1:colcon.colcon_core.package_identification:_identify(src/realsense-ros) by extension 'cmake'
[0.588s] Level 1:colcon.colcon_core.package_identification:_identify(src/realsense-ros) by extension 'python'
[0.588s] Level 1:colcon.colcon_core.package_identification:_identify(src/realsense-ros) by extensions ['python_setup_py']
[0.588s] Level 1:colcon.colcon_core.package_identification:_identify(src/realsense-ros) by extension 'python_setup_py'
[0.588s] Level 1:colcon.colcon_core.package_identification:_identify(src/realsense-ros/realsense2_camera) by extensions ['ignore', 'ignore_ament_install']
[0.588s] Level 1:colcon.colcon_core.package_identification:_identify(src/realsense-ros/realsense2_camera) by extension 'ignore'
[0.588s] Level 1:colcon.colcon_core.package_identification:_identify(src/realsense-ros/realsense2_camera) by extension 'ignore_ament_install'
[0.588s] Level 1:colcon.colcon_core.package_identification:_identify(src/realsense-ros/realsense2_camera) by extensions ['colcon_pkg']
[0.588s] Level 1:colcon.colcon_core.package_identification:_identify(src/realsense-ros/realsense2_camera) by extension 'colcon_pkg'
[0.588s] Level 1:colcon.colcon_core.package_identification:_identify(src/realsense-ros/realsense2_camera) by extensions ['colcon_meta']
[0.588s] Level 1:colcon.colcon_core.package_identification:_identify(src/realsense-ros/realsense2_camera) by extension 'colcon_meta'
[0.589s] Level 1:colcon.colcon_core.package_identification:_identify(src/realsense-ros/realsense2_camera) by extensions ['ros']
[0.589s] Level 1:colcon.colcon_core.package_identification:_identify(src/realsense-ros/realsense2_camera) by extension 'ros'
[0.626s] DEBUG:colcon.colcon_core.package_identification:Package 'src/realsense-ros/realsense2_camera' with type 'ros.ament_cmake' and name 'realsense2_camera'
[0.627s] Level 1:colcon.colcon_core.package_identification:_identify(src/realsense-ros/realsense2_camera_msgs) by extensions ['ignore', 'ignore_ament_install']
[0.627s] Level 1:colcon.colcon_core.package_identification:_identify(src/realsense-ros/realsense2_camera_msgs) by extension 'ignore'
[0.627s] Level 1:colcon.colcon_core.package_identification:_identify(src/realsense-ros/realsense2_camera_msgs) by extension 'ignore_ament_install'
[0.627s] Level 1:colcon.colcon_core.package_identification:_identify(src/realsense-ros/realsense2_camera_msgs) by extensions ['colcon_pkg']
[0.628s] Level 1:colcon.colcon_core.package_identification:_identify(src/realsense-ros/realsense2_camera_msgs) by extension 'colcon_pkg'
[0.628s] Level 1:colcon.colcon_core.package_identification:_identify(src/realsense-ros/realsense2_camera_msgs) by extensions ['colcon_meta']
[0.628s] Level 1:colcon.colcon_core.package_identification:_identify(src/realsense-ros/realsense2_camera_msgs) by extension 'colcon_meta'
[0.628s] Level 1:colcon.colcon_core.package_identification:_identify(src/realsense-ros/realsense2_camera_msgs) by extensions ['ros']
[0.628s] Level 1:colcon.colcon_core.package_identification:_identify(src/realsense-ros/realsense2_camera_msgs) by extension 'ros'
[0.629s] DEBUG:colcon.colcon_core.package_identification:Package 'src/realsense-ros/realsense2_camera_msgs' with type 'ros.ament_cmake' and name 'realsense2_camera_msgs'
[0.630s] Level 1:colcon.colcon_core.package_identification:_identify(src/realsense-ros/realsense2_description) by extensions ['ignore', 'ignore_ament_install']
[0.630s] Level 1:colcon.colcon_core.package_identification:_identify(src/realsense-ros/realsense2_description) by extension 'ignore'
[0.630s] Level 1:colcon.colcon_core.package_identification:_identify(src/realsense-ros/realsense2_description) by extension 'ignore_ament_install'
[0.630s] Level 1:colcon.colcon_core.package_identification:_identify(src/realsense-ros/realsense2_description) by extensions ['colcon_pkg']
[0.630s] Level 1:colcon.colcon_core.package_identification:_identify(src/realsense-ros/realsense2_description) by extension 'colcon_pkg'
[0.630s] Level 1:colcon.colcon_core.package_identification:_identify(src/realsense-ros/realsense2_description) by extensions ['colcon_meta']
[0.630s] Level 1:colcon.colcon_core.package_identification:_identify(src/realsense-ros/realsense2_description) by extension 'colcon_meta'
[0.631s] Level 1:colcon.colcon_core.package_identification:_identify(src/realsense-ros/realsense2_description) by extensions ['ros']
[0.631s] Level 1:colcon.colcon_core.package_identification:_identify(src/realsense-ros/realsense2_description) by extension 'ros'
[0.632s] DEBUG:colcon.colcon_core.package_identification:Package 'src/realsense-ros/realsense2_description' with type 'ros.ament_cmake' and name 'realsense2_description'
[0.633s] Level 1:colcon.colcon_core.package_identification:_identify(src/realsense-ros/scripts) by extensions ['ignore', 'ignore_ament_install']
[0.633s] Level 1:colcon.colcon_core.package_identification:_identify(src/realsense-ros/scripts) by extension 'ignore'
[0.633s] Level 1:colcon.colcon_core.package_identification:_identify(src/realsense-ros/scripts) by extension 'ignore_ament_install'
[0.633s] Level 1:colcon.colcon_core.package_identification:_identify(src/realsense-ros/scripts) by extensions ['colcon_pkg']
[0.633s] Level 1:colcon.colcon_core.package_identification:_identify(src/realsense-ros/scripts) by extension 'colcon_pkg'
[0.633s] Level 1:colcon.colcon_core.package_identification:_identify(src/realsense-ros/scripts) by extensions ['colcon_meta']
[0.633s] Level 1:colcon.colcon_core.package_identification:_identify(src/realsense-ros/scripts) by extension 'colcon_meta'
[0.634s] Level 1:colcon.colcon_core.package_identification:_identify(src/realsense-ros/scripts) by extensions ['ros']
[0.634s] Level 1:colcon.colcon_core.package_identification:_identify(src/realsense-ros/scripts) by extension 'ros'
[0.634s] Level 1:colcon.colcon_core.package_identification:_identify(src/realsense-ros/scripts) by extensions ['cmake', 'python']
[0.634s] Level 1:colcon.colcon_core.package_identification:_identify(src/realsense-ros/scripts) by extension 'cmake'
[0.634s] Level 1:colcon.colcon_core.package_identification:_identify(src/realsense-ros/scripts) by extension 'python'
[0.634s] Level 1:colcon.colcon_core.package_identification:_identify(src/realsense-ros/scripts) by extensions ['python_setup_py']
[0.634s] Level 1:colcon.colcon_core.package_identification:_identify(src/realsense-ros/scripts) by extension 'python_setup_py'
[0.634s] Level 1:colcon.colcon_core.package_identification:_identify(src/unitree_lidar_ros2) by extensions ['ignore', 'ignore_ament_install']
[0.635s] Level 1:colcon.colcon_core.package_identification:_identify(src/unitree_lidar_ros2) by extension 'ignore'
[0.635s] Level 1:colcon.colcon_core.package_identification:_identify(src/unitree_lidar_ros2) by extension 'ignore_ament_install'
[0.635s] Level 1:colcon.colcon_core.package_identification:_identify(src/unitree_lidar_ros2) by extensions ['colcon_pkg']
[0.635s] Level 1:colcon.colcon_core.package_identification:_identify(src/unitree_lidar_ros2) by extension 'colcon_pkg'
[0.635s] Level 1:colcon.colcon_core.package_identification:_identify(src/unitree_lidar_ros2) by extensions ['colcon_meta']
[0.635s] Level 1:colcon.colcon_core.package_identification:_identify(src/unitree_lidar_ros2) by extension 'colcon_meta'
[0.635s] Level 1:colcon.colcon_core.package_identification:_identify(src/unitree_lidar_ros2) by extensions ['ros']
[0.635s] Level 1:colcon.colcon_core.package_identification:_identify(src/unitree_lidar_ros2) by extension 'ros'
[0.637s] DEBUG:colcon.colcon_core.package_identification:Package 'src/unitree_lidar_ros2' with type 'ros.ament_cmake' and name 'unitree_lidar_ros2'
[0.637s] Level 1:colcon.colcon_core.package_identification:_identify(src/zain_pkg) by extensions ['ignore', 'ignore_ament_install']
[0.637s] Level 1:colcon.colcon_core.package_identification:_identify(src/zain_pkg) by extension 'ignore'
[0.638s] Level 1:colcon.colcon_core.package_identification:_identify(src/zain_pkg) by extension 'ignore_ament_install'
[0.638s] Level 1:colcon.colcon_core.package_identification:_identify(src/zain_pkg) by extensions ['colcon_pkg']
[0.638s] Level 1:colcon.colcon_core.package_identification:_identify(src/zain_pkg) by extension 'colcon_pkg'
[0.638s] Level 1:colcon.colcon_core.package_identification:_identify(src/zain_pkg) by extensions ['colcon_meta']
[0.638s] Level 1:colcon.colcon_core.package_identification:_identify(src/zain_pkg) by extension 'colcon_meta'
[0.638s] Level 1:colcon.colcon_core.package_identification:_identify(src/zain_pkg) by extensions ['ros']
[0.638s] Level 1:colcon.colcon_core.package_identification:_identify(src/zain_pkg) by extension 'ros'
[0.639s] DEBUG:colcon.colcon_core.package_identification:Package 'src/zain_pkg' with type 'ros.ament_cmake' and name 'zain_pkg'
[0.640s] Level 1:colcon.colcon_core.package_discovery:discover_packages(recursive) using defaults
[0.640s] Level 1:colcon.colcon_core.package_discovery:discover_packages(ignore) discover
[0.640s] Level 1:colcon.colcon_core.package_discovery:discover_packages(ignore) using defaults
[0.640s] Level 1:colcon.colcon_core.package_discovery:discover_packages(path) discover
[0.640s] Level 1:colcon.colcon_core.package_discovery:discover_packages(path) using defaults
[0.678s] INFO:colcon.colcon_core.package_selection:Skipping not selected package 'azure_kinect_ros2_driver' in 'src/Azure_Kinect_ROS2_Driver'
[0.679s] INFO:colcon.colcon_core.package_selection:Skipping not selected package 'cam_pub' in 'src/cam_pub'
[0.679s] INFO:colcon.colcon_core.package_selection:Skipping not selected package 'realsense2_camera_msgs' in 'src/realsense-ros/realsense2_camera_msgs'
[0.679s] INFO:colcon.colcon_core.package_selection:Skipping not selected package 'unitree_lidar_ros2' in 'src/unitree_lidar_ros2'
[0.679s] INFO:colcon.colcon_core.package_selection:Skipping not selected package 'zain_pkg' in 'src/zain_pkg'
[0.679s] INFO:colcon.colcon_core.package_selection:Skipping not selected package 'hb_robot_moveit_config' in 'src/hb_robot_moveit_config'
[0.679s] INFO:colcon.colcon_core.package_selection:Skipping not selected package 'realsense2_camera' in 'src/realsense-ros/realsense2_camera'
[0.679s] INFO:colcon.colcon_core.package_selection:Skipping not selected package 'realsense2_description' in 'src/realsense-ros/realsense2_description'
[0.680s] Level 1:colcon.colcon_core.package_discovery:discover_packages(prefix_path) check parameters
[0.680s] Level 1:colcon.colcon_core.package_discovery:discover_packages(prefix_path) discover
[0.684s] DEBUG:colcon.colcon_installed_package_information.package_discovery:Found 354 installed packages in /opt/ros/humble
[0.689s] Level 1:colcon.colcon_core.package_discovery:discover_packages(prefix_path) using defaults
[0.770s] Level 5:colcon.colcon_core.verb:set package 'hb_robot_description' build argument 'cmake_args' from command line to 'None'
[0.771s] Level 5:colcon.colcon_core.verb:set package 'hb_robot_description' build argument 'cmake_target' from command line to 'None'
[0.771s] Level 5:colcon.colcon_core.verb:set package 'hb_robot_description' build argument 'cmake_target_skip_unavailable' from command line to 'False'
[0.771s] Level 5:colcon.colcon_core.verb:set package 'hb_robot_description' build argument 'cmake_clean_cache' from command line to 'False'
[0.771s] Level 5:colcon.colcon_core.verb:set package 'hb_robot_description' build argument 'cmake_clean_first' from command line to 'False'
[0.771s] Level 5:colcon.colcon_core.verb:set package 'hb_robot_description' build argument 'cmake_force_configure' from command line to 'False'
[0.771s] Level 5:colcon.colcon_core.verb:set package 'hb_robot_description' build argument 'ament_cmake_args' from command line to 'None'
[0.771s] Level 5:colcon.colcon_core.verb:set package 'hb_robot_description' build argument 'catkin_cmake_args' from command line to 'None'
[0.771s] Level 5:colcon.colcon_core.verb:set package 'hb_robot_description' build argument 'catkin_skip_building_tests' from command line to 'False'
[0.771s] DEBUG:colcon.colcon_core.verb:Building package 'hb_robot_description' with the following arguments: {'ament_cmake_args': None, 'build_base': '/home/zk/ros2_ws/build/hb_robot_description', 'catkin_cmake_args': None, 'catkin_skip_building_tests': False, 'cmake_args': None, 'cmake_clean_cache': False, 'cmake_clean_first': False, 'cmake_force_configure': False, 'cmake_target': None, 'cmake_target_skip_unavailable': False, 'install_base': '/home/zk/ros2_ws/install/hb_robot_description', 'merge_install': False, 'path': '/home/zk/ros2_ws/src/hb_robot_description', 'symlink_install': False, 'test_result_base': None}
[0.771s] INFO:colcon.colcon_core.executor:Executing jobs using 'parallel' executor
[0.774s] DEBUG:colcon.colcon_parallel_executor.executor.parallel:run_until_complete
[0.774s] INFO:colcon.colcon_ros.task.ament_cmake.build:Building ROS package in '/home/zk/ros2_ws/src/hb_robot_description' with build type 'ament_cmake'
[0.774s] INFO:colcon.colcon_cmake.task.cmake.build:Building CMake package in '/home/zk/ros2_ws/src/hb_robot_description'
[0.778s] INFO:colcon.colcon_core.plugin_system:Skipping extension 'colcon_core.shell.bat': Not used on non-Windows systems
[0.779s] INFO:colcon.colcon_core.shell:Skip shell extension 'powershell' for command environment: Not usable outside of PowerShell
[0.779s] DEBUG:colcon.colcon_core.shell:Skip shell extension 'dsv' for command environment
[0.797s] DEBUG:colcon.colcon_core.event_handler.log_command:Invoking command in '/home/zk/ros2_ws/build/hb_robot_description': CMAKE_PREFIX_PATH=/opt/ros/humble /usr/bin/cmake --build /home/zk/ros2_ws/build/hb_robot_description -- -j6 -l6
[0.871s] DEBUG:colcon.colcon_core.event_handler.log_command:Invoked command in '/home/zk/ros2_ws/build/hb_robot_description' returned '0': CMAKE_PREFIX_PATH=/opt/ros/humble /usr/bin/cmake --build /home/zk/ros2_ws/build/hb_robot_description -- -j6 -l6
[0.894s] DEBUG:colcon.colcon_core.event_handler.log_command:Invoking command in '/home/zk/ros2_ws/build/hb_robot_description': CMAKE_PREFIX_PATH=/opt/ros/humble /usr/bin/cmake --install /home/zk/ros2_ws/build/hb_robot_description
[0.914s] Level 1:colcon.colcon_core.environment:create_environment_scripts_only(hb_robot_description)
[0.923s] Level 1:colcon.colcon_core.environment:checking '/home/zk/ros2_ws/install/hb_robot_description' for CMake module files
[0.924s] Level 1:colcon.colcon_core.environment:checking '/home/zk/ros2_ws/install/hb_robot_description' for CMake config files
[0.924s] Level 1:colcon.colcon_core.shell:create_environment_hook('hb_robot_description', 'cmake_prefix_path')
[0.925s] DEBUG:colcon.colcon_core.event_handler.log_command:Invoked command in '/home/zk/ros2_ws/build/hb_robot_description' returned '0': CMAKE_PREFIX_PATH=/opt/ros/humble /usr/bin/cmake --install /home/zk/ros2_ws/build/hb_robot_description
[0.925s] INFO:colcon.colcon_core.shell:Creating environment hook '/home/zk/ros2_ws/install/hb_robot_description/share/hb_robot_description/hook/cmake_prefix_path.ps1'
[0.928s] INFO:colcon.colcon_core.shell:Creating environment descriptor '/home/zk/ros2_ws/install/hb_robot_description/share/hb_robot_description/hook/cmake_prefix_path.dsv'
[0.930s] INFO:colcon.colcon_core.shell:Creating environment hook '/home/zk/ros2_ws/install/hb_robot_description/share/hb_robot_description/hook/cmake_prefix_path.sh'
[0.932s] Level 1:colcon.colcon_core.environment:checking '/home/zk/ros2_ws/install/hb_robot_description/bin'
[0.933s] Level 1:colcon.colcon_core.environment:checking '/home/zk/ros2_ws/install/hb_robot_description/lib/pkgconfig/hb_robot_description.pc'
[0.933s] Level 1:colcon.colcon_core.environment:checking '/home/zk/ros2_ws/install/hb_robot_description/lib/python3.10/site-packages'
[0.933s] Level 1:colcon.colcon_core.environment:checking '/home/zk/ros2_ws/install/hb_robot_description/bin'
[0.934s] INFO:colcon.colcon_core.shell:Creating package script '/home/zk/ros2_ws/install/hb_robot_description/share/hb_robot_description/package.ps1'
[0.936s] INFO:colcon.colcon_core.shell:Creating package descriptor '/home/zk/ros2_ws/install/hb_robot_description/share/hb_robot_description/package.dsv'
[0.937s] INFO:colcon.colcon_core.shell:Creating package script '/home/zk/ros2_ws/install/hb_robot_description/share/hb_robot_description/package.sh'
[0.939s] INFO:colcon.colcon_core.shell:Creating package script '/home/zk/ros2_ws/install/hb_robot_description/share/hb_robot_description/package.bash'
[0.940s] INFO:colcon.colcon_core.shell:Creating package script '/home/zk/ros2_ws/install/hb_robot_description/share/hb_robot_description/package.zsh'
[0.942s] Level 1:colcon.colcon_core.environment:create_file_with_runtime_dependencies(/home/zk/ros2_ws/install/hb_robot_description/share/colcon-core/packages/hb_robot_description)
[0.943s] Level 1:colcon.colcon_core.environment:create_environment_scripts_only(hb_robot_description)
[0.943s] Level 1:colcon.colcon_core.environment:checking '/home/zk/ros2_ws/install/hb_robot_description' for CMake module files
[0.944s] Level 1:colcon.colcon_core.environment:checking '/home/zk/ros2_ws/install/hb_robot_description' for CMake config files
[0.945s] Level 1:colcon.colcon_core.shell:create_environment_hook('hb_robot_description', 'cmake_prefix_path')
[0.945s] INFO:colcon.colcon_core.shell:Creating environment hook '/home/zk/ros2_ws/install/hb_robot_description/share/hb_robot_description/hook/cmake_prefix_path.ps1'
[0.946s] INFO:colcon.colcon_core.shell:Creating environment descriptor '/home/zk/ros2_ws/install/hb_robot_description/share/hb_robot_description/hook/cmake_prefix_path.dsv'
[0.947s] INFO:colcon.colcon_core.shell:Creating environment hook '/home/zk/ros2_ws/install/hb_robot_description/share/hb_robot_description/hook/cmake_prefix_path.sh'
[0.949s] Level 1:colcon.colcon_core.environment:checking '/home/zk/ros2_ws/install/hb_robot_description/bin'
[0.949s] Level 1:colcon.colcon_core.environment:checking '/home/zk/ros2_ws/install/hb_robot_description/lib/pkgconfig/hb_robot_description.pc'
[0.951s] Level 1:colcon.colcon_core.environment:checking '/home/zk/ros2_ws/install/hb_robot_description/lib/python3.10/site-packages'
[0.952s] Level 1:colcon.colcon_core.environment:checking '/home/zk/ros2_ws/install/hb_robot_description/bin'
[0.953s] INFO:colcon.colcon_core.shell:Creating package script '/home/zk/ros2_ws/install/hb_robot_description/share/hb_robot_description/package.ps1'
[0.954s] INFO:colcon.colcon_core.shell:Creating package descriptor '/home/zk/ros2_ws/install/hb_robot_description/share/hb_robot_description/package.dsv'
[0.955s] INFO:colcon.colcon_core.shell:Creating package script '/home/zk/ros2_ws/install/hb_robot_description/share/hb_robot_description/package.sh'
[0.956s] INFO:colcon.colcon_core.shell:Creating package script '/home/zk/ros2_ws/install/hb_robot_description/share/hb_robot_description/package.bash'
[0.957s] INFO:colcon.colcon_core.shell:Creating package script '/home/zk/ros2_ws/install/hb_robot_description/share/hb_robot_description/package.zsh'
[0.958s] Level 1:colcon.colcon_core.environment:create_file_with_runtime_dependencies(/home/zk/ros2_ws/install/hb_robot_description/share/colcon-core/packages/hb_robot_description)
[0.959s] DEBUG:colcon.colcon_parallel_executor.executor.parallel:closing loop
[0.960s] DEBUG:colcon.colcon_parallel_executor.executor.parallel:loop closed
[0.960s] DEBUG:colcon.colcon_parallel_executor.executor.parallel:run_until_complete finished with '0'
[0.960s] DEBUG:colcon.colcon_core.event_reactor:joining thread
[0.972s] INFO:colcon.colcon_core.plugin_system:Skipping extension 'colcon_notification.desktop_notification.terminal_notifier': Not used on non-Darwin systems
[0.972s] INFO:colcon.colcon_core.plugin_system:Skipping extension 'colcon_notification.desktop_notification.win32': Not used on non-Windows systems
[0.972s] INFO:colcon.colcon_notification.desktop_notification:Sending desktop notification using 'notify2'
[0.999s] DEBUG:colcon.colcon_core.event_reactor:joined thread
[1.001s] INFO:colcon.colcon_core.shell:Creating prefix script '/home/zk/ros2_ws/install/local_setup.ps1'
[1.004s] INFO:colcon.colcon_core.shell:Creating prefix util module '/home/zk/ros2_ws/install/_local_setup_util_ps1.py'
[1.008s] INFO:colcon.colcon_core.shell:Creating prefix chain script '/home/zk/ros2_ws/install/setup.ps1'
[1.010s] INFO:colcon.colcon_core.shell:Creating prefix script '/home/zk/ros2_ws/install/local_setup.sh'
[1.012s] INFO:colcon.colcon_core.shell:Creating prefix util module '/home/zk/ros2_ws/install/_local_setup_util_sh.py'
[1.013s] INFO:colcon.colcon_core.shell:Creating prefix chain script '/home/zk/ros2_ws/install/setup.sh'
[1.015s] INFO:colcon.colcon_core.shell:Creating prefix script '/home/zk/ros2_ws/install/local_setup.bash'
[1.016s] INFO:colcon.colcon_core.shell:Creating prefix chain script '/home/zk/ros2_ws/install/setup.bash'
[1.018s] INFO:colcon.colcon_core.shell:Creating prefix script '/home/zk/ros2_ws/install/local_setup.zsh'
[1.020s] INFO:colcon.colcon_core.shell:Creating prefix chain script '/home/zk/ros2_ws/install/setup.zsh'
