[0.205s] DEBUG:colcon:Command line arguments: ['/usr/bin/colcon', 'build', '--packages-select', 'hb_robot_description', 'hb_robot_moveit_config']
[0.205s] DEBUG:colcon:Parsed command line arguments: Namespace(log_base=None, log_level=None, verb_name='build', build_base='build', install_base='install', merge_install=False, symlink_install=False, test_result_base=None, continue_on_error=False, executor='parallel', parallel_workers=6, event_handlers=None, ignore_user_meta=False, metas=['./colcon.meta'], base_paths=['.'], packages_ignore=None, packages_ignore_regex=None, paths=None, packages_up_to=None, packages_up_to_regex=None, packages_above=None, packages_above_and_dependencies=None, packages_above_depth=None, packages_select_by_dep=None, packages_skip_by_dep=None, packages_skip_up_to=None, packages_select_build_failed=False, packages_skip_build_finished=False, packages_select_test_failures=False, packages_skip_test_passed=False, packages_select=['hb_robot_description', 'hb_robot_moveit_config'], packages_skip=None, packages_select_regex=None, packages_skip_regex=None, packages_start=None, packages_end=None, allow_overriding=[], cmake_args=None, cmake_target=None, cmake_target_skip_unavailable=False, cmake_clean_cache=False, cmake_clean_first=False, cmake_force_configure=False, ament_cmake_args=None, catkin_cmake_args=None, catkin_skip_building_tests=False, mixin_files=None, mixin=None, verb_parser=<colcon_mixin.mixin.mixin_argument.MixinArgumentDecorator object at 0xffffaad87190>, verb_extension=<colcon_core.verb.build.BuildVerb object at 0xffffaad86ce0>, main=<bound method BuildVerb.main of <colcon_core.verb.build.BuildVerb object at 0xffffaad86ce0>>, mixin_verb=('build',))
[0.541s] Level 1:colcon.colcon_core.package_discovery:discover_packages(colcon_meta) check parameters
[0.541s] Level 1:colcon.colcon_core.package_discovery:discover_packages(recursive) check parameters
[0.541s] Level 1:colcon.colcon_core.package_discovery:discover_packages(ignore) check parameters
[0.542s] Level 1:colcon.colcon_core.package_discovery:discover_packages(path) check parameters
[0.542s] Level 1:colcon.colcon_core.package_discovery:discover_packages(colcon_meta) discover
[0.542s] Level 1:colcon.colcon_core.package_discovery:discover_packages(recursive) discover
[0.542s] INFO:colcon.colcon_core.package_discovery:Crawling recursively for packages in '/home/zk/ros2_ws'
[0.542s] Level 1:colcon.colcon_core.package_identification:_identify(.) by extensions ['ignore', 'ignore_ament_install']
[0.542s] Level 1:colcon.colcon_core.package_identification:_identify(.) by extension 'ignore'
[0.542s] Level 1:colcon.colcon_core.package_identification:_identify(.) by extension 'ignore_ament_install'
[0.543s] Level 1:colcon.colcon_core.package_identification:_identify(.) by extensions ['colcon_pkg']
[0.543s] Level 1:colcon.colcon_core.package_identification:_identify(.) by extension 'colcon_pkg'
[0.543s] Level 1:colcon.colcon_core.package_identification:_identify(.) by extensions ['colcon_meta']
[0.543s] Level 1:colcon.colcon_core.package_identification:_identify(.) by extension 'colcon_meta'
[0.543s] Level 1:colcon.colcon_core.package_identification:_identify(.) by extensions ['ros']
[0.543s] Level 1:colcon.colcon_core.package_identification:_identify(.) by extension 'ros'
[0.562s] Level 1:colcon.colcon_core.package_identification:_identify(.) by extensions ['cmake', 'python']
[0.563s] Level 1:colcon.colcon_core.package_identification:_identify(.) by extension 'cmake'
[0.563s] Level 1:colcon.colcon_core.package_identification:_identify(.) by extension 'python'
[0.563s] Level 1:colcon.colcon_core.package_identification:_identify(.) by extensions ['python_setup_py']
[0.563s] Level 1:colcon.colcon_core.package_identification:_identify(.) by extension 'python_setup_py'
[0.563s] Level 1:colcon.colcon_core.package_identification:_identify(build) by extensions ['ignore', 'ignore_ament_install']
[0.563s] Level 1:colcon.colcon_core.package_identification:_identify(build) by extension 'ignore'
[0.563s] Level 1:colcon.colcon_core.package_identification:_identify(build) ignored
[0.564s] Level 1:colcon.colcon_core.package_identification:_identify(install) by extensions ['ignore', 'ignore_ament_install']
[0.564s] Level 1:colcon.colcon_core.package_identification:_identify(install) by extension 'ignore'
[0.564s] Level 1:colcon.colcon_core.package_identification:_identify(install) ignored
[0.564s] Level 1:colcon.colcon_core.package_identification:_identify(log) by extensions ['ignore', 'ignore_ament_install']
[0.564s] Level 1:colcon.colcon_core.package_identification:_identify(log) by extension 'ignore'
[0.564s] Level 1:colcon.colcon_core.package_identification:_identify(log) ignored
[0.565s] Level 1:colcon.colcon_core.package_identification:_identify(src) by extensions ['ignore', 'ignore_ament_install']
[0.565s] Level 1:colcon.colcon_core.package_identification:_identify(src) by extension 'ignore'
[0.565s] Level 1:colcon.colcon_core.package_identification:_identify(src) by extension 'ignore_ament_install'
[0.565s] Level 1:colcon.colcon_core.package_identification:_identify(src) by extensions ['colcon_pkg']
[0.565s] Level 1:colcon.colcon_core.package_identification:_identify(src) by extension 'colcon_pkg'
[0.565s] Level 1:colcon.colcon_core.package_identification:_identify(src) by extensions ['colcon_meta']
[0.565s] Level 1:colcon.colcon_core.package_identification:_identify(src) by extension 'colcon_meta'
[0.565s] Level 1:colcon.colcon_core.package_identification:_identify(src) by extensions ['ros']
[0.565s] Level 1:colcon.colcon_core.package_identification:_identify(src) by extension 'ros'
[0.566s] Level 1:colcon.colcon_core.package_identification:_identify(src) by extensions ['cmake', 'python']
[0.566s] Level 1:colcon.colcon_core.package_identification:_identify(src) by extension 'cmake'
[0.566s] Level 1:colcon.colcon_core.package_identification:_identify(src) by extension 'python'
[0.566s] Level 1:colcon.colcon_core.package_identification:_identify(src) by extensions ['python_setup_py']
[0.566s] Level 1:colcon.colcon_core.package_identification:_identify(src) by extension 'python_setup_py'
[0.566s] Level 1:colcon.colcon_core.package_identification:_identify(src/Azure_Kinect_ROS2_Driver) by extensions ['ignore', 'ignore_ament_install']
[0.566s] Level 1:colcon.colcon_core.package_identification:_identify(src/Azure_Kinect_ROS2_Driver) by extension 'ignore'
[0.566s] Level 1:colcon.colcon_core.package_identification:_identify(src/Azure_Kinect_ROS2_Driver) by extension 'ignore_ament_install'
[0.566s] Level 1:colcon.colcon_core.package_identification:_identify(src/Azure_Kinect_ROS2_Driver) by extensions ['colcon_pkg']
[0.567s] Level 1:colcon.colcon_core.package_identification:_identify(src/Azure_Kinect_ROS2_Driver) by extension 'colcon_pkg'
[0.567s] Level 1:colcon.colcon_core.package_identification:_identify(src/Azure_Kinect_ROS2_Driver) by extensions ['colcon_meta']
[0.567s] Level 1:colcon.colcon_core.package_identification:_identify(src/Azure_Kinect_ROS2_Driver) by extension 'colcon_meta'
[0.567s] Level 1:colcon.colcon_core.package_identification:_identify(src/Azure_Kinect_ROS2_Driver) by extensions ['ros']
[0.567s] Level 1:colcon.colcon_core.package_identification:_identify(src/Azure_Kinect_ROS2_Driver) by extension 'ros'
[0.572s] DEBUG:colcon.colcon_core.package_identification:Package 'src/Azure_Kinect_ROS2_Driver' with type 'ros.ament_cmake' and name 'azure_kinect_ros2_driver'
[0.573s] Level 1:colcon.colcon_core.package_identification:_identify(src/cam_pub) by extensions ['ignore', 'ignore_ament_install']
[0.573s] Level 1:colcon.colcon_core.package_identification:_identify(src/cam_pub) by extension 'ignore'
[0.573s] Level 1:colcon.colcon_core.package_identification:_identify(src/cam_pub) by extension 'ignore_ament_install'
[0.573s] Level 1:colcon.colcon_core.package_identification:_identify(src/cam_pub) by extensions ['colcon_pkg']
[0.573s] Level 1:colcon.colcon_core.package_identification:_identify(src/cam_pub) by extension 'colcon_pkg'
[0.573s] Level 1:colcon.colcon_core.package_identification:_identify(src/cam_pub) by extensions ['colcon_meta']
[0.573s] Level 1:colcon.colcon_core.package_identification:_identify(src/cam_pub) by extension 'colcon_meta'
[0.573s] Level 1:colcon.colcon_core.package_identification:_identify(src/cam_pub) by extensions ['ros']
[0.574s] Level 1:colcon.colcon_core.package_identification:_identify(src/cam_pub) by extension 'ros'
[0.575s] DEBUG:colcon.colcon_core.package_identification:Package 'src/cam_pub' with type 'ros.ament_cmake' and name 'cam_pub'
[0.575s] Level 1:colcon.colcon_core.package_identification:_identify(src/hb_robot_description) by extensions ['ignore', 'ignore_ament_install']
[0.575s] Level 1:colcon.colcon_core.package_identification:_identify(src/hb_robot_description) by extension 'ignore'
[0.576s] Level 1:colcon.colcon_core.package_identification:_identify(src/hb_robot_description) by extension 'ignore_ament_install'
[0.576s] Level 1:colcon.colcon_core.package_identification:_identify(src/hb_robot_description) by extensions ['colcon_pkg']
[0.576s] Level 1:colcon.colcon_core.package_identification:_identify(src/hb_robot_description) by extension 'colcon_pkg'
[0.576s] Level 1:colcon.colcon_core.package_identification:_identify(src/hb_robot_description) by extensions ['colcon_meta']
[0.576s] Level 1:colcon.colcon_core.package_identification:_identify(src/hb_robot_description) by extension 'colcon_meta'
[0.576s] Level 1:colcon.colcon_core.package_identification:_identify(src/hb_robot_description) by extensions ['ros']
[0.576s] Level 1:colcon.colcon_core.package_identification:_identify(src/hb_robot_description) by extension 'ros'
[0.577s] DEBUG:colcon.colcon_core.package_identification:Package 'src/hb_robot_description' with type 'ros.ament_cmake' and name 'hb_robot_description'
[0.577s] Level 1:colcon.colcon_core.package_identification:_identify(src/hb_robot_moveit_config) by extensions ['ignore', 'ignore_ament_install']
[0.577s] Level 1:colcon.colcon_core.package_identification:_identify(src/hb_robot_moveit_config) by extension 'ignore'
[0.577s] Level 1:colcon.colcon_core.package_identification:_identify(src/hb_robot_moveit_config) by extension 'ignore_ament_install'
[0.578s] Level 1:colcon.colcon_core.package_identification:_identify(src/hb_robot_moveit_config) by extensions ['colcon_pkg']
[0.578s] Level 1:colcon.colcon_core.package_identification:_identify(src/hb_robot_moveit_config) by extension 'colcon_pkg'
[0.578s] Level 1:colcon.colcon_core.package_identification:_identify(src/hb_robot_moveit_config) by extensions ['colcon_meta']
[0.578s] Level 1:colcon.colcon_core.package_identification:_identify(src/hb_robot_moveit_config) by extension 'colcon_meta'
[0.578s] Level 1:colcon.colcon_core.package_identification:_identify(src/hb_robot_moveit_config) by extensions ['ros']
[0.578s] Level 1:colcon.colcon_core.package_identification:_identify(src/hb_robot_moveit_config) by extension 'ros'
[0.580s] DEBUG:colcon.colcon_core.package_identification:Package 'src/hb_robot_moveit_config' with type 'ros.ament_cmake' and name 'hb_robot_moveit_config'
[0.580s] Level 1:colcon.colcon_core.package_identification:_identify(src/realsense-ros) by extensions ['ignore', 'ignore_ament_install']
[0.580s] Level 1:colcon.colcon_core.package_identification:_identify(src/realsense-ros) by extension 'ignore'
[0.580s] Level 1:colcon.colcon_core.package_identification:_identify(src/realsense-ros) by extension 'ignore_ament_install'
[0.580s] Level 1:colcon.colcon_core.package_identification:_identify(src/realsense-ros) by extensions ['colcon_pkg']
[0.580s] Level 1:colcon.colcon_core.package_identification:_identify(src/realsense-ros) by extension 'colcon_pkg'
[0.581s] Level 1:colcon.colcon_core.package_identification:_identify(src/realsense-ros) by extensions ['colcon_meta']
[0.581s] Level 1:colcon.colcon_core.package_identification:_identify(src/realsense-ros) by extension 'colcon_meta'
[0.581s] Level 1:colcon.colcon_core.package_identification:_identify(src/realsense-ros) by extensions ['ros']
[0.581s] Level 1:colcon.colcon_core.package_identification:_identify(src/realsense-ros) by extension 'ros'
[0.581s] Level 1:colcon.colcon_core.package_identification:_identify(src/realsense-ros) by extensions ['cmake', 'python']
[0.581s] Level 1:colcon.colcon_core.package_identification:_identify(src/realsense-ros) by extension 'cmake'
[0.581s] Level 1:colcon.colcon_core.package_identification:_identify(src/realsense-ros) by extension 'python'
[0.581s] Level 1:colcon.colcon_core.package_identification:_identify(src/realsense-ros) by extensions ['python_setup_py']
[0.581s] Level 1:colcon.colcon_core.package_identification:_identify(src/realsense-ros) by extension 'python_setup_py'
[0.582s] Level 1:colcon.colcon_core.package_identification:_identify(src/realsense-ros/realsense2_camera) by extensions ['ignore', 'ignore_ament_install']
[0.582s] Level 1:colcon.colcon_core.package_identification:_identify(src/realsense-ros/realsense2_camera) by extension 'ignore'
[0.582s] Level 1:colcon.colcon_core.package_identification:_identify(src/realsense-ros/realsense2_camera) by extension 'ignore_ament_install'
[0.582s] Level 1:colcon.colcon_core.package_identification:_identify(src/realsense-ros/realsense2_camera) by extensions ['colcon_pkg']
[0.582s] Level 1:colcon.colcon_core.package_identification:_identify(src/realsense-ros/realsense2_camera) by extension 'colcon_pkg'
[0.582s] Level 1:colcon.colcon_core.package_identification:_identify(src/realsense-ros/realsense2_camera) by extensions ['colcon_meta']
[0.582s] Level 1:colcon.colcon_core.package_identification:_identify(src/realsense-ros/realsense2_camera) by extension 'colcon_meta'
[0.582s] Level 1:colcon.colcon_core.package_identification:_identify(src/realsense-ros/realsense2_camera) by extensions ['ros']
[0.582s] Level 1:colcon.colcon_core.package_identification:_identify(src/realsense-ros/realsense2_camera) by extension 'ros'
[0.619s] DEBUG:colcon.colcon_core.package_identification:Package 'src/realsense-ros/realsense2_camera' with type 'ros.ament_cmake' and name 'realsense2_camera'
[0.620s] Level 1:colcon.colcon_core.package_identification:_identify(src/realsense-ros/realsense2_camera_msgs) by extensions ['ignore', 'ignore_ament_install']
[0.620s] Level 1:colcon.colcon_core.package_identification:_identify(src/realsense-ros/realsense2_camera_msgs) by extension 'ignore'
[0.620s] Level 1:colcon.colcon_core.package_identification:_identify(src/realsense-ros/realsense2_camera_msgs) by extension 'ignore_ament_install'
[0.621s] Level 1:colcon.colcon_core.package_identification:_identify(src/realsense-ros/realsense2_camera_msgs) by extensions ['colcon_pkg']
[0.621s] Level 1:colcon.colcon_core.package_identification:_identify(src/realsense-ros/realsense2_camera_msgs) by extension 'colcon_pkg'
[0.621s] Level 1:colcon.colcon_core.package_identification:_identify(src/realsense-ros/realsense2_camera_msgs) by extensions ['colcon_meta']
[0.621s] Level 1:colcon.colcon_core.package_identification:_identify(src/realsense-ros/realsense2_camera_msgs) by extension 'colcon_meta'
[0.621s] Level 1:colcon.colcon_core.package_identification:_identify(src/realsense-ros/realsense2_camera_msgs) by extensions ['ros']
[0.621s] Level 1:colcon.colcon_core.package_identification:_identify(src/realsense-ros/realsense2_camera_msgs) by extension 'ros'
[0.623s] DEBUG:colcon.colcon_core.package_identification:Package 'src/realsense-ros/realsense2_camera_msgs' with type 'ros.ament_cmake' and name 'realsense2_camera_msgs'
[0.623s] Level 1:colcon.colcon_core.package_identification:_identify(src/realsense-ros/realsense2_description) by extensions ['ignore', 'ignore_ament_install']
[0.623s] Level 1:colcon.colcon_core.package_identification:_identify(src/realsense-ros/realsense2_description) by extension 'ignore'
[0.623s] Level 1:colcon.colcon_core.package_identification:_identify(src/realsense-ros/realsense2_description) by extension 'ignore_ament_install'
[0.623s] Level 1:colcon.colcon_core.package_identification:_identify(src/realsense-ros/realsense2_description) by extensions ['colcon_pkg']
[0.623s] Level 1:colcon.colcon_core.package_identification:_identify(src/realsense-ros/realsense2_description) by extension 'colcon_pkg'
[0.623s] Level 1:colcon.colcon_core.package_identification:_identify(src/realsense-ros/realsense2_description) by extensions ['colcon_meta']
[0.623s] Level 1:colcon.colcon_core.package_identification:_identify(src/realsense-ros/realsense2_description) by extension 'colcon_meta'
[0.624s] Level 1:colcon.colcon_core.package_identification:_identify(src/realsense-ros/realsense2_description) by extensions ['ros']
[0.624s] Level 1:colcon.colcon_core.package_identification:_identify(src/realsense-ros/realsense2_description) by extension 'ros'
[0.625s] DEBUG:colcon.colcon_core.package_identification:Package 'src/realsense-ros/realsense2_description' with type 'ros.ament_cmake' and name 'realsense2_description'
[0.625s] Level 1:colcon.colcon_core.package_identification:_identify(src/realsense-ros/scripts) by extensions ['ignore', 'ignore_ament_install']
[0.625s] Level 1:colcon.colcon_core.package_identification:_identify(src/realsense-ros/scripts) by extension 'ignore'
[0.626s] Level 1:colcon.colcon_core.package_identification:_identify(src/realsense-ros/scripts) by extension 'ignore_ament_install'
[0.626s] Level 1:colcon.colcon_core.package_identification:_identify(src/realsense-ros/scripts) by extensions ['colcon_pkg']
[0.626s] Level 1:colcon.colcon_core.package_identification:_identify(src/realsense-ros/scripts) by extension 'colcon_pkg'
[0.626s] Level 1:colcon.colcon_core.package_identification:_identify(src/realsense-ros/scripts) by extensions ['colcon_meta']
[0.626s] Level 1:colcon.colcon_core.package_identification:_identify(src/realsense-ros/scripts) by extension 'colcon_meta'
[0.626s] Level 1:colcon.colcon_core.package_identification:_identify(src/realsense-ros/scripts) by extensions ['ros']
[0.626s] Level 1:colcon.colcon_core.package_identification:_identify(src/realsense-ros/scripts) by extension 'ros'
[0.626s] Level 1:colcon.colcon_core.package_identification:_identify(src/realsense-ros/scripts) by extensions ['cmake', 'python']
[0.626s] Level 1:colcon.colcon_core.package_identification:_identify(src/realsense-ros/scripts) by extension 'cmake'
[0.626s] Level 1:colcon.colcon_core.package_identification:_identify(src/realsense-ros/scripts) by extension 'python'
[0.627s] Level 1:colcon.colcon_core.package_identification:_identify(src/realsense-ros/scripts) by extensions ['python_setup_py']
[0.627s] Level 1:colcon.colcon_core.package_identification:_identify(src/realsense-ros/scripts) by extension 'python_setup_py'
[0.627s] Level 1:colcon.colcon_core.package_identification:_identify(src/unitree_lidar_ros2) by extensions ['ignore', 'ignore_ament_install']
[0.627s] Level 1:colcon.colcon_core.package_identification:_identify(src/unitree_lidar_ros2) by extension 'ignore'
[0.627s] Level 1:colcon.colcon_core.package_identification:_identify(src/unitree_lidar_ros2) by extension 'ignore_ament_install'
[0.627s] Level 1:colcon.colcon_core.package_identification:_identify(src/unitree_lidar_ros2) by extensions ['colcon_pkg']
[0.627s] Level 1:colcon.colcon_core.package_identification:_identify(src/unitree_lidar_ros2) by extension 'colcon_pkg'
[0.627s] Level 1:colcon.colcon_core.package_identification:_identify(src/unitree_lidar_ros2) by extensions ['colcon_meta']
[0.627s] Level 1:colcon.colcon_core.package_identification:_identify(src/unitree_lidar_ros2) by extension 'colcon_meta'
[0.628s] Level 1:colcon.colcon_core.package_identification:_identify(src/unitree_lidar_ros2) by extensions ['ros']
[0.628s] Level 1:colcon.colcon_core.package_identification:_identify(src/unitree_lidar_ros2) by extension 'ros'
[0.629s] DEBUG:colcon.colcon_core.package_identification:Package 'src/unitree_lidar_ros2' with type 'ros.ament_cmake' and name 'unitree_lidar_ros2'
[0.629s] Level 1:colcon.colcon_core.package_identification:_identify(src/zain_pkg) by extensions ['ignore', 'ignore_ament_install']
[0.630s] Level 1:colcon.colcon_core.package_identification:_identify(src/zain_pkg) by extension 'ignore'
[0.630s] Level 1:colcon.colcon_core.package_identification:_identify(src/zain_pkg) by extension 'ignore_ament_install'
[0.630s] Level 1:colcon.colcon_core.package_identification:_identify(src/zain_pkg) by extensions ['colcon_pkg']
[0.630s] Level 1:colcon.colcon_core.package_identification:_identify(src/zain_pkg) by extension 'colcon_pkg'
[0.630s] Level 1:colcon.colcon_core.package_identification:_identify(src/zain_pkg) by extensions ['colcon_meta']
[0.630s] Level 1:colcon.colcon_core.package_identification:_identify(src/zain_pkg) by extension 'colcon_meta'
[0.630s] Level 1:colcon.colcon_core.package_identification:_identify(src/zain_pkg) by extensions ['ros']
[0.630s] Level 1:colcon.colcon_core.package_identification:_identify(src/zain_pkg) by extension 'ros'
[0.632s] DEBUG:colcon.colcon_core.package_identification:Package 'src/zain_pkg' with type 'ros.ament_cmake' and name 'zain_pkg'
[0.632s] Level 1:colcon.colcon_core.package_discovery:discover_packages(recursive) using defaults
[0.632s] Level 1:colcon.colcon_core.package_discovery:discover_packages(ignore) discover
[0.632s] Level 1:colcon.colcon_core.package_discovery:discover_packages(ignore) using defaults
[0.632s] Level 1:colcon.colcon_core.package_discovery:discover_packages(path) discover
[0.632s] Level 1:colcon.colcon_core.package_discovery:discover_packages(path) using defaults
[0.670s] INFO:colcon.colcon_core.package_selection:Skipping not selected package 'azure_kinect_ros2_driver' in 'src/Azure_Kinect_ROS2_Driver'
[0.670s] INFO:colcon.colcon_core.package_selection:Skipping not selected package 'cam_pub' in 'src/cam_pub'
[0.671s] INFO:colcon.colcon_core.package_selection:Skipping not selected package 'realsense2_camera_msgs' in 'src/realsense-ros/realsense2_camera_msgs'
[0.671s] INFO:colcon.colcon_core.package_selection:Skipping not selected package 'unitree_lidar_ros2' in 'src/unitree_lidar_ros2'
[0.671s] INFO:colcon.colcon_core.package_selection:Skipping not selected package 'zain_pkg' in 'src/zain_pkg'
[0.671s] INFO:colcon.colcon_core.package_selection:Skipping not selected package 'realsense2_camera' in 'src/realsense-ros/realsense2_camera'
[0.671s] INFO:colcon.colcon_core.package_selection:Skipping not selected package 'realsense2_description' in 'src/realsense-ros/realsense2_description'
[0.672s] Level 1:colcon.colcon_core.package_discovery:discover_packages(prefix_path) check parameters
[0.672s] Level 1:colcon.colcon_core.package_discovery:discover_packages(prefix_path) discover
[0.676s] DEBUG:colcon.colcon_installed_package_information.package_discovery:Found 9 installed packages in /home/zk/ros2_ws/install
[0.679s] DEBUG:colcon.colcon_installed_package_information.package_discovery:Found 354 installed packages in /opt/ros/humble
[0.682s] Level 1:colcon.colcon_core.package_discovery:discover_packages(prefix_path) using defaults
[0.765s] Level 5:colcon.colcon_core.verb:set package 'hb_robot_description' build argument 'cmake_args' from command line to 'None'
[0.765s] Level 5:colcon.colcon_core.verb:set package 'hb_robot_description' build argument 'cmake_target' from command line to 'None'
[0.765s] Level 5:colcon.colcon_core.verb:set package 'hb_robot_description' build argument 'cmake_target_skip_unavailable' from command line to 'False'
[0.765s] Level 5:colcon.colcon_core.verb:set package 'hb_robot_description' build argument 'cmake_clean_cache' from command line to 'False'
[0.765s] Level 5:colcon.colcon_core.verb:set package 'hb_robot_description' build argument 'cmake_clean_first' from command line to 'False'
[0.765s] Level 5:colcon.colcon_core.verb:set package 'hb_robot_description' build argument 'cmake_force_configure' from command line to 'False'
[0.765s] Level 5:colcon.colcon_core.verb:set package 'hb_robot_description' build argument 'ament_cmake_args' from command line to 'None'
[0.766s] Level 5:colcon.colcon_core.verb:set package 'hb_robot_description' build argument 'catkin_cmake_args' from command line to 'None'
[0.766s] Level 5:colcon.colcon_core.verb:set package 'hb_robot_description' build argument 'catkin_skip_building_tests' from command line to 'False'
[0.766s] DEBUG:colcon.colcon_core.verb:Building package 'hb_robot_description' with the following arguments: {'ament_cmake_args': None, 'build_base': '/home/zk/ros2_ws/build/hb_robot_description', 'catkin_cmake_args': None, 'catkin_skip_building_tests': False, 'cmake_args': None, 'cmake_clean_cache': False, 'cmake_clean_first': False, 'cmake_force_configure': False, 'cmake_target': None, 'cmake_target_skip_unavailable': False, 'install_base': '/home/zk/ros2_ws/install/hb_robot_description', 'merge_install': False, 'path': '/home/zk/ros2_ws/src/hb_robot_description', 'symlink_install': False, 'test_result_base': None}
[0.766s] Level 5:colcon.colcon_core.verb:set package 'hb_robot_moveit_config' build argument 'cmake_args' from command line to 'None'
[0.766s] Level 5:colcon.colcon_core.verb:set package 'hb_robot_moveit_config' build argument 'cmake_target' from command line to 'None'
[0.766s] Level 5:colcon.colcon_core.verb:set package 'hb_robot_moveit_config' build argument 'cmake_target_skip_unavailable' from command line to 'False'
[0.766s] Level 5:colcon.colcon_core.verb:set package 'hb_robot_moveit_config' build argument 'cmake_clean_cache' from command line to 'False'
[0.767s] Level 5:colcon.colcon_core.verb:set package 'hb_robot_moveit_config' build argument 'cmake_clean_first' from command line to 'False'
[0.767s] Level 5:colcon.colcon_core.verb:set package 'hb_robot_moveit_config' build argument 'cmake_force_configure' from command line to 'False'
[0.767s] Level 5:colcon.colcon_core.verb:set package 'hb_robot_moveit_config' build argument 'ament_cmake_args' from command line to 'None'
[0.767s] Level 5:colcon.colcon_core.verb:set package 'hb_robot_moveit_config' build argument 'catkin_cmake_args' from command line to 'None'
[0.767s] Level 5:colcon.colcon_core.verb:set package 'hb_robot_moveit_config' build argument 'catkin_skip_building_tests' from command line to 'False'
[0.767s] DEBUG:colcon.colcon_core.verb:Building package 'hb_robot_moveit_config' with the following arguments: {'ament_cmake_args': None, 'build_base': '/home/zk/ros2_ws/build/hb_robot_moveit_config', 'catkin_cmake_args': None, 'catkin_skip_building_tests': False, 'cmake_args': None, 'cmake_clean_cache': False, 'cmake_clean_first': False, 'cmake_force_configure': False, 'cmake_target': None, 'cmake_target_skip_unavailable': False, 'install_base': '/home/zk/ros2_ws/install/hb_robot_moveit_config', 'merge_install': False, 'path': '/home/zk/ros2_ws/src/hb_robot_moveit_config', 'symlink_install': False, 'test_result_base': None}
[0.767s] INFO:colcon.colcon_core.executor:Executing jobs using 'parallel' executor
[0.769s] DEBUG:colcon.colcon_parallel_executor.executor.parallel:run_until_complete
[0.770s] INFO:colcon.colcon_ros.task.ament_cmake.build:Building ROS package in '/home/zk/ros2_ws/src/hb_robot_description' with build type 'ament_cmake'
[0.770s] INFO:colcon.colcon_cmake.task.cmake.build:Building CMake package in '/home/zk/ros2_ws/src/hb_robot_description'
[0.775s] INFO:colcon.colcon_core.plugin_system:Skipping extension 'colcon_core.shell.bat': Not used on non-Windows systems
[0.775s] INFO:colcon.colcon_core.shell:Skip shell extension 'powershell' for command environment: Not usable outside of PowerShell
[0.775s] DEBUG:colcon.colcon_core.shell:Skip shell extension 'dsv' for command environment
[0.792s] DEBUG:colcon.colcon_core.event_handler.log_command:Invoking command in '/home/zk/ros2_ws/build/hb_robot_description': CMAKE_PREFIX_PATH=${CMAKE_PREFIX_PATH}:/opt/ros/humble /usr/bin/cmake --build /home/zk/ros2_ws/build/hb_robot_description -- -j6 -l6
[0.879s] DEBUG:colcon.colcon_core.event_handler.log_command:Invoked command in '/home/zk/ros2_ws/build/hb_robot_description' returned '0': CMAKE_PREFIX_PATH=${CMAKE_PREFIX_PATH}:/opt/ros/humble /usr/bin/cmake --build /home/zk/ros2_ws/build/hb_robot_description -- -j6 -l6
[0.901s] DEBUG:colcon.colcon_core.event_handler.log_command:Invoking command in '/home/zk/ros2_ws/build/hb_robot_description': CMAKE_PREFIX_PATH=${CMAKE_PREFIX_PATH}:/opt/ros/humble /usr/bin/cmake --install /home/zk/ros2_ws/build/hb_robot_description
[0.920s] Level 1:colcon.colcon_core.environment:create_environment_scripts_only(hb_robot_description)
[0.923s] DEBUG:colcon.colcon_core.event_handler.log_command:Invoked command in '/home/zk/ros2_ws/build/hb_robot_description' returned '0': CMAKE_PREFIX_PATH=${CMAKE_PREFIX_PATH}:/opt/ros/humble /usr/bin/cmake --install /home/zk/ros2_ws/build/hb_robot_description
[0.929s] Level 1:colcon.colcon_core.environment:checking '/home/zk/ros2_ws/install/hb_robot_description' for CMake module files
[0.931s] Level 1:colcon.colcon_core.environment:checking '/home/zk/ros2_ws/install/hb_robot_description' for CMake config files
[0.931s] Level 1:colcon.colcon_core.shell:create_environment_hook('hb_robot_description', 'cmake_prefix_path')
[0.932s] INFO:colcon.colcon_core.shell:Creating environment hook '/home/zk/ros2_ws/install/hb_robot_description/share/hb_robot_description/hook/cmake_prefix_path.ps1'
[0.934s] INFO:colcon.colcon_core.shell:Creating environment descriptor '/home/zk/ros2_ws/install/hb_robot_description/share/hb_robot_description/hook/cmake_prefix_path.dsv'
[0.935s] INFO:colcon.colcon_core.shell:Creating environment hook '/home/zk/ros2_ws/install/hb_robot_description/share/hb_robot_description/hook/cmake_prefix_path.sh'
[0.936s] Level 1:colcon.colcon_core.environment:checking '/home/zk/ros2_ws/install/hb_robot_description/bin'
[0.937s] Level 1:colcon.colcon_core.environment:checking '/home/zk/ros2_ws/install/hb_robot_description/lib/pkgconfig/hb_robot_description.pc'
[0.938s] Level 1:colcon.colcon_core.environment:checking '/home/zk/ros2_ws/install/hb_robot_description/lib/python3.10/site-packages'
[0.938s] Level 1:colcon.colcon_core.environment:checking '/home/zk/ros2_ws/install/hb_robot_description/bin'
[0.939s] INFO:colcon.colcon_core.shell:Creating package script '/home/zk/ros2_ws/install/hb_robot_description/share/hb_robot_description/package.ps1'
[0.941s] INFO:colcon.colcon_core.shell:Creating package descriptor '/home/zk/ros2_ws/install/hb_robot_description/share/hb_robot_description/package.dsv'
[0.942s] INFO:colcon.colcon_core.shell:Creating package script '/home/zk/ros2_ws/install/hb_robot_description/share/hb_robot_description/package.sh'
[0.943s] INFO:colcon.colcon_core.shell:Creating package script '/home/zk/ros2_ws/install/hb_robot_description/share/hb_robot_description/package.bash'
[0.945s] INFO:colcon.colcon_core.shell:Creating package script '/home/zk/ros2_ws/install/hb_robot_description/share/hb_robot_description/package.zsh'
[0.946s] Level 1:colcon.colcon_core.environment:create_file_with_runtime_dependencies(/home/zk/ros2_ws/install/hb_robot_description/share/colcon-core/packages/hb_robot_description)
[0.947s] Level 1:colcon.colcon_core.environment:create_environment_scripts_only(hb_robot_description)
[0.947s] Level 1:colcon.colcon_core.environment:checking '/home/zk/ros2_ws/install/hb_robot_description' for CMake module files
[0.948s] Level 1:colcon.colcon_core.environment:checking '/home/zk/ros2_ws/install/hb_robot_description' for CMake config files
[0.949s] Level 1:colcon.colcon_core.shell:create_environment_hook('hb_robot_description', 'cmake_prefix_path')
[0.949s] INFO:colcon.colcon_core.shell:Creating environment hook '/home/zk/ros2_ws/install/hb_robot_description/share/hb_robot_description/hook/cmake_prefix_path.ps1'
[0.950s] INFO:colcon.colcon_core.shell:Creating environment descriptor '/home/zk/ros2_ws/install/hb_robot_description/share/hb_robot_description/hook/cmake_prefix_path.dsv'
[0.950s] INFO:colcon.colcon_core.shell:Creating environment hook '/home/zk/ros2_ws/install/hb_robot_description/share/hb_robot_description/hook/cmake_prefix_path.sh'
[0.952s] Level 1:colcon.colcon_core.environment:checking '/home/zk/ros2_ws/install/hb_robot_description/bin'
[0.952s] Level 1:colcon.colcon_core.environment:checking '/home/zk/ros2_ws/install/hb_robot_description/lib/pkgconfig/hb_robot_description.pc'
[0.952s] Level 1:colcon.colcon_core.environment:checking '/home/zk/ros2_ws/install/hb_robot_description/lib/python3.10/site-packages'
[0.953s] Level 1:colcon.colcon_core.environment:checking '/home/zk/ros2_ws/install/hb_robot_description/bin'
[0.954s] INFO:colcon.colcon_core.shell:Creating package script '/home/zk/ros2_ws/install/hb_robot_description/share/hb_robot_description/package.ps1'
[0.955s] INFO:colcon.colcon_core.shell:Creating package descriptor '/home/zk/ros2_ws/install/hb_robot_description/share/hb_robot_description/package.dsv'
[0.956s] INFO:colcon.colcon_core.shell:Creating package script '/home/zk/ros2_ws/install/hb_robot_description/share/hb_robot_description/package.sh'
[0.957s] INFO:colcon.colcon_core.shell:Creating package script '/home/zk/ros2_ws/install/hb_robot_description/share/hb_robot_description/package.bash'
[0.958s] INFO:colcon.colcon_core.shell:Creating package script '/home/zk/ros2_ws/install/hb_robot_description/share/hb_robot_description/package.zsh'
[0.958s] Level 1:colcon.colcon_core.environment:create_file_with_runtime_dependencies(/home/zk/ros2_ws/install/hb_robot_description/share/colcon-core/packages/hb_robot_description)
[0.959s] INFO:colcon.colcon_ros.task.ament_cmake.build:Building ROS package in '/home/zk/ros2_ws/src/hb_robot_moveit_config' with build type 'ament_cmake'
[0.960s] INFO:colcon.colcon_cmake.task.cmake.build:Building CMake package in '/home/zk/ros2_ws/src/hb_robot_moveit_config'
[0.961s] INFO:colcon.colcon_core.shell:Skip shell extension 'powershell' for command environment: Not usable outside of PowerShell
[0.961s] DEBUG:colcon.colcon_core.shell:Skip shell extension 'dsv' for command environment
[0.980s] DEBUG:colcon.colcon_core.event_handler.log_command:Invoking command in '/home/zk/ros2_ws/build/hb_robot_moveit_config': CMAKE_PREFIX_PATH=${CMAKE_PREFIX_PATH}:/opt/ros/humble /usr/bin/cmake --build /home/zk/ros2_ws/build/hb_robot_moveit_config -- -j6 -l6
[1.054s] DEBUG:colcon.colcon_core.event_handler.log_command:Invoked command in '/home/zk/ros2_ws/build/hb_robot_moveit_config' returned '0': CMAKE_PREFIX_PATH=${CMAKE_PREFIX_PATH}:/opt/ros/humble /usr/bin/cmake --build /home/zk/ros2_ws/build/hb_robot_moveit_config -- -j6 -l6
[1.060s] DEBUG:colcon.colcon_core.event_handler.log_command:Invoking command in '/home/zk/ros2_ws/build/hb_robot_moveit_config': CMAKE_PREFIX_PATH=${CMAKE_PREFIX_PATH}:/opt/ros/humble /usr/bin/cmake --install /home/zk/ros2_ws/build/hb_robot_moveit_config
[1.082s] Level 1:colcon.colcon_core.environment:create_environment_scripts_only(hb_robot_moveit_config)
[1.083s] Level 1:colcon.colcon_core.environment:checking '/home/zk/ros2_ws/install/hb_robot_moveit_config' for CMake module files
[1.087s] DEBUG:colcon.colcon_core.event_handler.log_command:Invoked command in '/home/zk/ros2_ws/build/hb_robot_moveit_config' returned '0': CMAKE_PREFIX_PATH=${CMAKE_PREFIX_PATH}:/opt/ros/humble /usr/bin/cmake --install /home/zk/ros2_ws/build/hb_robot_moveit_config
[1.088s] Level 1:colcon.colcon_core.environment:checking '/home/zk/ros2_ws/install/hb_robot_moveit_config' for CMake config files
[1.089s] Level 1:colcon.colcon_core.shell:create_environment_hook('hb_robot_moveit_config', 'cmake_prefix_path')
[1.090s] INFO:colcon.colcon_core.shell:Creating environment hook '/home/zk/ros2_ws/install/hb_robot_moveit_config/share/hb_robot_moveit_config/hook/cmake_prefix_path.ps1'
[1.091s] INFO:colcon.colcon_core.shell:Creating environment descriptor '/home/zk/ros2_ws/install/hb_robot_moveit_config/share/hb_robot_moveit_config/hook/cmake_prefix_path.dsv'
[1.093s] INFO:colcon.colcon_core.shell:Creating environment hook '/home/zk/ros2_ws/install/hb_robot_moveit_config/share/hb_robot_moveit_config/hook/cmake_prefix_path.sh'
[1.095s] Level 1:colcon.colcon_core.environment:checking '/home/zk/ros2_ws/install/hb_robot_moveit_config/bin'
[1.095s] Level 1:colcon.colcon_core.environment:checking '/home/zk/ros2_ws/install/hb_robot_moveit_config/lib/pkgconfig/hb_robot_moveit_config.pc'
[1.096s] Level 1:colcon.colcon_core.environment:checking '/home/zk/ros2_ws/install/hb_robot_moveit_config/lib/python3.10/site-packages'
[1.097s] Level 1:colcon.colcon_core.environment:checking '/home/zk/ros2_ws/install/hb_robot_moveit_config/bin'
[1.098s] INFO:colcon.colcon_core.shell:Creating package script '/home/zk/ros2_ws/install/hb_robot_moveit_config/share/hb_robot_moveit_config/package.ps1'
[1.100s] INFO:colcon.colcon_core.shell:Creating package descriptor '/home/zk/ros2_ws/install/hb_robot_moveit_config/share/hb_robot_moveit_config/package.dsv'
[1.102s] INFO:colcon.colcon_core.shell:Creating package script '/home/zk/ros2_ws/install/hb_robot_moveit_config/share/hb_robot_moveit_config/package.sh'
[1.103s] INFO:colcon.colcon_core.shell:Creating package script '/home/zk/ros2_ws/install/hb_robot_moveit_config/share/hb_robot_moveit_config/package.bash'
[1.105s] INFO:colcon.colcon_core.shell:Creating package script '/home/zk/ros2_ws/install/hb_robot_moveit_config/share/hb_robot_moveit_config/package.zsh'
[1.106s] Level 1:colcon.colcon_core.environment:create_file_with_runtime_dependencies(/home/zk/ros2_ws/install/hb_robot_moveit_config/share/colcon-core/packages/hb_robot_moveit_config)
[1.109s] Level 1:colcon.colcon_core.environment:create_environment_scripts_only(hb_robot_moveit_config)
[1.109s] Level 1:colcon.colcon_core.environment:checking '/home/zk/ros2_ws/install/hb_robot_moveit_config' for CMake module files
[1.111s] Level 1:colcon.colcon_core.environment:checking '/home/zk/ros2_ws/install/hb_robot_moveit_config' for CMake config files
[1.112s] Level 1:colcon.colcon_core.shell:create_environment_hook('hb_robot_moveit_config', 'cmake_prefix_path')
[1.113s] INFO:colcon.colcon_core.shell:Creating environment hook '/home/zk/ros2_ws/install/hb_robot_moveit_config/share/hb_robot_moveit_config/hook/cmake_prefix_path.ps1'
[1.114s] INFO:colcon.colcon_core.shell:Creating environment descriptor '/home/zk/ros2_ws/install/hb_robot_moveit_config/share/hb_robot_moveit_config/hook/cmake_prefix_path.dsv'
[1.115s] INFO:colcon.colcon_core.shell:Creating environment hook '/home/zk/ros2_ws/install/hb_robot_moveit_config/share/hb_robot_moveit_config/hook/cmake_prefix_path.sh'
[1.118s] Level 1:colcon.colcon_core.environment:checking '/home/zk/ros2_ws/install/hb_robot_moveit_config/bin'
[1.118s] Level 1:colcon.colcon_core.environment:checking '/home/zk/ros2_ws/install/hb_robot_moveit_config/lib/pkgconfig/hb_robot_moveit_config.pc'
[1.119s] Level 1:colcon.colcon_core.environment:checking '/home/zk/ros2_ws/install/hb_robot_moveit_config/lib/python3.10/site-packages'
[1.119s] Level 1:colcon.colcon_core.environment:checking '/home/zk/ros2_ws/install/hb_robot_moveit_config/bin'
[1.120s] INFO:colcon.colcon_core.shell:Creating package script '/home/zk/ros2_ws/install/hb_robot_moveit_config/share/hb_robot_moveit_config/package.ps1'
[1.122s] INFO:colcon.colcon_core.shell:Creating package descriptor '/home/zk/ros2_ws/install/hb_robot_moveit_config/share/hb_robot_moveit_config/package.dsv'
[1.124s] INFO:colcon.colcon_core.shell:Creating package script '/home/zk/ros2_ws/install/hb_robot_moveit_config/share/hb_robot_moveit_config/package.sh'
[1.125s] INFO:colcon.colcon_core.shell:Creating package script '/home/zk/ros2_ws/install/hb_robot_moveit_config/share/hb_robot_moveit_config/package.bash'
[1.127s] INFO:colcon.colcon_core.shell:Creating package script '/home/zk/ros2_ws/install/hb_robot_moveit_config/share/hb_robot_moveit_config/package.zsh'
[1.128s] Level 1:colcon.colcon_core.environment:create_file_with_runtime_dependencies(/home/zk/ros2_ws/install/hb_robot_moveit_config/share/colcon-core/packages/hb_robot_moveit_config)
[1.129s] DEBUG:colcon.colcon_parallel_executor.executor.parallel:closing loop
[1.129s] DEBUG:colcon.colcon_parallel_executor.executor.parallel:loop closed
[1.130s] DEBUG:colcon.colcon_parallel_executor.executor.parallel:run_until_complete finished with '0'
[1.130s] DEBUG:colcon.colcon_core.event_reactor:joining thread
[1.145s] INFO:colcon.colcon_core.plugin_system:Skipping extension 'colcon_notification.desktop_notification.terminal_notifier': Not used on non-Darwin systems
[1.145s] INFO:colcon.colcon_core.plugin_system:Skipping extension 'colcon_notification.desktop_notification.win32': Not used on non-Windows systems
[1.145s] INFO:colcon.colcon_notification.desktop_notification:Sending desktop notification using 'notify2'
[1.189s] DEBUG:colcon.colcon_core.event_reactor:joined thread
[1.190s] INFO:colcon.colcon_core.shell:Creating prefix script '/home/zk/ros2_ws/install/local_setup.ps1'
[1.194s] INFO:colcon.colcon_core.shell:Creating prefix util module '/home/zk/ros2_ws/install/_local_setup_util_ps1.py'
[1.200s] INFO:colcon.colcon_core.shell:Creating prefix chain script '/home/zk/ros2_ws/install/setup.ps1'
[1.205s] INFO:colcon.colcon_core.shell:Creating prefix script '/home/zk/ros2_ws/install/local_setup.sh'
[1.207s] INFO:colcon.colcon_core.shell:Creating prefix util module '/home/zk/ros2_ws/install/_local_setup_util_sh.py'
[1.210s] INFO:colcon.colcon_core.shell:Creating prefix chain script '/home/zk/ros2_ws/install/setup.sh'
[1.214s] INFO:colcon.colcon_core.shell:Creating prefix script '/home/zk/ros2_ws/install/local_setup.bash'
[1.216s] INFO:colcon.colcon_core.shell:Creating prefix chain script '/home/zk/ros2_ws/install/setup.bash'
[1.220s] INFO:colcon.colcon_core.shell:Creating prefix script '/home/zk/ros2_ws/install/local_setup.zsh'
[1.222s] INFO:colcon.colcon_core.shell:Creating prefix chain script '/home/zk/ros2_ws/install/setup.zsh'
