[0.019s] Invoking command in '/home/zk/ros2_ws/build/cam_pub': CMAKE_PREFIX_PATH=${CMAKE_PREFIX_PATH}:/opt/ros/humble /usr/bin/cmake --build /home/zk/ros2_ws/build/cam_pub -- -j6 -l6
[0.084s] -- Found ament_cmake: 1.3.12 (/opt/ros/humble/share/ament_cmake/cmake)
[0.348s] -- Found rclcpp: 16.0.14 (/opt/ros/humble/share/rclcpp/cmake)
[0.415s] -- Found rosidl_generator_c: 3.1.7 (/opt/ros/humble/share/rosidl_generator_c/cmake)
[0.419s] -- Found rosidl_adapter: 3.1.7 (/opt/ros/humble/share/rosidl_adapter/cmake)
[0.433s] -- Found rosidl_generator_cpp: 3.1.7 (/opt/ros/humble/share/rosidl_generator_cpp/cmake)
[0.449s] -- Using all available rosidl_typesupport_c: rosidl_typesupport_fastrtps_c;rosidl_typesupport_introspection_c
[0.470s] -- Using all available rosidl_typesupport_cpp: rosidl_typesupport_fastrtps_cpp;rosidl_typesupport_introspection_cpp
[0.524s] -- Found rmw_implementation_cmake: 6.1.2 (/opt/ros/humble/share/rmw_implementation_cmake/cmake)
[0.526s] -- Found rmw_fastrtps_cpp: 6.2.8 (/opt/ros/humble/share/rmw_fastrtps_cpp/cmake)
[0.697s] -- Using RMW implementation 'rmw_fastrtps_cpp' as default
[0.781s] -- Found image_transport: 3.1.12 (/opt/ros/humble/share/image_transport/cmake)
[0.862s] -- Found cv_bridge: 3.2.1 (/opt/ros/humble/share/cv_bridge/cmake)
[0.880s] -- Found ament_lint_auto: 0.12.14 (/opt/ros/humble/share/ament_lint_auto/cmake)
[1.014s] -- Added test 'cppcheck' to perform static code analysis on C / C++ code
[1.015s] -- Configured cppcheck include dirs: /home/zk/ros2_ws/src/cam_pub/include
[1.015s] -- Configured cppcheck exclude dirs and/or files: 
[1.015s] -- Added test 'lint_cmake' to check CMake code style
[1.017s] -- Added test 'uncrustify' to check C / C++ code style
[1.017s] -- Configured uncrustify additional arguments: 
[1.017s] -- Added test 'xmllint' to check XML markup files
[1.019s] -- Configuring done
[1.061s] -- Generating done
[1.075s] -- Build files have been written to: /home/zk/ros2_ws/build/cam_pub
[1.135s] [35m[1mConsolidate compiler generated dependencies of target z_talk[0m
[1.135s] [35m[1mConsolidate compiler generated dependencies of target webcam_pub[0m
[1.154s] [ 16%] [32mBuilding CXX object CMakeFiles/hough_node.dir/src/hough_node.cpp.o[0m
[1.177s] [ 66%] [32mBuilding CXX object CMakeFiles/webcam_pub.dir/src/webcam_publisher.cpp.o[0m
[1.177s] [ 66%] Built target z_talk
[11.188s] [ 83%] [32m[1mLinking CXX executable webcam_pub[0m
[11.451s] [100%] [32m[1mLinking CXX executable hough_node[0m
[11.488s] /usr/bin/ld: warning: libopencv_core.so.4.5d, needed by /opt/ros/humble/lib/libcv_bridge.so, may conflict with libopencv_core.so.408
[11.610s] /usr/bin/ld: warning: libopencv_imgcodecs.so.4.5d, needed by /opt/ros/humble/lib/libcv_bridge.so, may conflict with libopencv_imgcodecs.so.408
[11.611s] /usr/bin/ld: warning: libopencv_imgproc.so.4.5d, needed by /opt/ros/humble/lib/libcv_bridge.so, may conflict with libopencv_imgproc.so.408
[11.612s] /usr/bin/ld: warning: libopencv_core.so.4.5d, needed by /opt/ros/humble/lib/libcv_bridge.so, may conflict with libopencv_core.so.408
[12.302s] [100%] Built target hough_node
[12.394s] [100%] Built target webcam_pub
[12.432s] Invoked command in '/home/zk/ros2_ws/build/cam_pub' returned '0': CMAKE_PREFIX_PATH=${CMAKE_PREFIX_PATH}:/opt/ros/humble /usr/bin/cmake --build /home/zk/ros2_ws/build/cam_pub -- -j6 -l6
[12.457s] Invoking command in '/home/zk/ros2_ws/build/cam_pub': CMAKE_PREFIX_PATH=${CMAKE_PREFIX_PATH}:/opt/ros/humble /usr/bin/cmake --install /home/zk/ros2_ws/build/cam_pub
[12.477s] -- Install configuration: ""
[12.477s] -- Up-to-date: /home/zk/ros2_ws/install/cam_pub/lib/cam_pub/z_talk
[12.478s] -- Installing: /home/zk/ros2_ws/install/cam_pub/lib/cam_pub/webcam_pub
[12.480s] -- Set runtime path of "/home/zk/ros2_ws/install/cam_pub/lib/cam_pub/webcam_pub" to ""
[12.480s] -- Installing: /home/zk/ros2_ws/install/cam_pub/lib/cam_pub/hough_node
[12.481s] -- Set runtime path of "/home/zk/ros2_ws/install/cam_pub/lib/cam_pub/hough_node" to ""
[12.481s] -- Up-to-date: /home/zk/ros2_ws/install/cam_pub/share/ament_index/resource_index/package_run_dependencies/cam_pub
[12.481s] -- Up-to-date: /home/zk/ros2_ws/install/cam_pub/share/ament_index/resource_index/parent_prefix_path/cam_pub
[12.482s] -- Up-to-date: /home/zk/ros2_ws/install/cam_pub/share/cam_pub/environment/ament_prefix_path.sh
[12.482s] -- Installing: /home/zk/ros2_ws/install/cam_pub/share/cam_pub/environment/ament_prefix_path.dsv
[12.482s] -- Up-to-date: /home/zk/ros2_ws/install/cam_pub/share/cam_pub/environment/path.sh
[12.482s] -- Installing: /home/zk/ros2_ws/install/cam_pub/share/cam_pub/environment/path.dsv
[12.482s] -- Up-to-date: /home/zk/ros2_ws/install/cam_pub/share/cam_pub/local_setup.bash
[12.482s] -- Up-to-date: /home/zk/ros2_ws/install/cam_pub/share/cam_pub/local_setup.sh
[12.482s] -- Up-to-date: /home/zk/ros2_ws/install/cam_pub/share/cam_pub/local_setup.zsh
[12.483s] -- Installing: /home/zk/ros2_ws/install/cam_pub/share/cam_pub/local_setup.dsv
[12.483s] -- Installing: /home/zk/ros2_ws/install/cam_pub/share/cam_pub/package.dsv
[12.483s] -- Up-to-date: /home/zk/ros2_ws/install/cam_pub/share/ament_index/resource_index/packages/cam_pub
[12.483s] -- Up-to-date: /home/zk/ros2_ws/install/cam_pub/share/cam_pub/cmake/cam_pubConfig.cmake
[12.484s] -- Up-to-date: /home/zk/ros2_ws/install/cam_pub/share/cam_pub/cmake/cam_pubConfig-version.cmake
[12.484s] -- Installing: /home/zk/ros2_ws/install/cam_pub/share/cam_pub/package.xml
[12.488s] Invoked command in '/home/zk/ros2_ws/build/cam_pub' returned '0': CMAKE_PREFIX_PATH=${CMAKE_PREFIX_PATH}:/opt/ros/humble /usr/bin/cmake --install /home/zk/ros2_ws/build/cam_pub
