[0.021s] Invoking command in '/home/zk/ros2_ws/build/realsense2_camera': AMENT_PREFIX_PATH=/home/zk/ros2_ws/install/realsense2_camera_msgs:${AMENT_PREFIX_PATH} CMAKE_PREFIX_PATH=/home/zk/ros2_ws/install/realsense2_camera_msgs:/opt/ros/humble LD_LIBRARY_PATH=/home/zk/ros2_ws/install/realsense2_camera_msgs/lib:${LD_LIBRARY_PATH} PYTHONPATH=/home/zk/ros2_ws/install/realsense2_camera_msgs/local/lib/python3.10/dist-packages:${PYTHONPATH} /usr/bin/cmake /home/zk/ros2_ws/src/realsense-ros/realsense2_camera -DCMAKE_INSTALL_PREFIX=/home/zk/ros2_ws/install/realsense2_camera
[0.118s] -- The C compiler identification is GNU 11.4.0
[0.227s] -- The CXX compiler identification is GNU 11.4.0
[0.245s] -- Detecting C compiler ABI info
[0.392s] -- Detecting C compiler ABI info - done
[0.415s] -- Check for working C compiler: /usr/bin/cc - skipped
[0.416s] -- Detecting C compile features
[0.417s] -- Detecting C compile features - done
[0.428s] -- Detecting CXX compiler ABI info
[0.585s] -- Detecting CXX compiler ABI info - done
[0.610s] -- Check for working CXX compiler: /usr/bin/c++ - skipped
[0.611s] -- Detecting CXX compile features
[0.613s] -- Detecting CXX compile features - done
[0.615s] -- Create Release Build.
[0.621s] -- Found ament_cmake: 1.3.12 (/opt/ros/humble/share/ament_cmake/cmake)
[0.950s] -- Found Python3: /usr/bin/python3 (found version "3.10.12") found components: Interpreter 
[1.136s] -- Found builtin_interfaces: 1.2.2 (/opt/ros/humble/share/builtin_interfaces/cmake)
[1.197s] -- Found rosidl_generator_c: 3.1.7 (/opt/ros/humble/share/rosidl_generator_c/cmake)
[1.204s] -- Found rosidl_adapter: 3.1.7 (/opt/ros/humble/share/rosidl_adapter/cmake)
[1.218s] -- Found rosidl_generator_cpp: 3.1.7 (/opt/ros/humble/share/rosidl_generator_cpp/cmake)
[1.238s] -- Using all available rosidl_typesupport_c: rosidl_typesupport_fastrtps_c;rosidl_typesupport_introspection_c
[1.265s] -- Using all available rosidl_typesupport_cpp: rosidl_typesupport_fastrtps_cpp;rosidl_typesupport_introspection_cpp
[1.290s] -- Found cv_bridge: 3.2.1 (/opt/ros/humble/share/cv_bridge/cmake)
[1.378s] -- Found image_transport: 3.1.12 (/opt/ros/humble/share/image_transport/cmake)
[1.447s] -- Found rmw_implementation_cmake: 6.1.2 (/opt/ros/humble/share/rmw_implementation_cmake/cmake)
[1.451s] -- Found rmw_fastrtps_cpp: 6.2.8 (/opt/ros/humble/share/rmw_fastrtps_cpp/cmake)
[1.586s] -- Found OpenSSL: /usr/lib/aarch64-linux-gnu/libcrypto.so (found version "3.0.2")  
[1.635s] -- Found FastRTPS: /opt/ros/humble/include  
[1.707s] -- Using RMW implementation 'rmw_fastrtps_cpp' as default
[1.720s] -- Looking for pthread.h
[1.852s] -- Looking for pthread.h - found
[1.852s] -- Performing Test CMAKE_HAVE_LIBC_PTHREAD
[1.999s] -- Performing Test CMAKE_HAVE_LIBC_PTHREAD - Success
[2.003s] -- Found Threads: TRUE  
[2.147s] -- Found rclcpp_action: 16.0.14 (/opt/ros/humble/share/rclcpp_action/cmake)
[2.205s] -- Found rclcpp_components: 16.0.14 (/opt/ros/humble/share/rclcpp_components/cmake)
[2.233s] -- Found realsense2_camera_msgs: 4.56.4 (/home/zk/ros2_ws/install/realsense2_camera_msgs/share/realsense2_camera_msgs/cmake)
[2.272s] -- Found std_srvs: 4.9.0 (/opt/ros/humble/share/std_srvs/cmake)
[2.305s] -- Found nav_msgs: 4.9.0 (/opt/ros/humble/share/nav_msgs/cmake)
[2.353s] -- Found tf2_ros: 0.25.15 (/opt/ros/humble/share/tf2_ros/cmake)
[2.414s] -- Found diagnostic_updater: 4.0.6 (/opt/ros/humble/share/diagnostic_updater/cmake)
[2.463s] -- Found OpenCV: /usr (found version "4.8.0") found components: core 
[2.470s] -- Build for ROS2 Humble
[2.477s] -- Found ament_cmake_gtest: 1.3.12 (/opt/ros/humble/share/ament_cmake_gtest/cmake)
[2.486s] -- Found gtest sources under '/opt/ros/humble/src/gtest_vendor': C++ tests using 'Google Test' will be built
[2.497s] -- Found ament_cmake_pytest: 1.3.12 (/opt/ros/humble/share/ament_cmake_pytest/cmake)
[9.306s] -- rs_device_info:
[9.307s] -- No device detected. Is it plugged in?
[9.307s] 
[9.473s] -- Configuring done
[9.537s] -- Generating done
[9.552s] -- Build files have been written to: /home/zk/ros2_ws/build/realsense2_camera
[9.585s] Invoked command in '/home/zk/ros2_ws/build/realsense2_camera' returned '0': AMENT_PREFIX_PATH=/home/zk/ros2_ws/install/realsense2_camera_msgs:${AMENT_PREFIX_PATH} CMAKE_PREFIX_PATH=/home/zk/ros2_ws/install/realsense2_camera_msgs:/opt/ros/humble LD_LIBRARY_PATH=/home/zk/ros2_ws/install/realsense2_camera_msgs/lib:${LD_LIBRARY_PATH} PYTHONPATH=/home/zk/ros2_ws/install/realsense2_camera_msgs/local/lib/python3.10/dist-packages:${PYTHONPATH} /usr/bin/cmake /home/zk/ros2_ws/src/realsense-ros/realsense2_camera -DCMAKE_INSTALL_PREFIX=/home/zk/ros2_ws/install/realsense2_camera
[9.590s] Invoking command in '/home/zk/ros2_ws/build/realsense2_camera': AMENT_PREFIX_PATH=/home/zk/ros2_ws/install/realsense2_camera_msgs:${AMENT_PREFIX_PATH} CMAKE_PREFIX_PATH=/home/zk/ros2_ws/install/realsense2_camera_msgs:/opt/ros/humble LD_LIBRARY_PATH=/home/zk/ros2_ws/install/realsense2_camera_msgs/lib:${LD_LIBRARY_PATH} PYTHONPATH=/home/zk/ros2_ws/install/realsense2_camera_msgs/local/lib/python3.10/dist-packages:${PYTHONPATH} /usr/bin/cmake --build /home/zk/ros2_ws/build/realsense2_camera -- -j6 -l6
[9.689s] [  4%] [32mBuilding CXX object CMakeFiles/realsense2_camera.dir/src/realsense_node_factory.cpp.o[0m
[9.694s] [  8%] [32mBuilding CXX object CMakeFiles/realsense2_camera_node.dir/rclcpp_components/node_main_realsense2_camera_node.cpp.o[0m
[9.694s] [ 12%] [32mBuilding CXX object gtest/CMakeFiles/gtest.dir/src/gtest-all.cc.o[0m
[9.694s] [ 16%] [32mBuilding CXX object CMakeFiles/realsense2_camera.dir/src/parameters.cpp.o[0m
[9.695s] [ 20%] [32mBuilding CXX object gtest/CMakeFiles/gtest_main.dir/src/gtest_main.cc.o[0m
[9.702s] [ 24%] [32mBuilding CXX object CMakeFiles/realsense2_camera.dir/src/base_realsense_node.cpp.o[0m
[11.537s] [ 28%] [32m[1mLinking CXX static library libgtest_main.a[0m
[11.688s] [ 28%] Built target gtest_main
[11.726s] [ 32%] [32mBuilding CXX object CMakeFiles/realsense2_camera.dir/src/rs_node_setup.cpp.o[0m
[20.068s] [ 36%] [32m[1mLinking CXX executable realsense2_camera_node[0m
[20.351s] [ 36%] Built target realsense2_camera_node
[20.370s] [ 40%] [32mBuilding CXX object CMakeFiles/realsense2_camera.dir/src/ros_sensor.cpp.o[0m
[30.621s] [ 44%] [32m[1mLinking CXX static library libgtest.a[0m
[31.202s] [ 48%] [32mBuilding CXX object CMakeFiles/realsense2_camera.dir/src/ros_utils.cpp.o[0m
[31.949s] [ 48%] Built target gtest
[32.016s] [ 52%] [32mBuilding CXX object CMakeFiles/gtest_template.dir/test/gtest_template.cpp.o[0m
[34.268s] [ 56%] [32m[1mLinking CXX executable gtest_template[0m
[34.512s] [ 56%] Built target gtest_template
[34.528s] [ 60%] [32mBuilding CXX object CMakeFiles/realsense2_camera.dir/src/dynamic_params.cpp.o[0m
[38.769s] [ 64%] [32mBuilding CXX object CMakeFiles/realsense2_camera.dir/src/sensor_params.cpp.o[0m
[39.665s] [ 68%] [32mBuilding CXX object CMakeFiles/realsense2_camera.dir/src/named_filter.cpp.o[0m
[41.522s] [ 72%] [32mBuilding CXX object CMakeFiles/realsense2_camera.dir/src/pointcloud_filter.cpp.o[0m
[49.460s] [ 76%] [32mBuilding CXX object CMakeFiles/realsense2_camera.dir/src/align_depth_filter.cpp.o[0m
[51.107s] [ 80%] [32mBuilding CXX object CMakeFiles/realsense2_camera.dir/src/profile_manager.cpp.o[0m
[51.594s] [ 84%] [32mBuilding CXX object CMakeFiles/realsense2_camera.dir/src/image_publisher.cpp.o[0m
[52.294s] [ 88%] [32mBuilding CXX object CMakeFiles/realsense2_camera.dir/src/tfs.cpp.o[0m
[58.746s] [ 92%] [32mBuilding CXX object CMakeFiles/realsense2_camera.dir/src/actions.cpp.o[0m
[62.179s] [ 96%] [32mBuilding CXX object CMakeFiles/realsense2_camera.dir/src/ros_param_backend.cpp.o[0m
[76.779s] [100%] [32m[1mLinking CXX shared library librealsense2_camera.so[0m
[78.420s] [100%] Built target realsense2_camera
[78.447s] Invoked command in '/home/zk/ros2_ws/build/realsense2_camera' returned '0': AMENT_PREFIX_PATH=/home/zk/ros2_ws/install/realsense2_camera_msgs:${AMENT_PREFIX_PATH} CMAKE_PREFIX_PATH=/home/zk/ros2_ws/install/realsense2_camera_msgs:/opt/ros/humble LD_LIBRARY_PATH=/home/zk/ros2_ws/install/realsense2_camera_msgs/lib:${LD_LIBRARY_PATH} PYTHONPATH=/home/zk/ros2_ws/install/realsense2_camera_msgs/local/lib/python3.10/dist-packages:${PYTHONPATH} /usr/bin/cmake --build /home/zk/ros2_ws/build/realsense2_camera -- -j6 -l6
[78.453s] Invoking command in '/home/zk/ros2_ws/build/realsense2_camera': AMENT_PREFIX_PATH=/home/zk/ros2_ws/install/realsense2_camera_msgs:${AMENT_PREFIX_PATH} CMAKE_PREFIX_PATH=/home/zk/ros2_ws/install/realsense2_camera_msgs:/opt/ros/humble LD_LIBRARY_PATH=/home/zk/ros2_ws/install/realsense2_camera_msgs/lib:${LD_LIBRARY_PATH} PYTHONPATH=/home/zk/ros2_ws/install/realsense2_camera_msgs/local/lib/python3.10/dist-packages:${PYTHONPATH} /usr/bin/cmake --install /home/zk/ros2_ws/build/realsense2_camera
[78.469s] -- Install configuration: "Release"
[78.471s] -- Installing: /home/zk/ros2_ws/install/realsense2_camera/share/realsense2_camera/config/global_settings.yaml
[78.474s] -- Installing: /home/zk/ros2_ws/install/realsense2_camera/lib/realsense2_camera/realsense2_camera_node
[78.475s] -- Set runtime path of "/home/zk/ros2_ws/install/realsense2_camera/lib/realsense2_camera/realsense2_camera_node" to ""
[78.475s] -- Installing: /home/zk/ros2_ws/install/realsense2_camera/lib/librealsense2_camera.so
[78.483s] -- Set runtime path of "/home/zk/ros2_ws/install/realsense2_camera/lib/librealsense2_camera.so" to ""
[78.483s] -- Installing: /home/zk/ros2_ws/install/realsense2_camera/include
[78.484s] -- Installing: /home/zk/ros2_ws/install/realsense2_camera/include/pointcloud_filter.h
[78.485s] -- Installing: /home/zk/ros2_ws/install/realsense2_camera/include/ros_utils.h
[78.485s] -- Installing: /home/zk/ros2_ws/install/realsense2_camera/include/ros_param_backend.h
[78.486s] -- Installing: /home/zk/ros2_ws/install/realsense2_camera/include/realsense_node_factory.h
[78.486s] -- Installing: /home/zk/ros2_ws/install/realsense2_camera/include/dynamic_params.h
[78.486s] -- Installing: /home/zk/ros2_ws/install/realsense2_camera/include/ros_node_base.h
[78.487s] -- Installing: /home/zk/ros2_ws/install/realsense2_camera/include/sensor_params.h
[78.487s] -- Installing: /home/zk/ros2_ws/install/realsense2_camera/include/named_filter.h
[78.487s] -- Installing: /home/zk/ros2_ws/install/realsense2_camera/include/image_publisher.h
[78.488s] -- Installing: /home/zk/ros2_ws/install/realsense2_camera/include/align_depth_filter.h
[78.488s] -- Installing: /home/zk/ros2_ws/install/realsense2_camera/include/base_realsense_node.h
[78.488s] -- Installing: /home/zk/ros2_ws/install/realsense2_camera/include/ros_sensor.h
[78.488s] -- Installing: /home/zk/ros2_ws/install/realsense2_camera/include/gl_window.h
[78.489s] -- Installing: /home/zk/ros2_ws/install/realsense2_camera/include/constants.h
[78.489s] -- Installing: /home/zk/ros2_ws/install/realsense2_camera/include/profile_manager.h
[78.489s] -- Installing: /home/zk/ros2_ws/install/realsense2_camera/share/realsense2_camera/launch
[78.490s] -- Installing: /home/zk/ros2_ws/install/realsense2_camera/share/realsense2_camera/launch/default.rviz
[78.491s] -- Installing: /home/zk/ros2_ws/install/realsense2_camera/share/realsense2_camera/launch/rs_launch.py
[78.491s] -- Installing: /home/zk/ros2_ws/install/realsense2_camera/share/realsense2_camera/launch/rs_intra_process_demo_launch.py
[78.492s] -- Installing: /home/zk/ros2_ws/install/realsense2_camera/share/realsense2_camera/launch/rs_multi_camera_launch_sync.py
[78.492s] -- Installing: /home/zk/ros2_ws/install/realsense2_camera/share/realsense2_camera/launch/rs_multi_camera_launch.py
[78.493s] -- Installing: /home/zk/ros2_ws/install/realsense2_camera/share/realsense2_camera/examples
[78.494s] -- Installing: /home/zk/ros2_ws/install/realsense2_camera/share/realsense2_camera/examples/d500_tables
[78.495s] -- Installing: /home/zk/ros2_ws/install/realsense2_camera/share/realsense2_camera/examples/d500_tables/calib_config_example.json
[78.496s] -- Installing: /home/zk/ros2_ws/install/realsense2_camera/share/realsense2_camera/examples/align_depth
[78.497s] -- Installing: /home/zk/ros2_ws/install/realsense2_camera/share/realsense2_camera/examples/align_depth/rs_align_depth_launch.py
[78.498s] -- Installing: /home/zk/ros2_ws/install/realsense2_camera/share/realsense2_camera/examples/align_depth/README.md
[78.498s] -- Installing: /home/zk/ros2_ws/install/realsense2_camera/share/realsense2_camera/examples/launch_params_from_file
[78.499s] -- Installing: /home/zk/ros2_ws/install/realsense2_camera/share/realsense2_camera/examples/launch_params_from_file/config
[78.500s] -- Installing: /home/zk/ros2_ws/install/realsense2_camera/share/realsense2_camera/examples/launch_params_from_file/config/config.yaml
[78.501s] -- Installing: /home/zk/ros2_ws/install/realsense2_camera/share/realsense2_camera/examples/launch_params_from_file/rs_launch_get_params_from_yaml.py
[78.501s] -- Installing: /home/zk/ros2_ws/install/realsense2_camera/share/realsense2_camera/examples/launch_params_from_file/README.md
[78.502s] -- Installing: /home/zk/ros2_ws/install/realsense2_camera/share/realsense2_camera/examples/pointcloud
[78.503s] -- Installing: /home/zk/ros2_ws/install/realsense2_camera/share/realsense2_camera/examples/pointcloud/rs_pointcloud_launch.py
[78.503s] -- Installing: /home/zk/ros2_ws/install/realsense2_camera/share/realsense2_camera/examples/pointcloud/rs_d455_pointcloud_launch.py
[78.504s] -- Installing: /home/zk/ros2_ws/install/realsense2_camera/share/realsense2_camera/examples/pointcloud/rs_d405_pointcloud_launch.py
[78.504s] -- Installing: /home/zk/ros2_ws/install/realsense2_camera/share/realsense2_camera/examples/pointcloud/README.md
[78.505s] -- Installing: /home/zk/ros2_ws/install/realsense2_camera/share/realsense2_camera/examples/pointcloud/rviz
[78.506s] -- Installing: /home/zk/ros2_ws/install/realsense2_camera/share/realsense2_camera/examples/pointcloud/rviz/urdf_pointcloud.rviz
[78.511s] -- Installing: /home/zk/ros2_ws/install/realsense2_camera/share/realsense2_camera/examples/pointcloud/rviz/pointcloud.rviz
[78.517s] -- Installing: /home/zk/ros2_ws/install/realsense2_camera/share/realsense2_camera/examples/pointcloud/rs_pointcloud_infra_launch.py
[78.518s] -- Installing: /home/zk/ros2_ws/install/realsense2_camera/share/realsense2_camera/examples/launch_from_rosbag
[78.519s] -- Installing: /home/zk/ros2_ws/install/realsense2_camera/share/realsense2_camera/examples/launch_from_rosbag/rs_launch_from_rosbag.py
[78.520s] -- Installing: /home/zk/ros2_ws/install/realsense2_camera/share/realsense2_camera/examples/launch_from_rosbag/README.md
[78.521s] -- Installing: /home/zk/ros2_ws/install/realsense2_camera/share/realsense2_camera/examples/dual_camera
[78.525s] -- Installing: /home/zk/ros2_ws/install/realsense2_camera/share/realsense2_camera/examples/dual_camera/rs_dual_camera_launch.py
[78.528s] -- Installing: /home/zk/ros2_ws/install/realsense2_camera/share/realsense2_camera/examples/dual_camera/README.md
[78.529s] -- Installing: /home/zk/ros2_ws/install/realsense2_camera/share/realsense2_camera/examples/dual_camera/rviz
[78.530s] -- Installing: /home/zk/ros2_ws/install/realsense2_camera/share/realsense2_camera/examples/dual_camera/rviz/dual_camera_pointcloud.rviz
[78.540s] -- Installing: /home/zk/ros2_ws/install/realsense2_camera/share/realsense2_camera/environment/library_path.sh
[78.541s] -- Installing: /home/zk/ros2_ws/install/realsense2_camera/share/realsense2_camera/environment/library_path.dsv
[78.543s] -- Installing: /home/zk/ros2_ws/install/realsense2_camera/share/ament_index/resource_index/package_run_dependencies/realsense2_camera
[78.544s] -- Installing: /home/zk/ros2_ws/install/realsense2_camera/share/ament_index/resource_index/parent_prefix_path/realsense2_camera
[78.545s] -- Installing: /home/zk/ros2_ws/install/realsense2_camera/share/realsense2_camera/environment/ament_prefix_path.sh
[78.545s] -- Installing: /home/zk/ros2_ws/install/realsense2_camera/share/realsense2_camera/environment/ament_prefix_path.dsv
[78.547s] -- Installing: /home/zk/ros2_ws/install/realsense2_camera/share/realsense2_camera/environment/path.sh
[78.547s] -- Installing: /home/zk/ros2_ws/install/realsense2_camera/share/realsense2_camera/environment/path.dsv
[78.548s] -- Installing: /home/zk/ros2_ws/install/realsense2_camera/share/realsense2_camera/local_setup.bash
[78.549s] -- Installing: /home/zk/ros2_ws/install/realsense2_camera/share/realsense2_camera/local_setup.sh
[78.549s] -- Installing: /home/zk/ros2_ws/install/realsense2_camera/share/realsense2_camera/local_setup.zsh
[78.554s] -- Installing: /home/zk/ros2_ws/install/realsense2_camera/share/realsense2_camera/local_setup.dsv
[78.555s] -- Installing: /home/zk/ros2_ws/install/realsense2_camera/share/realsense2_camera/package.dsv
[78.556s] -- Installing: /home/zk/ros2_ws/install/realsense2_camera/share/ament_index/resource_index/packages/realsense2_camera
[78.557s] -- Installing: /home/zk/ros2_ws/install/realsense2_camera/share/ament_index/resource_index/rclcpp_components/realsense2_camera
[78.558s] -- Installing: /home/zk/ros2_ws/install/realsense2_camera/share/realsense2_camera/cmake/ament_cmake_export_include_directories-extras.cmake
[78.559s] -- Installing: /home/zk/ros2_ws/install/realsense2_camera/share/realsense2_camera/cmake/ament_cmake_export_libraries-extras.cmake
[78.559s] -- Installing: /home/zk/ros2_ws/install/realsense2_camera/share/realsense2_camera/cmake/ament_cmake_export_dependencies-extras.cmake
[78.560s] -- Installing: /home/zk/ros2_ws/install/realsense2_camera/share/realsense2_camera/cmake/realsense2_cameraConfig.cmake
[78.561s] -- Installing: /home/zk/ros2_ws/install/realsense2_camera/share/realsense2_camera/cmake/realsense2_cameraConfig-version.cmake
[78.561s] -- Installing: /home/zk/ros2_ws/install/realsense2_camera/share/realsense2_camera/package.xml
[78.569s] Invoked command in '/home/zk/ros2_ws/build/realsense2_camera' returned '0': AMENT_PREFIX_PATH=/home/zk/ros2_ws/install/realsense2_camera_msgs:${AMENT_PREFIX_PATH} CMAKE_PREFIX_PATH=/home/zk/ros2_ws/install/realsense2_camera_msgs:/opt/ros/humble LD_LIBRARY_PATH=/home/zk/ros2_ws/install/realsense2_camera_msgs/lib:${LD_LIBRARY_PATH} PYTHONPATH=/home/zk/ros2_ws/install/realsense2_camera_msgs/local/lib/python3.10/dist-packages:${PYTHONPATH} /usr/bin/cmake --install /home/zk/ros2_ws/build/realsense2_camera
