[ 33%] Built target z_talk
[ 66%] Built target webcam_pub
[100%] Built target hough_node
-- Install configuration: ""
-- Up-to-date: /home/zk/ros2_ws/install/cam_pub/lib/cam_pub/z_talk
-- Up-to-date: /home/zk/ros2_ws/install/cam_pub/lib/cam_pub/webcam_pub
-- Up-to-date: /home/zk/ros2_ws/install/cam_pub/lib/cam_pub/hough_node
-- Up-to-date: /home/zk/ros2_ws/install/cam_pub/share/ament_index/resource_index/package_run_dependencies/cam_pub
-- Up-to-date: /home/zk/ros2_ws/install/cam_pub/share/ament_index/resource_index/parent_prefix_path/cam_pub
-- Up-to-date: /home/zk/ros2_ws/install/cam_pub/share/cam_pub/environment/ament_prefix_path.sh
-- Up-to-date: /home/zk/ros2_ws/install/cam_pub/share/cam_pub/environment/ament_prefix_path.dsv
-- Up-to-date: /home/zk/ros2_ws/install/cam_pub/share/cam_pub/environment/path.sh
-- Up-to-date: /home/zk/ros2_ws/install/cam_pub/share/cam_pub/environment/path.dsv
-- Up-to-date: /home/zk/ros2_ws/install/cam_pub/share/cam_pub/local_setup.bash
-- Up-to-date: /home/zk/ros2_ws/install/cam_pub/share/cam_pub/local_setup.sh
-- Up-to-date: /home/zk/ros2_ws/install/cam_pub/share/cam_pub/local_setup.zsh
-- Up-to-date: /home/zk/ros2_ws/install/cam_pub/share/cam_pub/local_setup.dsv
-- Installing: /home/zk/ros2_ws/install/cam_pub/share/cam_pub/package.dsv
-- Up-to-date: /home/zk/ros2_ws/install/cam_pub/share/ament_index/resource_index/packages/cam_pub
-- Up-to-date: /home/zk/ros2_ws/install/cam_pub/share/cam_pub/cmake/cam_pubConfig.cmake
-- Up-to-date: /home/zk/ros2_ws/install/cam_pub/share/cam_pub/cmake/cam_pubConfig-version.cmake
-- Up-to-date: /home/zk/ros2_ws/install/cam_pub/share/cam_pub/package.xml
