[0.068s] Invoking command in '/home/zk/ros2_ws/build/cam_pub': CMAKE_PREFIX_PATH=/opt/ros/humble /usr/bin/cmake --build /home/zk/ros2_ws/build/cam_pub -- -j6 -l6
[0.585s] [ 33%] Built target z_talk
[0.639s] [ 66%] Built target webcam_pub
[0.640s] [100%] Built target hough_node
[0.663s] Invoked command in '/home/zk/ros2_ws/build/cam_pub' returned '0': CMAKE_PREFIX_PATH=/opt/ros/humble /usr/bin/cmake --build /home/zk/ros2_ws/build/cam_pub -- -j6 -l6
[0.688s] Invoking command in '/home/zk/ros2_ws/build/cam_pub': CMAKE_PREFIX_PATH=/opt/ros/humble /usr/bin/cmake --install /home/zk/ros2_ws/build/cam_pub
[0.703s] -- Install configuration: ""
[0.708s] -- Up-to-date: /home/zk/ros2_ws/install/cam_pub/lib/cam_pub/z_talk
[0.712s] -- Up-to-date: /home/zk/ros2_ws/install/cam_pub/lib/cam_pub/webcam_pub
[0.715s] -- Up-to-date: /home/zk/ros2_ws/install/cam_pub/lib/cam_pub/hough_node
[0.719s] -- Up-to-date: /home/zk/ros2_ws/install/cam_pub/share/ament_index/resource_index/package_run_dependencies/cam_pub
[0.719s] -- Up-to-date: /home/zk/ros2_ws/install/cam_pub/share/ament_index/resource_index/parent_prefix_path/cam_pub
[0.721s] -- Up-to-date: /home/zk/ros2_ws/install/cam_pub/share/cam_pub/environment/ament_prefix_path.sh
[0.721s] -- Up-to-date: /home/zk/ros2_ws/install/cam_pub/share/cam_pub/environment/ament_prefix_path.dsv
[0.721s] -- Up-to-date: /home/zk/ros2_ws/install/cam_pub/share/cam_pub/environment/path.sh
[0.722s] -- Up-to-date: /home/zk/ros2_ws/install/cam_pub/share/cam_pub/environment/path.dsv
[0.722s] -- Up-to-date: /home/zk/ros2_ws/install/cam_pub/share/cam_pub/local_setup.bash
[0.722s] -- Up-to-date: /home/zk/ros2_ws/install/cam_pub/share/cam_pub/local_setup.sh
[0.722s] -- Up-to-date: /home/zk/ros2_ws/install/cam_pub/share/cam_pub/local_setup.zsh
[0.722s] -- Up-to-date: /home/zk/ros2_ws/install/cam_pub/share/cam_pub/local_setup.dsv
[0.722s] -- Installing: /home/zk/ros2_ws/install/cam_pub/share/cam_pub/package.dsv
[0.724s] -- Up-to-date: /home/zk/ros2_ws/install/cam_pub/share/ament_index/resource_index/packages/cam_pub
[0.724s] -- Up-to-date: /home/zk/ros2_ws/install/cam_pub/share/cam_pub/cmake/cam_pubConfig.cmake
[0.725s] -- Up-to-date: /home/zk/ros2_ws/install/cam_pub/share/cam_pub/cmake/cam_pubConfig-version.cmake
[0.725s] -- Up-to-date: /home/zk/ros2_ws/install/cam_pub/share/cam_pub/package.xml
[0.731s] Invoked command in '/home/zk/ros2_ws/build/cam_pub' returned '0': CMAKE_PREFIX_PATH=/opt/ros/humble /usr/bin/cmake --install /home/zk/ros2_ws/build/cam_pub
