[0.022s] Invoking command in '/home/zk/ros2_ws/build/cam_pub': CMAKE_PREFIX_PATH=${CMAKE_PREFIX_PATH}:/opt/ros/humble /usr/bin/cmake --build /home/zk/ros2_ws/build/cam_pub -- -j6 -l6
[0.069s] -- Found ament_cmake: 1.3.12 (/opt/ros/humble/share/ament_cmake/cmake)
[0.344s] -- Found rclcpp: 16.0.14 (/opt/ros/humble/share/rclcpp/cmake)
[0.416s] -- Found rosidl_generator_c: 3.1.7 (/opt/ros/humble/share/rosidl_generator_c/cmake)
[0.420s] -- Found rosidl_adapter: 3.1.7 (/opt/ros/humble/share/rosidl_adapter/cmake)
[0.430s] -- Found rosidl_generator_cpp: 3.1.7 (/opt/ros/humble/share/rosidl_generator_cpp/cmake)
[0.446s] -- Using all available rosidl_typesupport_c: rosidl_typesupport_fastrtps_c;rosidl_typesupport_introspection_c
[0.465s] -- Using all available rosidl_typesupport_cpp: rosidl_typesupport_fastrtps_cpp;rosidl_typesupport_introspection_cpp
[0.517s] -- Found rmw_implementation_cmake: 6.1.2 (/opt/ros/humble/share/rmw_implementation_cmake/cmake)
[0.519s] -- Found rmw_fastrtps_cpp: 6.2.8 (/opt/ros/humble/share/rmw_fastrtps_cpp/cmake)
[0.679s] -- Using RMW implementation 'rmw_fastrtps_cpp' as default
[0.760s] -- Found image_transport: 3.1.12 (/opt/ros/humble/share/image_transport/cmake)
[0.837s] -- Found cv_bridge: 3.2.1 (/opt/ros/humble/share/cv_bridge/cmake)
[0.851s] -- Found ament_lint_auto: 0.12.14 (/opt/ros/humble/share/ament_lint_auto/cmake)
[0.985s] -- Added test 'cppcheck' to perform static code analysis on C / C++ code
[0.985s] -- Configured cppcheck include dirs: /home/zk/ros2_ws/src/cam_pub/include
[0.985s] -- Configured cppcheck exclude dirs and/or files: 
[0.986s] -- Added test 'lint_cmake' to check CMake code style
[0.987s] -- Added test 'uncrustify' to check C / C++ code style
[0.987s] -- Configured uncrustify additional arguments: 
[0.987s] -- Added test 'xmllint' to check XML markup files
[0.989s] -- Configuring done
[1.017s] -- Generating done
[1.027s] -- Build files have been written to: /home/zk/ros2_ws/build/cam_pub
[1.086s] [35m[1mConsolidate compiler generated dependencies of target z_talk[0m
[1.086s] [35m[1mConsolidate compiler generated dependencies of target webcam_pub[0m
[1.124s] [ 50%] [32mBuilding CXX object CMakeFiles/z_talk.dir/src/zain_pub.cpp.o[0m
[1.124s] [ 50%] [32mBuilding CXX object CMakeFiles/webcam_pub.dir/src/webcam_publisher.cpp.o[0m
[9.979s] [ 75%] [32m[1mLinking CXX executable z_talk[0m
[10.334s] [ 75%] Built target z_talk
[11.300s] [100%] [32m[1mLinking CXX executable webcam_pub[0m
[11.588s] /usr/bin/ld: warning: libopencv_core.so.4.5d, needed by /opt/ros/humble/lib/libcv_bridge.so, may conflict with libopencv_core.so.408
[12.589s] [100%] Built target webcam_pub
[12.618s] Invoked command in '/home/zk/ros2_ws/build/cam_pub' returned '0': CMAKE_PREFIX_PATH=${CMAKE_PREFIX_PATH}:/opt/ros/humble /usr/bin/cmake --build /home/zk/ros2_ws/build/cam_pub -- -j6 -l6
[12.640s] Invoking command in '/home/zk/ros2_ws/build/cam_pub': CMAKE_PREFIX_PATH=${CMAKE_PREFIX_PATH}:/opt/ros/humble /usr/bin/cmake --install /home/zk/ros2_ws/build/cam_pub
[12.656s] -- Install configuration: ""
[12.656s] -- Installing: /home/zk/ros2_ws/install/cam_pub/lib/cam_pub/z_talk
[12.660s] -- Set runtime path of "/home/zk/ros2_ws/install/cam_pub/lib/cam_pub/z_talk" to ""
[12.660s] -- Installing: /home/zk/ros2_ws/install/cam_pub/lib/cam_pub/webcam_pub
[12.661s] -- Set runtime path of "/home/zk/ros2_ws/install/cam_pub/lib/cam_pub/webcam_pub" to ""
[12.661s] -- Installing: /home/zk/ros2_ws/install/cam_pub/share/ament_index/resource_index/package_run_dependencies/cam_pub
[12.661s] -- Installing: /home/zk/ros2_ws/install/cam_pub/share/ament_index/resource_index/parent_prefix_path/cam_pub
[12.661s] -- Up-to-date: /home/zk/ros2_ws/install/cam_pub/share/cam_pub/environment/ament_prefix_path.sh
[12.661s] -- Installing: /home/zk/ros2_ws/install/cam_pub/share/cam_pub/environment/ament_prefix_path.dsv
[12.662s] -- Up-to-date: /home/zk/ros2_ws/install/cam_pub/share/cam_pub/environment/path.sh
[12.662s] -- Installing: /home/zk/ros2_ws/install/cam_pub/share/cam_pub/environment/path.dsv
[12.662s] -- Up-to-date: /home/zk/ros2_ws/install/cam_pub/share/cam_pub/local_setup.bash
[12.663s] -- Up-to-date: /home/zk/ros2_ws/install/cam_pub/share/cam_pub/local_setup.sh
[12.663s] -- Up-to-date: /home/zk/ros2_ws/install/cam_pub/share/cam_pub/local_setup.zsh
[12.663s] -- Installing: /home/zk/ros2_ws/install/cam_pub/share/cam_pub/local_setup.dsv
[12.665s] -- Installing: /home/zk/ros2_ws/install/cam_pub/share/cam_pub/package.dsv
[12.665s] -- Up-to-date: /home/zk/ros2_ws/install/cam_pub/share/ament_index/resource_index/packages/cam_pub
[12.665s] -- Up-to-date: /home/zk/ros2_ws/install/cam_pub/share/cam_pub/cmake/cam_pubConfig.cmake
[12.665s] -- Up-to-date: /home/zk/ros2_ws/install/cam_pub/share/cam_pub/cmake/cam_pubConfig-version.cmake
[12.665s] -- Installing: /home/zk/ros2_ws/install/cam_pub/share/cam_pub/package.xml
[12.669s] Invoked command in '/home/zk/ros2_ws/build/cam_pub' returned '0': CMAKE_PREFIX_PATH=${CMAKE_PREFIX_PATH}:/opt/ros/humble /usr/bin/cmake --install /home/zk/ros2_ws/build/cam_pub
