[0.027s] Invoking command in '/home/zk/ros2_ws/build/hb_robot_moveit_config': CMAKE_PREFIX_PATH=/home/zk/ros2_ws/install/hb_robot_description:/home/zk/ros2_ws/install/zain_pkg:/home/zk/ros2_ws/install/unitree_lidar_ros2:/home/zk/ros2_ws/install/realsense2_description:/home/zk/ros2_ws/install/realsense2_camera:/home/zk/ros2_ws/install/realsense2_camera_msgs:/home/zk/ros2_ws/install/hb_robot_moveit_config:/home/zk/ros2_ws/install/cam_pub:/home/zk/ros2_ws/install/azure_kinect_ros2_driver:/opt/ros/humble /usr/bin/cmake --build /home/zk/ros2_ws/build/hb_robot_moveit_config -- -j6 -l6
[0.096s] Invoked command in '/home/zk/ros2_ws/build/hb_robot_moveit_config' returned '0': CMAKE_PREFIX_PATH=/home/zk/ros2_ws/install/hb_robot_description:/home/zk/ros2_ws/install/zain_pkg:/home/zk/ros2_ws/install/unitree_lidar_ros2:/home/zk/ros2_ws/install/realsense2_description:/home/zk/ros2_ws/install/realsense2_camera:/home/zk/ros2_ws/install/realsense2_camera_msgs:/home/zk/ros2_ws/install/hb_robot_moveit_config:/home/zk/ros2_ws/install/cam_pub:/home/zk/ros2_ws/install/azure_kinect_ros2_driver:/opt/ros/humble /usr/bin/cmake --build /home/zk/ros2_ws/build/hb_robot_moveit_config -- -j6 -l6
[0.121s] Invoking command in '/home/zk/ros2_ws/build/hb_robot_moveit_config': CMAKE_PREFIX_PATH=/home/zk/ros2_ws/install/hb_robot_description:/home/zk/ros2_ws/install/zain_pkg:/home/zk/ros2_ws/install/unitree_lidar_ros2:/home/zk/ros2_ws/install/realsense2_description:/home/zk/ros2_ws/install/realsense2_camera:/home/zk/ros2_ws/install/realsense2_camera_msgs:/home/zk/ros2_ws/install/hb_robot_moveit_config:/home/zk/ros2_ws/install/cam_pub:/home/zk/ros2_ws/install/azure_kinect_ros2_driver:/opt/ros/humble /usr/bin/cmake --install /home/zk/ros2_ws/build/hb_robot_moveit_config
[0.138s] -- Install configuration: ""
[0.138s] -- Up-to-date: /home/zk/ros2_ws/install/hb_robot_moveit_config/share/ament_index/resource_index/package_run_dependencies/hb_robot_moveit_config
[0.139s] -- Up-to-date: /home/zk/ros2_ws/install/hb_robot_moveit_config/share/ament_index/resource_index/parent_prefix_path/hb_robot_moveit_config
[0.139s] -- Up-to-date: /home/zk/ros2_ws/install/hb_robot_moveit_config/share/hb_robot_moveit_config/environment/ament_prefix_path.sh
[0.139s] -- Up-to-date: /home/zk/ros2_ws/install/hb_robot_moveit_config/share/hb_robot_moveit_config/environment/ament_prefix_path.dsv
[0.139s] -- Up-to-date: /home/zk/ros2_ws/install/hb_robot_moveit_config/share/hb_robot_moveit_config/environment/path.sh
[0.139s] -- Up-to-date: /home/zk/ros2_ws/install/hb_robot_moveit_config/share/hb_robot_moveit_config/environment/path.dsv
[0.139s] -- Up-to-date: /home/zk/ros2_ws/install/hb_robot_moveit_config/share/hb_robot_moveit_config/local_setup.bash
[0.139s] -- Up-to-date: /home/zk/ros2_ws/install/hb_robot_moveit_config/share/hb_robot_moveit_config/local_setup.sh
[0.140s] -- Up-to-date: /home/zk/ros2_ws/install/hb_robot_moveit_config/share/hb_robot_moveit_config/local_setup.zsh
[0.140s] -- Up-to-date: /home/zk/ros2_ws/install/hb_robot_moveit_config/share/hb_robot_moveit_config/local_setup.dsv
[0.140s] -- Installing: /home/zk/ros2_ws/install/hb_robot_moveit_config/share/hb_robot_moveit_config/package.dsv
[0.140s] -- Up-to-date: /home/zk/ros2_ws/install/hb_robot_moveit_config/share/ament_index/resource_index/packages/hb_robot_moveit_config
[0.140s] -- Up-to-date: /home/zk/ros2_ws/install/hb_robot_moveit_config/share/hb_robot_moveit_config/cmake/hb_robot_moveit_configConfig.cmake
[0.140s] -- Up-to-date: /home/zk/ros2_ws/install/hb_robot_moveit_config/share/hb_robot_moveit_config/cmake/hb_robot_moveit_configConfig-version.cmake
[0.140s] -- Up-to-date: /home/zk/ros2_ws/install/hb_robot_moveit_config/share/hb_robot_moveit_config/package.xml
[0.141s] -- Up-to-date: /home/zk/ros2_ws/install/hb_robot_moveit_config/share/hb_robot_moveit_config/launch
[0.141s] -- Up-to-date: /home/zk/ros2_ws/install/hb_robot_moveit_config/share/hb_robot_moveit_config/launch/demo.launch.py
[0.141s] -- Up-to-date: /home/zk/ros2_ws/install/hb_robot_moveit_config/share/hb_robot_moveit_config/launch/warehouse_db.launch.py
[0.141s] -- Up-to-date: /home/zk/ros2_ws/install/hb_robot_moveit_config/share/hb_robot_moveit_config/launch/static_virtual_joint_tfs.launch.py
[0.141s] -- Up-to-date: /home/zk/ros2_ws/install/hb_robot_moveit_config/share/hb_robot_moveit_config/launch/move_group.launch.py
[0.141s] -- Up-to-date: /home/zk/ros2_ws/install/hb_robot_moveit_config/share/hb_robot_moveit_config/launch/moveit_rviz.launch.py
[0.141s] -- Up-to-date: /home/zk/ros2_ws/install/hb_robot_moveit_config/share/hb_robot_moveit_config/launch/spawn_controllers.launch.py
[0.141s] -- Up-to-date: /home/zk/ros2_ws/install/hb_robot_moveit_config/share/hb_robot_moveit_config/launch/rsp.launch.py
[0.141s] -- Up-to-date: /home/zk/ros2_ws/install/hb_robot_moveit_config/share/hb_robot_moveit_config/launch/setup_assistant.launch.py
[0.142s] -- Up-to-date: /home/zk/ros2_ws/install/hb_robot_moveit_config/share/hb_robot_moveit_config/config
[0.142s] -- Up-to-date: /home/zk/ros2_ws/install/hb_robot_moveit_config/share/hb_robot_moveit_config/config/hb_robot.urdf.xacro
[0.142s] -- Up-to-date: /home/zk/ros2_ws/install/hb_robot_moveit_config/share/hb_robot_moveit_config/config/moveit.rviz
[0.142s] -- Up-to-date: /home/zk/ros2_ws/install/hb_robot_moveit_config/share/hb_robot_moveit_config/config/initial_positions.yaml
[0.142s] -- Up-to-date: /home/zk/ros2_ws/install/hb_robot_moveit_config/share/hb_robot_moveit_config/config/hb_robot.srdf
[0.142s] -- Up-to-date: /home/zk/ros2_ws/install/hb_robot_moveit_config/share/hb_robot_moveit_config/config/hb_robot.ros2_control.xacro
[0.142s] -- Up-to-date: /home/zk/ros2_ws/install/hb_robot_moveit_config/share/hb_robot_moveit_config/config/joint_limits.yaml
[0.142s] -- Installing: /home/zk/ros2_ws/install/hb_robot_moveit_config/share/hb_robot_moveit_config/config/ros2_controllers.yaml
[0.143s] -- Up-to-date: /home/zk/ros2_ws/install/hb_robot_moveit_config/share/hb_robot_moveit_config/config/kinematics.yaml
[0.143s] -- Up-to-date: /home/zk/ros2_ws/install/hb_robot_moveit_config/share/hb_robot_moveit_config/config/pilz_cartesian_limits.yaml
[0.143s] -- Up-to-date: /home/zk/ros2_ws/install/hb_robot_moveit_config/share/hb_robot_moveit_config/config/moveit_controllers.yaml
[0.143s] -- Up-to-date: /home/zk/ros2_ws/install/hb_robot_moveit_config/share/hb_robot_moveit_config/.setup_assistant
[0.146s] Invoked command in '/home/zk/ros2_ws/build/hb_robot_moveit_config' returned '0': CMAKE_PREFIX_PATH=/home/zk/ros2_ws/install/hb_robot_description:/home/zk/ros2_ws/install/zain_pkg:/home/zk/ros2_ws/install/unitree_lidar_ros2:/home/zk/ros2_ws/install/realsense2_description:/home/zk/ros2_ws/install/realsense2_camera:/home/zk/ros2_ws/install/realsense2_camera_msgs:/home/zk/ros2_ws/install/hb_robot_moveit_config:/home/zk/ros2_ws/install/cam_pub:/home/zk/ros2_ws/install/azure_kinect_ros2_driver:/opt/ros/humble /usr/bin/cmake --install /home/zk/ros2_ws/build/hb_robot_moveit_config
