[0.021s] Invoking command in '/home/zk/ros2_ws/build/zain_pkg': CMAKE_PREFIX_PATH=/opt/ros/humble /usr/bin/cmake /home/zk/ros2_ws/src/zain_pkg -DCMAKE_INSTALL_PREFIX=/home/zk/ros2_ws/install/zain_pkg
[0.053s] -- Found ament_cmake: 1.3.12 (/opt/ros/humble/share/ament_cmake/cmake)
[0.325s] -- Found moveit_ros_planning_interface: 2.5.9 (/opt/ros/humble/share/moveit_ros_planning_interface/cmake)
[0.363s] -- Found Boost: /usr/lib/aarch64-linux-gnu/cmake/Boost-1.74.0/BoostConfig.cmake (found version "1.74.0") found components: date_time filesystem program_options system thread 
[0.424s] -- Found rosidl_generator_c: 3.1.7 (/opt/ros/humble/share/rosidl_generator_c/cmake)
[0.428s] -- Found rosidl_adapter: 3.1.7 (/opt/ros/humble/share/rosidl_adapter/cmake)
[0.438s] -- Found rosidl_generator_cpp: 3.1.7 (/opt/ros/humble/share/rosidl_generator_cpp/cmake)
[0.453s] -- Using all available rosidl_typesupport_c: rosidl_typesupport_fastrtps_c;rosidl_typesupport_introspection_c
[0.474s] -- Using all available rosidl_typesupport_cpp: rosidl_typesupport_fastrtps_cpp;rosidl_typesupport_introspection_cpp
[0.764s] -- Found Boost: /usr/lib/aarch64-linux-gnu/cmake/Boost-1.74.0/BoostConfig.cmake (found version "1.74.0") found components: chrono date_time filesystem iostreams program_options regex serialization system thread 
[0.806s] -- Found parameter_traits: 0.5.0 (/opt/ros/humble/share/parameter_traits/cmake)
[0.852s] -- Found rmw_implementation_cmake: 6.1.2 (/opt/ros/humble/share/rmw_implementation_cmake/cmake)
[0.854s] -- Found rmw_fastrtps_cpp: 6.2.8 (/opt/ros/humble/share/rmw_fastrtps_cpp/cmake)
[1.026s] -- Using RMW implementation 'rmw_fastrtps_cpp' as default
[1.100s] -- Found rclcpp_lifecycle: 16.0.14 (/opt/ros/humble/share/rclcpp_lifecycle/cmake)
[1.136s] -- Found Boost: /usr/lib/aarch64-linux-gnu/cmake/Boost-1.74.0/BoostConfig.cmake (found version "1.74.0") found components: filesystem 
[1.189s] -- library: /usr/lib/aarch64-linux-gnu/libcurl.so
[1.234s] -- Ensuring Eigen3 include directory is part of orocos-kdl CMake target
[1.415s] -- Found Boost: /usr/lib/aarch64-linux-gnu/cmake/Boost-1.74.0/BoostConfig.cmake (found version "1.74.0") found components: system filesystem date_time program_options thread chrono 
[1.464s] -- Found Boost: /usr/lib/aarch64-linux-gnu/cmake/Boost-1.74.0/BoostConfig.cmake (found version "1.74.0") found components: thread system filesystem regex date_time program_options 
[1.498s] -- Found Boost: /usr/lib/aarch64-linux-gnu/cmake/Boost-1.74.0/BoostConfig.cmake (found version "1.74.0") found components: system filesystem date_time program_options thread 
[1.544s] -- Found ament_lint_auto: 0.12.14 (/opt/ros/humble/share/ament_lint_auto/cmake)
[1.685s] -- Configuring done
[1.738s] -- Generating done
[1.756s] -- Build files have been written to: /home/zk/ros2_ws/build/zain_pkg
[1.791s] Invoked command in '/home/zk/ros2_ws/build/zain_pkg' returned '0': CMAKE_PREFIX_PATH=/opt/ros/humble /usr/bin/cmake /home/zk/ros2_ws/src/zain_pkg -DCMAKE_INSTALL_PREFIX=/home/zk/ros2_ws/install/zain_pkg
[1.797s] Invoking command in '/home/zk/ros2_ws/build/zain_pkg': CMAKE_PREFIX_PATH=/opt/ros/humble /usr/bin/cmake --build /home/zk/ros2_ws/build/zain_pkg -- -j6 -l6
[1.880s] [35m[1mConsolidate compiler generated dependencies of target hello_moveit[0m
[1.918s] [ 50%] [32mBuilding CXX object CMakeFiles/hello_moveit.dir/src/hello_moveit.cpp.o[0m
[18.122s] [100%] [32m[1mLinking CXX executable hello_moveit[0m
[20.933s] [100%] Built target hello_moveit
[20.960s] Invoked command in '/home/zk/ros2_ws/build/zain_pkg' returned '0': CMAKE_PREFIX_PATH=/opt/ros/humble /usr/bin/cmake --build /home/zk/ros2_ws/build/zain_pkg -- -j6 -l6
[20.984s] Invoking command in '/home/zk/ros2_ws/build/zain_pkg': CMAKE_PREFIX_PATH=/opt/ros/humble /usr/bin/cmake --install /home/zk/ros2_ws/build/zain_pkg
[20.997s] -- Install configuration: ""
[20.997s] -- Installing: /home/zk/ros2_ws/install/zain_pkg/lib/zain_pkg/hello_moveit
[20.998s] -- Set runtime path of "/home/zk/ros2_ws/install/zain_pkg/lib/zain_pkg/hello_moveit" to ""
[20.999s] -- Up-to-date: /home/zk/ros2_ws/install/zain_pkg/share/zain_pkg/launch
[20.999s] -- Up-to-date: /home/zk/ros2_ws/install/zain_pkg/share/zain_pkg/launch/zains_launch.py
[21.000s] -- Up-to-date: /home/zk/ros2_ws/install/zain_pkg/share/zain_pkg/meshes
[21.000s] -- Up-to-date: /home/zk/ros2_ws/install/zain_pkg/share/zain_pkg/meshes/board.stl
[21.001s] -- Up-to-date: /home/zk/ros2_ws/install/zain_pkg/share/zain_pkg/rviz
[21.001s] -- Up-to-date: /home/zk/ros2_ws/install/zain_pkg/share/zain_pkg/rviz/urdf.rviz
[21.001s] -- Up-to-date: /home/zk/ros2_ws/install/zain_pkg/share/zain_pkg/urdf
[21.002s] -- Up-to-date: /home/zk/ros2_ws/install/zain_pkg/share/zain_pkg/urdf/hb_robot.urdf.xacro
[21.002s] -- Up-to-date: /home/zk/ros2_ws/install/zain_pkg/share/zain_pkg/urdf/hb_robot_macro.xacro
[21.002s] -- Up-to-date: /home/zk/ros2_ws/install/zain_pkg/share/ament_index/resource_index/package_run_dependencies/zain_pkg
[21.002s] -- Up-to-date: /home/zk/ros2_ws/install/zain_pkg/share/ament_index/resource_index/parent_prefix_path/zain_pkg
[21.003s] -- Up-to-date: /home/zk/ros2_ws/install/zain_pkg/share/zain_pkg/environment/ament_prefix_path.sh
[21.003s] -- Installing: /home/zk/ros2_ws/install/zain_pkg/share/zain_pkg/environment/ament_prefix_path.dsv
[21.003s] -- Up-to-date: /home/zk/ros2_ws/install/zain_pkg/share/zain_pkg/environment/path.sh
[21.004s] -- Installing: /home/zk/ros2_ws/install/zain_pkg/share/zain_pkg/environment/path.dsv
[21.004s] -- Up-to-date: /home/zk/ros2_ws/install/zain_pkg/share/zain_pkg/local_setup.bash
[21.005s] -- Up-to-date: /home/zk/ros2_ws/install/zain_pkg/share/zain_pkg/local_setup.sh
[21.007s] -- Up-to-date: /home/zk/ros2_ws/install/zain_pkg/share/zain_pkg/local_setup.zsh
[21.008s] -- Installing: /home/zk/ros2_ws/install/zain_pkg/share/zain_pkg/local_setup.dsv
[21.008s] -- Installing: /home/zk/ros2_ws/install/zain_pkg/share/zain_pkg/package.dsv
[21.010s] -- Up-to-date: /home/zk/ros2_ws/install/zain_pkg/share/ament_index/resource_index/packages/zain_pkg
[21.010s] -- Up-to-date: /home/zk/ros2_ws/install/zain_pkg/share/zain_pkg/cmake/zain_pkgConfig.cmake
[21.011s] -- Up-to-date: /home/zk/ros2_ws/install/zain_pkg/share/zain_pkg/cmake/zain_pkgConfig-version.cmake
[21.011s] -- Up-to-date: /home/zk/ros2_ws/install/zain_pkg/share/zain_pkg/package.xml
[21.012s] Invoked command in '/home/zk/ros2_ws/build/zain_pkg' returned '0': CMAKE_PREFIX_PATH=/opt/ros/humble /usr/bin/cmake --install /home/zk/ros2_ws/build/zain_pkg
