[0.020s] Invoking command in '/home/zk/ros2_ws/build/hb_robot_moveit_config': AMENT_PREFIX_PATH=/home/zk/ros2_ws/install/hb_robot_description:${AMENT_PREFIX_PATH} CMAKE_PREFIX_PATH=/home/zk/ros2_ws/install/hb_robot_description:/opt/ros/humble /usr/bin/cmake /home/zk/ros2_ws/src/hb_robot_moveit_config -DCMAKE_INSTALL_PREFIX=/home/zk/ros2_ws/install/hb_robot_moveit_config
[0.117s] -- The C compiler identification is GNU 11.4.0
[0.219s] -- The CXX compiler identification is GNU 11.4.0
[0.238s] -- Detecting C compiler ABI info
[0.375s] -- Detecting C compiler ABI info - done
[0.399s] -- Check for working C compiler: /usr/bin/cc - skipped
[0.400s] -- Detecting C compile features
[0.401s] -- Detecting C compile features - done
[0.411s] -- Detecting CXX compiler ABI info
[0.562s] -- Detecting CXX compiler ABI info - done
[0.586s] -- Check for working CXX compiler: /usr/bin/c++ - skipped
[0.587s] -- Detecting CXX compile features
[0.589s] -- Detecting CXX compile features - done
[0.597s] -- Found ament_cmake: 1.3.12 (/opt/ros/humble/share/ament_cmake/cmake)
[0.937s] -- Found Python3: /usr/bin/python3 (found version "3.10.12") found components: Interpreter 
[1.295s] -- Configuring done
[1.305s] -- Generating done
[1.312s] -- Build files have been written to: /home/zk/ros2_ws/build/hb_robot_moveit_config
[1.326s] Invoked command in '/home/zk/ros2_ws/build/hb_robot_moveit_config' returned '0': AMENT_PREFIX_PATH=/home/zk/ros2_ws/install/hb_robot_description:${AMENT_PREFIX_PATH} CMAKE_PREFIX_PATH=/home/zk/ros2_ws/install/hb_robot_description:/opt/ros/humble /usr/bin/cmake /home/zk/ros2_ws/src/hb_robot_moveit_config -DCMAKE_INSTALL_PREFIX=/home/zk/ros2_ws/install/hb_robot_moveit_config
[1.330s] Invoking command in '/home/zk/ros2_ws/build/hb_robot_moveit_config': AMENT_PREFIX_PATH=/home/zk/ros2_ws/install/hb_robot_description:${AMENT_PREFIX_PATH} CMAKE_PREFIX_PATH=/home/zk/ros2_ws/install/hb_robot_description:/opt/ros/humble /usr/bin/cmake --build /home/zk/ros2_ws/build/hb_robot_moveit_config -- -j6 -l6
[1.404s] Invoked command in '/home/zk/ros2_ws/build/hb_robot_moveit_config' returned '0': AMENT_PREFIX_PATH=/home/zk/ros2_ws/install/hb_robot_description:${AMENT_PREFIX_PATH} CMAKE_PREFIX_PATH=/home/zk/ros2_ws/install/hb_robot_description:/opt/ros/humble /usr/bin/cmake --build /home/zk/ros2_ws/build/hb_robot_moveit_config -- -j6 -l6
[1.409s] Invoking command in '/home/zk/ros2_ws/build/hb_robot_moveit_config': AMENT_PREFIX_PATH=/home/zk/ros2_ws/install/hb_robot_description:${AMENT_PREFIX_PATH} CMAKE_PREFIX_PATH=/home/zk/ros2_ws/install/hb_robot_description:/opt/ros/humble /usr/bin/cmake --install /home/zk/ros2_ws/build/hb_robot_moveit_config
[1.425s] -- Install configuration: ""
[1.426s] -- Installing: /home/zk/ros2_ws/install/hb_robot_moveit_config/share/ament_index/resource_index/package_run_dependencies/hb_robot_moveit_config
[1.426s] -- Installing: /home/zk/ros2_ws/install/hb_robot_moveit_config/share/ament_index/resource_index/parent_prefix_path/hb_robot_moveit_config
[1.427s] -- Installing: /home/zk/ros2_ws/install/hb_robot_moveit_config/share/hb_robot_moveit_config/environment/ament_prefix_path.sh
[1.427s] -- Installing: /home/zk/ros2_ws/install/hb_robot_moveit_config/share/hb_robot_moveit_config/environment/ament_prefix_path.dsv
[1.428s] -- Installing: /home/zk/ros2_ws/install/hb_robot_moveit_config/share/hb_robot_moveit_config/environment/path.sh
[1.428s] -- Installing: /home/zk/ros2_ws/install/hb_robot_moveit_config/share/hb_robot_moveit_config/environment/path.dsv
[1.428s] -- Installing: /home/zk/ros2_ws/install/hb_robot_moveit_config/share/hb_robot_moveit_config/local_setup.bash
[1.429s] -- Installing: /home/zk/ros2_ws/install/hb_robot_moveit_config/share/hb_robot_moveit_config/local_setup.sh
[1.429s] -- Installing: /home/zk/ros2_ws/install/hb_robot_moveit_config/share/hb_robot_moveit_config/local_setup.zsh
[1.429s] -- Installing: /home/zk/ros2_ws/install/hb_robot_moveit_config/share/hb_robot_moveit_config/local_setup.dsv
[1.430s] -- Installing: /home/zk/ros2_ws/install/hb_robot_moveit_config/share/hb_robot_moveit_config/package.dsv
[1.430s] -- Installing: /home/zk/ros2_ws/install/hb_robot_moveit_config/share/ament_index/resource_index/packages/hb_robot_moveit_config
[1.430s] -- Installing: /home/zk/ros2_ws/install/hb_robot_moveit_config/share/hb_robot_moveit_config/cmake/hb_robot_moveit_configConfig.cmake
[1.431s] -- Installing: /home/zk/ros2_ws/install/hb_robot_moveit_config/share/hb_robot_moveit_config/cmake/hb_robot_moveit_configConfig-version.cmake
[1.431s] -- Installing: /home/zk/ros2_ws/install/hb_robot_moveit_config/share/hb_robot_moveit_config/package.xml
[1.431s] -- Installing: /home/zk/ros2_ws/install/hb_robot_moveit_config/share/hb_robot_moveit_config/launch
[1.431s] -- Installing: /home/zk/ros2_ws/install/hb_robot_moveit_config/share/hb_robot_moveit_config/launch/demo.launch.py
[1.431s] -- Installing: /home/zk/ros2_ws/install/hb_robot_moveit_config/share/hb_robot_moveit_config/launch/warehouse_db.launch.py
[1.432s] -- Installing: /home/zk/ros2_ws/install/hb_robot_moveit_config/share/hb_robot_moveit_config/launch/static_virtual_joint_tfs.launch.py
[1.432s] -- Installing: /home/zk/ros2_ws/install/hb_robot_moveit_config/share/hb_robot_moveit_config/launch/move_group.launch.py
[1.432s] -- Installing: /home/zk/ros2_ws/install/hb_robot_moveit_config/share/hb_robot_moveit_config/launch/moveit_rviz.launch.py
[1.432s] -- Installing: /home/zk/ros2_ws/install/hb_robot_moveit_config/share/hb_robot_moveit_config/launch/spawn_controllers.launch.py
[1.432s] -- Installing: /home/zk/ros2_ws/install/hb_robot_moveit_config/share/hb_robot_moveit_config/launch/rsp.launch.py
[1.433s] -- Installing: /home/zk/ros2_ws/install/hb_robot_moveit_config/share/hb_robot_moveit_config/launch/setup_assistant.launch.py
[1.433s] -- Installing: /home/zk/ros2_ws/install/hb_robot_moveit_config/share/hb_robot_moveit_config/config
[1.433s] -- Installing: /home/zk/ros2_ws/install/hb_robot_moveit_config/share/hb_robot_moveit_config/config/hb_robot.urdf.xacro
[1.433s] -- Installing: /home/zk/ros2_ws/install/hb_robot_moveit_config/share/hb_robot_moveit_config/config/moveit.rviz
[1.433s] -- Installing: /home/zk/ros2_ws/install/hb_robot_moveit_config/share/hb_robot_moveit_config/config/initial_positions.yaml
[1.434s] -- Installing: /home/zk/ros2_ws/install/hb_robot_moveit_config/share/hb_robot_moveit_config/config/hb_robot.srdf
[1.434s] -- Installing: /home/zk/ros2_ws/install/hb_robot_moveit_config/share/hb_robot_moveit_config/config/hb_robot.ros2_control.xacro
[1.434s] -- Installing: /home/zk/ros2_ws/install/hb_robot_moveit_config/share/hb_robot_moveit_config/config/joint_limits.yaml
[1.434s] -- Installing: /home/zk/ros2_ws/install/hb_robot_moveit_config/share/hb_robot_moveit_config/config/kinematics.yaml
[1.434s] -- Installing: /home/zk/ros2_ws/install/hb_robot_moveit_config/share/hb_robot_moveit_config/config/pilz_cartesian_limits.yaml
[1.434s] -- Installing: /home/zk/ros2_ws/install/hb_robot_moveit_config/share/hb_robot_moveit_config/config/moveit_controllers.yaml
[1.435s] -- Installing: /home/zk/ros2_ws/install/hb_robot_moveit_config/share/hb_robot_moveit_config/.setup_assistant
[1.440s] Invoked command in '/home/zk/ros2_ws/build/hb_robot_moveit_config' returned '0': AMENT_PREFIX_PATH=/home/zk/ros2_ws/install/hb_robot_description:${AMENT_PREFIX_PATH} CMAKE_PREFIX_PATH=/home/zk/ros2_ws/install/hb_robot_description:/opt/ros/humble /usr/bin/cmake --install /home/zk/ros2_ws/build/hb_robot_moveit_config
