[0.017s] Invoking command in '/home/zk/ros2_ws/build/hb_robot_moveit_config': CMAKE_PREFIX_PATH=${CMAKE_PREFIX_PATH}:/opt/ros/humble /usr/bin/cmake /home/zk/ros2_ws/src/hb_robot_moveit_config -DCMAKE_INSTALL_PREFIX=/home/zk/ros2_ws/install/hb_robot_moveit_config
[0.045s] -- Found ament_cmake: 1.3.12 (/opt/ros/humble/share/ament_cmake/cmake)
[0.382s] -- Found Python3: /usr/bin/python3 (found version "3.10.12") found components: Interpreter 
[0.596s] -- Found ament_lint_auto: 0.12.14 (/opt/ros/humble/share/ament_lint_auto/cmake)
[0.773s] -- Added test 'flake8' to check Python code syntax and style conventions
[0.774s] -- Added test 'lint_cmake' to check CMake code style
[0.775s] -- Added test 'pep257' to check Python code against some of the docstring style conventions in PEP 257
[0.777s] -- Added test 'xmllint' to check XML markup files
[0.780s] -- Configuring done
[0.787s] -- Generating done
[0.791s] -- Build files have been written to: /home/zk/ros2_ws/build/hb_robot_moveit_config
[0.797s] Invoked command in '/home/zk/ros2_ws/build/hb_robot_moveit_config' returned '0': CMAKE_PREFIX_PATH=${CMAKE_PREFIX_PATH}:/opt/ros/humble /usr/bin/cmake /home/zk/ros2_ws/src/hb_robot_moveit_config -DCMAKE_INSTALL_PREFIX=/home/zk/ros2_ws/install/hb_robot_moveit_config
[0.802s] Invoking command in '/home/zk/ros2_ws/build/hb_robot_moveit_config': CMAKE_PREFIX_PATH=${CMAKE_PREFIX_PATH}:/opt/ros/humble /usr/bin/cmake --build /home/zk/ros2_ws/build/hb_robot_moveit_config -- -j6 -l6
[0.882s] Invoked command in '/home/zk/ros2_ws/build/hb_robot_moveit_config' returned '0': CMAKE_PREFIX_PATH=${CMAKE_PREFIX_PATH}:/opt/ros/humble /usr/bin/cmake --build /home/zk/ros2_ws/build/hb_robot_moveit_config -- -j6 -l6
[0.887s] Invoking command in '/home/zk/ros2_ws/build/hb_robot_moveit_config': CMAKE_PREFIX_PATH=${CMAKE_PREFIX_PATH}:/opt/ros/humble /usr/bin/cmake --install /home/zk/ros2_ws/build/hb_robot_moveit_config
[0.902s] -- Install configuration: ""
[0.903s] -- Installing: /home/zk/ros2_ws/install/hb_robot_moveit_config/share/hb_robot_moveit_config/launch
[0.903s] -- Installing: /home/zk/ros2_ws/install/hb_robot_moveit_config/share/hb_robot_moveit_config/launch/move_group.launch.py
[0.903s] -- Installing: /home/zk/ros2_ws/install/hb_robot_moveit_config/share/hb_robot_moveit_config/config
[0.903s] -- Installing: /home/zk/ros2_ws/install/hb_robot_moveit_config/share/hb_robot_moveit_config/config/ompl_planning.yaml
[0.904s] -- Installing: /home/zk/ros2_ws/install/hb_robot_moveit_config/share/hb_robot_moveit_config/config/hb_robot.srdf
[0.904s] -- Installing: /home/zk/ros2_ws/install/hb_robot_moveit_config/share/hb_robot_moveit_config/config/joint_limits.yaml
[0.904s] -- Installing: /home/zk/ros2_ws/install/hb_robot_moveit_config/share/hb_robot_moveit_config/config/kinematics.yaml
[0.904s] -- Installing: /home/zk/ros2_ws/install/hb_robot_moveit_config/share/hb_robot_moveit_config/.setup_assistant
[0.905s] -- Installing: /home/zk/ros2_ws/install/hb_robot_moveit_config/share/ament_index/resource_index/package_run_dependencies/hb_robot_moveit_config
[0.905s] -- Installing: /home/zk/ros2_ws/install/hb_robot_moveit_config/share/ament_index/resource_index/parent_prefix_path/hb_robot_moveit_config
[0.906s] -- Installing: /home/zk/ros2_ws/install/hb_robot_moveit_config/share/hb_robot_moveit_config/environment/ament_prefix_path.sh
[0.906s] -- Installing: /home/zk/ros2_ws/install/hb_robot_moveit_config/share/hb_robot_moveit_config/environment/ament_prefix_path.dsv
[0.906s] -- Installing: /home/zk/ros2_ws/install/hb_robot_moveit_config/share/hb_robot_moveit_config/environment/path.sh
[0.906s] -- Installing: /home/zk/ros2_ws/install/hb_robot_moveit_config/share/hb_robot_moveit_config/environment/path.dsv
[0.906s] -- Installing: /home/zk/ros2_ws/install/hb_robot_moveit_config/share/hb_robot_moveit_config/local_setup.bash
[0.907s] -- Installing: /home/zk/ros2_ws/install/hb_robot_moveit_config/share/hb_robot_moveit_config/local_setup.sh
[0.907s] -- Installing: /home/zk/ros2_ws/install/hb_robot_moveit_config/share/hb_robot_moveit_config/local_setup.zsh
[0.907s] -- Installing: /home/zk/ros2_ws/install/hb_robot_moveit_config/share/hb_robot_moveit_config/local_setup.dsv
[0.907s] -- Installing: /home/zk/ros2_ws/install/hb_robot_moveit_config/share/hb_robot_moveit_config/package.dsv
[0.908s] -- Installing: /home/zk/ros2_ws/install/hb_robot_moveit_config/share/ament_index/resource_index/packages/hb_robot_moveit_config
[0.908s] -- Installing: /home/zk/ros2_ws/install/hb_robot_moveit_config/share/hb_robot_moveit_config/cmake/hb_robot_moveit_configConfig.cmake
[0.908s] -- Installing: /home/zk/ros2_ws/install/hb_robot_moveit_config/share/hb_robot_moveit_config/cmake/hb_robot_moveit_configConfig-version.cmake
[0.909s] -- Installing: /home/zk/ros2_ws/install/hb_robot_moveit_config/share/hb_robot_moveit_config/package.xml
[0.915s] Invoked command in '/home/zk/ros2_ws/build/hb_robot_moveit_config' returned '0': CMAKE_PREFIX_PATH=${CMAKE_PREFIX_PATH}:/opt/ros/humble /usr/bin/cmake --install /home/zk/ros2_ws/build/hb_robot_moveit_config
