[0.026s] Invoking command in '/home/zk/ros2_ws/build/realsense2_camera': AMENT_PREFIX_PATH=/home/zk/ros2_ws/install/realsense2_camera_msgs:${AMENT_PREFIX_PATH} CMAKE_PREFIX_PATH=/home/zk/ros2_ws/install/realsense2_camera_msgs:/opt/ros/humble LD_LIBRARY_PATH=/home/zk/ros2_ws/install/realsense2_camera_msgs/lib:${LD_LIBRARY_PATH} PYTHONPATH=/home/zk/ros2_ws/install/realsense2_camera_msgs/local/lib/python3.10/dist-packages:${PYTHONPATH} /usr/bin/cmake /home/zk/ros2_ws/src/realsense-ros/realsense2_camera -DCMAKE_INSTALL_PREFIX=/home/zk/ros2_ws/install/realsense2_camera
[0.138s] -- The C compiler identification is GNU 11.4.0
[0.244s] -- The CXX compiler identification is GNU 11.4.0
[0.259s] -- Detecting C compiler ABI info
[0.440s] -- Detecting C compiler ABI info - done
[0.451s] -- Check for working C compiler: /usr/bin/cc - skipped
[0.451s] -- Detecting C compile features
[0.454s] -- Detecting C compile features - done
[0.458s] -- Detecting CXX compiler ABI info
[0.680s] -- Detecting CXX compiler ABI info - done
[0.704s] -- Check for working CXX compiler: /usr/bin/c++ - skipped
[0.706s] -- Detecting CXX compile features
[0.712s] -- Detecting CXX compile features - done
[0.717s] -- Create Release Build.
[0.723s] -- Found ament_cmake: 1.3.12 (/opt/ros/humble/share/ament_cmake/cmake)
[1.072s] -- Found Python3: /usr/bin/python3 (found version "3.10.12") found components: Interpreter 
[1.257s] -- Found builtin_interfaces: 1.2.2 (/opt/ros/humble/share/builtin_interfaces/cmake)
[1.310s] -- Found rosidl_generator_c: 3.1.7 (/opt/ros/humble/share/rosidl_generator_c/cmake)
[1.318s] -- Found rosidl_adapter: 3.1.7 (/opt/ros/humble/share/rosidl_adapter/cmake)
[1.332s] -- Found rosidl_generator_cpp: 3.1.7 (/opt/ros/humble/share/rosidl_generator_cpp/cmake)
[1.352s] -- Using all available rosidl_typesupport_c: rosidl_typesupport_fastrtps_c;rosidl_typesupport_introspection_c
[1.379s] -- Using all available rosidl_typesupport_cpp: rosidl_typesupport_fastrtps_cpp;rosidl_typesupport_introspection_cpp
[1.406s] -- Found cv_bridge: 3.2.1 (/opt/ros/humble/share/cv_bridge/cmake)
[1.501s] -- Found image_transport: 3.1.12 (/opt/ros/humble/share/image_transport/cmake)
[1.576s] -- Found rmw_implementation_cmake: 6.1.2 (/opt/ros/humble/share/rmw_implementation_cmake/cmake)
[1.579s] -- Found rmw_fastrtps_cpp: 6.2.8 (/opt/ros/humble/share/rmw_fastrtps_cpp/cmake)
[1.783s] -- Found OpenSSL: /usr/lib/aarch64-linux-gnu/libcrypto.so (found version "3.0.2")  
[1.834s] -- Found FastRTPS: /opt/ros/humble/include  
[1.927s] -- Using RMW implementation 'rmw_fastrtps_cpp' as default
[1.940s] -- Looking for pthread.h
[2.095s] -- Looking for pthread.h - found
[2.095s] -- Performing Test CMAKE_HAVE_LIBC_PTHREAD
[2.233s] -- Performing Test CMAKE_HAVE_LIBC_PTHREAD - Success
[2.234s] -- Found Threads: TRUE  
[2.356s] -- Found rclcpp_action: 16.0.14 (/opt/ros/humble/share/rclcpp_action/cmake)
[2.425s] -- Found rclcpp_components: 16.0.14 (/opt/ros/humble/share/rclcpp_components/cmake)
[2.474s] -- Found realsense2_camera_msgs: 4.56.4 (/home/zk/ros2_ws/install/realsense2_camera_msgs/share/realsense2_camera_msgs/cmake)
[2.513s] -- Found std_srvs: 4.9.0 (/opt/ros/humble/share/std_srvs/cmake)
[2.545s] -- Found nav_msgs: 4.9.0 (/opt/ros/humble/share/nav_msgs/cmake)
[2.593s] -- Found tf2_ros: 0.25.15 (/opt/ros/humble/share/tf2_ros/cmake)
[2.682s] -- Found diagnostic_updater: 4.0.6 (/opt/ros/humble/share/diagnostic_updater/cmake)
[2.744s] -- Found OpenCV: /usr (found version "4.8.0") found components: core 
[2.750s] -- Build for ROS2 Humble
[2.756s] -- Found ament_cmake_gtest: 1.3.12 (/opt/ros/humble/share/ament_cmake_gtest/cmake)
[2.764s] -- Found gtest sources under '/opt/ros/humble/src/gtest_vendor': C++ tests using 'Google Test' will be built
[2.774s] -- Found ament_cmake_pytest: 1.3.12 (/opt/ros/humble/share/ament_cmake_pytest/cmake)
[10.079s] -- rs_device_info:
[10.080s] -- Device Name                   Serial Number       Firmware Version
[10.080s] Intel RealSense D435I         239722071597        5.17.0.10
[10.080s] 
[10.080s] -- D455 device found
[18.061s] -- Configuring done
[18.131s] -- Generating done
[18.148s] -- Build files have been written to: /home/zk/ros2_ws/build/realsense2_camera
[18.182s] Invoked command in '/home/zk/ros2_ws/build/realsense2_camera' returned '0': AMENT_PREFIX_PATH=/home/zk/ros2_ws/install/realsense2_camera_msgs:${AMENT_PREFIX_PATH} CMAKE_PREFIX_PATH=/home/zk/ros2_ws/install/realsense2_camera_msgs:/opt/ros/humble LD_LIBRARY_PATH=/home/zk/ros2_ws/install/realsense2_camera_msgs/lib:${LD_LIBRARY_PATH} PYTHONPATH=/home/zk/ros2_ws/install/realsense2_camera_msgs/local/lib/python3.10/dist-packages:${PYTHONPATH} /usr/bin/cmake /home/zk/ros2_ws/src/realsense-ros/realsense2_camera -DCMAKE_INSTALL_PREFIX=/home/zk/ros2_ws/install/realsense2_camera
[18.187s] Invoking command in '/home/zk/ros2_ws/build/realsense2_camera': AMENT_PREFIX_PATH=/home/zk/ros2_ws/install/realsense2_camera_msgs:${AMENT_PREFIX_PATH} CMAKE_PREFIX_PATH=/home/zk/ros2_ws/install/realsense2_camera_msgs:/opt/ros/humble LD_LIBRARY_PATH=/home/zk/ros2_ws/install/realsense2_camera_msgs/lib:${LD_LIBRARY_PATH} PYTHONPATH=/home/zk/ros2_ws/install/realsense2_camera_msgs/local/lib/python3.10/dist-packages:${PYTHONPATH} /usr/bin/cmake --build /home/zk/ros2_ws/build/realsense2_camera -- -j6 -l6
[18.294s] [  8%] [32mBuilding CXX object CMakeFiles/realsense2_camera.dir/src/parameters.cpp.o[0m
[18.294s] [  8%] [32mBuilding CXX object gtest/CMakeFiles/gtest_main.dir/src/gtest_main.cc.o[0m
[18.295s] [ 12%] [32mBuilding CXX object CMakeFiles/realsense2_camera_node.dir/rclcpp_components/node_main_realsense2_camera_node.cpp.o[0m
[18.296s] [ 16%] [32mBuilding CXX object gtest/CMakeFiles/gtest.dir/src/gtest-all.cc.o[0m
[18.309s] [ 20%] [32mBuilding CXX object CMakeFiles/realsense2_camera.dir/src/realsense_node_factory.cpp.o[0m
[18.324s] [ 24%] [32mBuilding CXX object CMakeFiles/realsense2_camera.dir/src/base_realsense_node.cpp.o[0m
[20.188s] [ 28%] [32m[1mLinking CXX static library libgtest_main.a[0m
[21.970s] [ 28%] Built target gtest_main
[22.021s] [ 32%] [32mBuilding CXX object CMakeFiles/realsense2_camera.dir/src/rs_node_setup.cpp.o[0m
[28.171s] [ 36%] [32m[1mLinking CXX executable realsense2_camera_node[0m
[28.804s] [ 36%] Built target realsense2_camera_node
[28.873s] [ 40%] [32mBuilding CXX object CMakeFiles/realsense2_camera.dir/src/ros_sensor.cpp.o[0m
