[0.046s] Invoking command in '/home/zk/ros2_ws/build/azure_kinect_ros2_driver': CMAKE_PREFIX_PATH=${CMAKE_PREFIX_PATH}:/opt/ros/humble /usr/bin/cmake /home/zk/ros2_ws/src/Azure_Kinect_ROS2_Driver -DCMAKE_INSTALL_PREFIX=/home/zk/ros2_ws/install/azure_kinect_ros2_driver
[0.189s] -- The C compiler identification is GNU 11.4.0
[0.321s] -- The CXX compiler identification is GNU 11.4.0
[0.346s] -- Detecting C compiler ABI info
[0.514s] -- Detecting C compiler ABI info - done
[0.533s] -- Check for working C compiler: /usr/bin/cc - skipped
[0.533s] -- Detecting C compile features
[0.533s] -- Detecting C compile features - done
[0.534s] -- Detecting CXX compiler ABI info
[0.815s] -- Detecting CXX compiler ABI info - done
[0.835s] -- Check for working CXX compiler: /usr/bin/c++ - skipped
[0.836s] -- Detecting CXX compile features
[0.838s] -- Detecting CXX compile features - done
[0.844s] -- Found ament_cmake: 1.3.12 (/opt/ros/humble/share/ament_cmake/cmake)
[1.193s] -- Found Python3: /usr/bin/python3 (found version "3.10.12") found components: Interpreter 
[1.385s] -- Found rclcpp: 16.0.14 (/opt/ros/humble/share/rclcpp/cmake)
[1.460s] -- Found rosidl_generator_c: 3.1.7 (/opt/ros/humble/share/rosidl_generator_c/cmake)
[1.469s] -- Found rosidl_adapter: 3.1.7 (/opt/ros/humble/share/rosidl_adapter/cmake)
[1.482s] -- Found rosidl_generator_cpp: 3.1.7 (/opt/ros/humble/share/rosidl_generator_cpp/cmake)
[1.503s] -- Using all available rosidl_typesupport_c: rosidl_typesupport_fastrtps_c;rosidl_typesupport_introspection_c
[1.532s] -- Using all available rosidl_typesupport_cpp: rosidl_typesupport_fastrtps_cpp;rosidl_typesupport_introspection_cpp
[1.609s] -- Found rmw_implementation_cmake: 6.1.2 (/opt/ros/humble/share/rmw_implementation_cmake/cmake)
[1.614s] -- Found rmw_fastrtps_cpp: 6.2.8 (/opt/ros/humble/share/rmw_fastrtps_cpp/cmake)
[1.795s] -- Found OpenSSL: /usr/lib/aarch64-linux-gnu/libcrypto.so (found version "3.0.2")  
[1.845s] -- Found FastRTPS: /opt/ros/humble/include  
[1.949s] -- Using RMW implementation 'rmw_fastrtps_cpp' as default
[1.967s] -- Looking for pthread.h
[2.170s] -- Looking for pthread.h - found
[2.172s] -- Performing Test CMAKE_HAVE_LIBC_PTHREAD
[2.324s] -- Performing Test CMAKE_HAVE_LIBC_PTHREAD - Success
[2.326s] -- Found Threads: TRUE  
[2.426s] -- Found sensor_msgs: 4.9.0 (/opt/ros/humble/share/sensor_msgs/cmake)
[2.480s] -- Found image_transport: 3.1.12 (/opt/ros/humble/share/image_transport/cmake)
[2.540s] -- Found tf2_ros: 0.25.15 (/opt/ros/humble/share/tf2_ros/cmake)
[2.691s] -- Found tf2_geometry_msgs: 0.25.15 (/opt/ros/humble/share/tf2_geometry_msgs/cmake)
[2.715s] -- Found eigen3_cmake_module: 0.1.1 (/opt/ros/humble/share/eigen3_cmake_module/cmake)
[2.718s] -- Found Eigen3: TRUE (found version "3.4.0") 
[2.718s] -- Ensuring Eigen3 include directory is part of orocos-kdl CMake target
[2.723s] -- Found angles: 1.15.0 (/opt/ros/humble/share/angles/cmake)
[2.728s] -- Found cv_bridge: 3.2.1 (/opt/ros/humble/share/cv_bridge/cmake)
[2.750s] -- Found rclpy: 3.3.17 (/opt/ros/humble/share/rclpy/cmake)
[2.750s] [0mk4a found[0m
[2.969s] -- Found ament_lint_auto: 0.12.14 (/opt/ros/humble/share/ament_lint_auto/cmake)
[3.146s] -- Added test 'cppcheck' to perform static code analysis on C / C++ code
[3.146s] -- Configured cppcheck include dirs: $<BUILD_INTERFACE:/home/zk/ros2_ws/src/Azure_Kinect_ROS2_Driver/include>
[3.146s] -- Configured cppcheck exclude dirs and/or files: 
[3.148s] -- Added test 'flake8' to check Python code syntax and style conventions
[3.150s] -- Added test 'lint_cmake' to check CMake code style
[3.152s] -- Added test 'pep257' to check Python code against some of the docstring style conventions in PEP 257
[3.158s] -- Added test 'uncrustify' to check C / C++ code style
[3.159s] -- Configured uncrustify additional arguments: 
[3.161s] -- Added test 'xmllint' to check XML markup files
[3.164s] -- Configuring done
[3.194s] -- Generating done
[3.205s] -- Build files have been written to: /home/zk/ros2_ws/build/azure_kinect_ros2_driver
[3.278s] Invoked command in '/home/zk/ros2_ws/build/azure_kinect_ros2_driver' returned '0': CMAKE_PREFIX_PATH=${CMAKE_PREFIX_PATH}:/opt/ros/humble /usr/bin/cmake /home/zk/ros2_ws/src/Azure_Kinect_ROS2_Driver -DCMAKE_INSTALL_PREFIX=/home/zk/ros2_ws/install/azure_kinect_ros2_driver
[3.279s] Invoking command in '/home/zk/ros2_ws/build/azure_kinect_ros2_driver': CMAKE_PREFIX_PATH=${CMAKE_PREFIX_PATH}:/opt/ros/humble /usr/bin/cmake --build /home/zk/ros2_ws/build/azure_kinect_ros2_driver -- -j6 -l6
[3.440s] [ 20%] [32mBuilding CXX object CMakeFiles/azure_kinect_node.dir/src/k4a_ros_node.cpp.o[0m
[3.456s] [ 40%] [32mBuilding CXX object CMakeFiles/azure_kinect_node.dir/src/k4a_ros_device.cpp.o[0m
[3.476s] [ 40%] Built target ament_cmake_python_copy_azure_kinect_ros2_driver
[3.483s] [ 60%] [32mBuilding CXX object CMakeFiles/azure_kinect_node.dir/src/k4a_calibration_transform_data.cpp.o[0m
[3.516s] [ 80%] [32mBuilding CXX object CMakeFiles/azure_kinect_node.dir/src/k4a_ros_device_params.cpp.o[0m
[5.376s] running egg_info
[5.378s] creating azure_kinect_ros2_driver.egg-info
[5.379s] writing azure_kinect_ros2_driver.egg-info/PKG-INFO
[5.380s] writing dependency_links to azure_kinect_ros2_driver.egg-info/dependency_links.txt
[5.381s] writing top-level names to azure_kinect_ros2_driver.egg-info/top_level.txt
[5.381s] writing manifest file 'azure_kinect_ros2_driver.egg-info/SOURCES.txt'
[5.389s] In file included from [01m[K/home/zk/ros2_ws/src/Azure_Kinect_ROS2_Driver/src/k4a_calibration_transform_data.cpp:18[m[K:
[5.389s] [01m[K/opt/ros/humble/include/tf2_geometry_msgs/tf2_geometry_msgs/tf2_geometry_msgs.h:35:2:[m[K [01;35m[Kwarning: [m[K#warning This header is obsolete, please include tf2_geometry_msgs/tf2_geometry_msgs.hpp instead [[01;35m[K]8;;https://gcc.gnu.org/onlinedocs/gcc/Warning-Options.html#index-Wcpp-Wcpp]8;;[m[K]
[5.389s]    35 | #[01;35m[Kwarning[m[K This header is obsolete, please include tf2_geometry_msgs/tf2_geometry_msgs.hpp instead
[5.389s]       |  [01;35m[K^~~~~~~[m[K
[5.411s] reading manifest file 'azure_kinect_ros2_driver.egg-info/SOURCES.txt'
[5.412s] writing manifest file 'azure_kinect_ros2_driver.egg-info/SOURCES.txt'
[5.692s] [ 80%] Built target ament_cmake_python_build_azure_kinect_ros2_driver_egg
