[0.023s] Invoking command in '/root/jetson_repo/build/hb_robot_moveit_config': CMAKE_PREFIX_PATH=${CMAKE_PREFIX_PATH}:/opt/ros/humble /usr/bin/cmake /root/jetson_repo/src/hb_robot_moveit_config -DCMAKE_INSTALL_PREFIX=/root/jetson_repo/install/hb_robot_moveit_config
[0.161s] -- The C compiler identification is GNU 11.4.0
[0.260s] -- The CXX compiler identification is GNU 11.4.0
[0.272s] -- Detecting C compiler ABI info
[0.340s] -- Detecting C compiler ABI info - done
[0.346s] -- Check for working C compiler: /usr/bin/cc - skipped
[0.346s] -- Detecting C compile features
[0.347s] -- Detecting C compile features - done
[0.351s] -- Detecting CXX compiler ABI info
[0.417s] -- Detecting CXX compiler ABI info - done
[0.423s] -- Check for working CXX compiler: /usr/bin/c++ - skipped
[0.423s] -- Detecting CXX compile features
[0.424s] -- Detecting CXX compile features - done
[0.435s] -- Found ament_cmake: 1.3.11 (/opt/ros/humble/share/ament_cmake/cmake)
[0.540s] -- Found Python3: /usr/bin/python3 (found version "3.10.12") found components: Interpreter 
[0.684s] -- Configuring done
[0.688s] -- Generating done
[0.690s] -- Build files have been written to: /root/jetson_repo/build/hb_robot_moveit_config
[0.695s] Invoked command in '/root/jetson_repo/build/hb_robot_moveit_config' returned '0': CMAKE_PREFIX_PATH=${CMAKE_PREFIX_PATH}:/opt/ros/humble /usr/bin/cmake /root/jetson_repo/src/hb_robot_moveit_config -DCMAKE_INSTALL_PREFIX=/root/jetson_repo/install/hb_robot_moveit_config
[0.695s] Invoking command in '/root/jetson_repo/build/hb_robot_moveit_config': CMAKE_PREFIX_PATH=${CMAKE_PREFIX_PATH}:/opt/ros/humble /usr/bin/cmake --build /root/jetson_repo/build/hb_robot_moveit_config -- -j16 -l16
[0.725s] Invoked command in '/root/jetson_repo/build/hb_robot_moveit_config' returned '0': CMAKE_PREFIX_PATH=${CMAKE_PREFIX_PATH}:/opt/ros/humble /usr/bin/cmake --build /root/jetson_repo/build/hb_robot_moveit_config -- -j16 -l16
[0.733s] Invoking command in '/root/jetson_repo/build/hb_robot_moveit_config': CMAKE_PREFIX_PATH=${CMAKE_PREFIX_PATH}:/opt/ros/humble /usr/bin/cmake --install /root/jetson_repo/build/hb_robot_moveit_config
[0.739s] -- Install configuration: ""
[0.740s] -- Installing: /root/jetson_repo/install/hb_robot_moveit_config/share/ament_index/resource_index/package_run_dependencies/hb_robot_moveit_config
[0.741s] -- Installing: /root/jetson_repo/install/hb_robot_moveit_config/share/ament_index/resource_index/parent_prefix_path/hb_robot_moveit_config
[0.741s] -- Installing: /root/jetson_repo/install/hb_robot_moveit_config/share/hb_robot_moveit_config/environment/ament_prefix_path.sh
[0.741s] -- Installing: /root/jetson_repo/install/hb_robot_moveit_config/share/hb_robot_moveit_config/environment/ament_prefix_path.dsv
[0.742s] -- Installing: /root/jetson_repo/install/hb_robot_moveit_config/share/hb_robot_moveit_config/environment/path.sh
[0.742s] -- Installing: /root/jetson_repo/install/hb_robot_moveit_config/share/hb_robot_moveit_config/environment/path.dsv
[0.742s] -- Installing: /root/jetson_repo/install/hb_robot_moveit_config/share/hb_robot_moveit_config/local_setup.bash
[0.742s] -- Installing: /root/jetson_repo/install/hb_robot_moveit_config/share/hb_robot_moveit_config/local_setup.sh
[0.742s] -- Installing: /root/jetson_repo/install/hb_robot_moveit_config/share/hb_robot_moveit_config/local_setup.zsh
[0.742s] -- Installing: /root/jetson_repo/install/hb_robot_moveit_config/share/hb_robot_moveit_config/local_setup.dsv
[0.742s] -- Installing: /root/jetson_repo/install/hb_robot_moveit_config/share/hb_robot_moveit_config/package.dsv
[0.743s] -- Installing: /root/jetson_repo/install/hb_robot_moveit_config/share/ament_index/resource_index/packages/hb_robot_moveit_config
[0.743s] -- Installing: /root/jetson_repo/install/hb_robot_moveit_config/share/hb_robot_moveit_config/cmake/hb_robot_moveit_configConfig.cmake
[0.743s] -- Installing: /root/jetson_repo/install/hb_robot_moveit_config/share/hb_robot_moveit_config/cmake/hb_robot_moveit_configConfig-version.cmake
[0.744s] -- Installing: /root/jetson_repo/install/hb_robot_moveit_config/share/hb_robot_moveit_config/package.xml
[0.744s] -- Installing: /root/jetson_repo/install/hb_robot_moveit_config/share/hb_robot_moveit_config/launch
[0.744s] -- Installing: /root/jetson_repo/install/hb_robot_moveit_config/share/hb_robot_moveit_config/launch/moveit_rviz.launch.py
[0.744s] -- Installing: /root/jetson_repo/install/hb_robot_moveit_config/share/hb_robot_moveit_config/launch/warehouse_db.launch.py
[0.744s] -- Installing: /root/jetson_repo/install/hb_robot_moveit_config/share/hb_robot_moveit_config/launch/rsp.launch.py
[0.744s] -- Installing: /root/jetson_repo/install/hb_robot_moveit_config/share/hb_robot_moveit_config/launch/spawn_controllers.launch.py
[0.745s] -- Installing: /root/jetson_repo/install/hb_robot_moveit_config/share/hb_robot_moveit_config/launch/setup_assistant.launch.py
[0.745s] -- Installing: /root/jetson_repo/install/hb_robot_moveit_config/share/hb_robot_moveit_config/launch/static_virtual_joint_tfs.launch.py
[0.745s] -- Installing: /root/jetson_repo/install/hb_robot_moveit_config/share/hb_robot_moveit_config/launch/demo.launch.py
[0.745s] -- Installing: /root/jetson_repo/install/hb_robot_moveit_config/share/hb_robot_moveit_config/launch/move_group.launch.py
[0.745s] -- Installing: /root/jetson_repo/install/hb_robot_moveit_config/share/hb_robot_moveit_config/config
[0.746s] -- Installing: /root/jetson_repo/install/hb_robot_moveit_config/share/hb_robot_moveit_config/config/hb_robot.urdf.xacro
[0.746s] -- Installing: /root/jetson_repo/install/hb_robot_moveit_config/share/hb_robot_moveit_config/config/kinematics.yaml
[0.746s] -- Installing: /root/jetson_repo/install/hb_robot_moveit_config/share/hb_robot_moveit_config/config/hb_robot.srdf
[0.746s] -- Installing: /root/jetson_repo/install/hb_robot_moveit_config/share/hb_robot_moveit_config/config/hb_robot.ros2_control.xacro
[0.746s] -- Installing: /root/jetson_repo/install/hb_robot_moveit_config/share/hb_robot_moveit_config/config/joint_limits.yaml
[0.746s] -- Installing: /root/jetson_repo/install/hb_robot_moveit_config/share/hb_robot_moveit_config/config/pilz_cartesian_limits.yaml
[0.746s] -- Installing: /root/jetson_repo/install/hb_robot_moveit_config/share/hb_robot_moveit_config/config/moveit_controllers.yaml
[0.747s] -- Installing: /root/jetson_repo/install/hb_robot_moveit_config/share/hb_robot_moveit_config/config/initial_positions.yaml
[0.747s] -- Installing: /root/jetson_repo/install/hb_robot_moveit_config/share/hb_robot_moveit_config/config/moveit.rviz
[0.747s] -- Installing: /root/jetson_repo/install/hb_robot_moveit_config/share/hb_robot_moveit_config/.setup_assistant
[0.749s] Invoked command in '/root/jetson_repo/build/hb_robot_moveit_config' returned '0': CMAKE_PREFIX_PATH=${CMAKE_PREFIX_PATH}:/opt/ros/humble /usr/bin/cmake --install /root/jetson_repo/build/hb_robot_moveit_config
