[0.017s] Invoking command in '/home/zk/ros2_ws/build/cam_pub': CMAKE_PREFIX_PATH=/opt/ros/humble /usr/bin/cmake /home/zk/ros2_ws/src/cam_pub -DCMAKE_EXPORT_COMPILE_COMMANDS=ON -DCMAKE_INSTALL_PREFIX=/home/zk/ros2_ws/install/cam_pub
[0.042s] -- Found ament_cmake: 1.3.12 (/opt/ros/humble/share/ament_cmake/cmake)
[0.301s] -- Found ament_lint_auto: 0.12.14 (/opt/ros/humble/share/ament_lint_auto/cmake)
[0.449s] -- Added test 'cppcheck' to perform static code analysis on C / C++ code
[0.449s] -- Configured cppcheck include dirs: 
[0.449s] -- Configured cppcheck exclude dirs and/or files: 
[0.450s] -- Added test 'lint_cmake' to check CMake code style
[0.453s] -- Added test 'uncrustify' to check C / C++ code style
[0.453s] -- Configured uncrustify additional arguments: 
[0.453s] -- Added test 'xmllint' to check XML markup files
[0.455s] -- Configuring done
[0.466s] -- Generating done
[0.467s] [33mCMake Warning:
[0.468s]   Manually-specified variables were not used by the project:
[0.468s] 
[0.468s]     CMAKE_EXPORT_COMPILE_COMMANDS
[0.468s] 
[0.469s] [0m
[0.471s] -- Build files have been written to: /home/zk/ros2_ws/build/cam_pub
[0.478s] Invoked command in '/home/zk/ros2_ws/build/cam_pub' returned '0': CMAKE_PREFIX_PATH=/opt/ros/humble /usr/bin/cmake /home/zk/ros2_ws/src/cam_pub -DCMAKE_EXPORT_COMPILE_COMMANDS=ON -DCMAKE_INSTALL_PREFIX=/home/zk/ros2_ws/install/cam_pub
[0.483s] Invoking command in '/home/zk/ros2_ws/build/cam_pub': CMAKE_PREFIX_PATH=/opt/ros/humble /usr/bin/cmake --build /home/zk/ros2_ws/build/cam_pub -- -j6 -l6
[0.557s] Invoked command in '/home/zk/ros2_ws/build/cam_pub' returned '0': CMAKE_PREFIX_PATH=/opt/ros/humble /usr/bin/cmake --build /home/zk/ros2_ws/build/cam_pub -- -j6 -l6
[0.580s] Invoking command in '/home/zk/ros2_ws/build/cam_pub': CMAKE_PREFIX_PATH=/opt/ros/humble /usr/bin/cmake --install /home/zk/ros2_ws/build/cam_pub
[0.593s] -- Install configuration: ""
[0.593s] -- Up-to-date: /home/zk/ros2_ws/install/cam_pub/share/ament_index/resource_index/package_run_dependencies/cam_pub
[0.594s] -- Up-to-date: /home/zk/ros2_ws/install/cam_pub/share/ament_index/resource_index/parent_prefix_path/cam_pub
[0.594s] -- Up-to-date: /home/zk/ros2_ws/install/cam_pub/share/cam_pub/environment/ament_prefix_path.sh
[0.594s] -- Installing: /home/zk/ros2_ws/install/cam_pub/share/cam_pub/environment/ament_prefix_path.dsv
[0.594s] -- Up-to-date: /home/zk/ros2_ws/install/cam_pub/share/cam_pub/environment/path.sh
[0.594s] -- Installing: /home/zk/ros2_ws/install/cam_pub/share/cam_pub/environment/path.dsv
[0.594s] -- Up-to-date: /home/zk/ros2_ws/install/cam_pub/share/cam_pub/local_setup.bash
[0.595s] -- Up-to-date: /home/zk/ros2_ws/install/cam_pub/share/cam_pub/local_setup.sh
[0.595s] -- Up-to-date: /home/zk/ros2_ws/install/cam_pub/share/cam_pub/local_setup.zsh
[0.595s] -- Installing: /home/zk/ros2_ws/install/cam_pub/share/cam_pub/local_setup.dsv
[0.595s] -- Installing: /home/zk/ros2_ws/install/cam_pub/share/cam_pub/package.dsv
[0.595s] -- Up-to-date: /home/zk/ros2_ws/install/cam_pub/share/ament_index/resource_index/packages/cam_pub
[0.595s] -- Up-to-date: /home/zk/ros2_ws/install/cam_pub/share/cam_pub/cmake/cam_pubConfig.cmake
[0.595s] -- Up-to-date: /home/zk/ros2_ws/install/cam_pub/share/cam_pub/cmake/cam_pubConfig-version.cmake
[0.595s] -- Up-to-date: /home/zk/ros2_ws/install/cam_pub/share/cam_pub/package.xml
[0.601s] Invoked command in '/home/zk/ros2_ws/build/cam_pub' returned '0': CMAKE_PREFIX_PATH=/opt/ros/humble /usr/bin/cmake --install /home/zk/ros2_ws/build/cam_pub
