[0.026s] Invoking command in '/home/zk/ros2_ws/build/hb_robot_description': CMAKE_PREFIX_PATH=${CMAKE_PREFIX_PATH}:/opt/ros/humble /usr/bin/cmake --build /home/zk/ros2_ws/build/hb_robot_description -- -j6 -l6
[0.111s] Invoked command in '/home/zk/ros2_ws/build/hb_robot_description' returned '0': CMAKE_PREFIX_PATH=${CMAKE_PREFIX_PATH}:/opt/ros/humble /usr/bin/cmake --build /home/zk/ros2_ws/build/hb_robot_description -- -j6 -l6
[0.135s] Invoking command in '/home/zk/ros2_ws/build/hb_robot_description': CMAKE_PREFIX_PATH=${CMAKE_PREFIX_PATH}:/opt/ros/humble /usr/bin/cmake --install /home/zk/ros2_ws/build/hb_robot_description
[0.149s] -- Install configuration: ""
[0.150s] -- Up-to-date: /home/zk/ros2_ws/install/hb_robot_description/share/hb_robot_description/meshes
[0.150s] -- Up-to-date: /home/zk/ros2_ws/install/hb_robot_description/share/hb_robot_description/meshes/board.stl
[0.150s] -- Up-to-date: /home/zk/ros2_ws/install/hb_robot_description/share/hb_robot_description/urdf
[0.151s] -- Up-to-date: /home/zk/ros2_ws/install/hb_robot_description/share/hb_robot_description/urdf/hb_robot.urdf.xacro
[0.151s] -- Installing: /home/zk/ros2_ws/install/hb_robot_description/share/hb_robot_description/urdf/hb_robot.urdf
[0.151s] -- Up-to-date: /home/zk/ros2_ws/install/hb_robot_description/share/hb_robot_description/urdf/hb_robot_macro.xacro
[0.151s] -- Up-to-date: /home/zk/ros2_ws/install/hb_robot_description/share/ament_index/resource_index/package_run_dependencies/hb_robot_description
[0.151s] -- Up-to-date: /home/zk/ros2_ws/install/hb_robot_description/share/ament_index/resource_index/parent_prefix_path/hb_robot_description
[0.151s] -- Up-to-date: /home/zk/ros2_ws/install/hb_robot_description/share/hb_robot_description/environment/ament_prefix_path.sh
[0.151s] -- Up-to-date: /home/zk/ros2_ws/install/hb_robot_description/share/hb_robot_description/environment/ament_prefix_path.dsv
[0.151s] -- Up-to-date: /home/zk/ros2_ws/install/hb_robot_description/share/hb_robot_description/environment/path.sh
[0.152s] -- Up-to-date: /home/zk/ros2_ws/install/hb_robot_description/share/hb_robot_description/environment/path.dsv
[0.152s] -- Up-to-date: /home/zk/ros2_ws/install/hb_robot_description/share/hb_robot_description/local_setup.bash
[0.152s] -- Up-to-date: /home/zk/ros2_ws/install/hb_robot_description/share/hb_robot_description/local_setup.sh
[0.152s] -- Up-to-date: /home/zk/ros2_ws/install/hb_robot_description/share/hb_robot_description/local_setup.zsh
[0.152s] -- Up-to-date: /home/zk/ros2_ws/install/hb_robot_description/share/hb_robot_description/local_setup.dsv
[0.152s] -- Up-to-date: /home/zk/ros2_ws/install/hb_robot_description/share/hb_robot_description/package.dsv
[0.152s] -- Up-to-date: /home/zk/ros2_ws/install/hb_robot_description/share/ament_index/resource_index/packages/hb_robot_description
[0.152s] -- Up-to-date: /home/zk/ros2_ws/install/hb_robot_description/share/hb_robot_description/cmake/hb_robot_descriptionConfig.cmake
[0.152s] -- Up-to-date: /home/zk/ros2_ws/install/hb_robot_description/share/hb_robot_description/cmake/hb_robot_descriptionConfig-version.cmake
[0.153s] -- Up-to-date: /home/zk/ros2_ws/install/hb_robot_description/share/hb_robot_description/package.xml
[0.156s] Invoked command in '/home/zk/ros2_ws/build/hb_robot_description' returned '0': CMAKE_PREFIX_PATH=${CMAKE_PREFIX_PATH}:/opt/ros/humble /usr/bin/cmake --install /home/zk/ros2_ws/build/hb_robot_description
