[0.022s] Invoking command in '/home/zk/ros2_ws/build/unitree_lidar_ros2': CMAKE_PREFIX_PATH=/opt/ros/humble /usr/bin/cmake --build /home/zk/ros2_ws/build/unitree_lidar_ros2 -- -j6 -l6
[0.138s] [ 50%] [32mBuilding CXX object CMakeFiles/unitree_lidar_ros2_node.dir/src/unitree_lidar_ros2_node.cpp.o[0m
[27.762s] [100%] [32m[1mLinking CXX executable unitree_lidar_ros2_node[0m
[30.855s] [100%] Built target unitree_lidar_ros2_node
[30.881s] Invoked command in '/home/zk/ros2_ws/build/unitree_lidar_ros2' returned '0': CMAKE_PREFIX_PATH=/opt/ros/humble /usr/bin/cmake --build /home/zk/ros2_ws/build/unitree_lidar_ros2 -- -j6 -l6
[30.907s] Invoking command in '/home/zk/ros2_ws/build/unitree_lidar_ros2': CMAKE_PREFIX_PATH=/opt/ros/humble /usr/bin/cmake --install /home/zk/ros2_ws/build/unitree_lidar_ros2
[30.922s] -- Install configuration: ""
[30.931s] -- Installing: /home/zk/ros2_ws/install/unitree_lidar_ros2/lib/unitree_lidar_ros2/unitree_lidar_ros2_node
[30.937s] -- Set runtime path of "/home/zk/ros2_ws/install/unitree_lidar_ros2/lib/unitree_lidar_ros2/unitree_lidar_ros2_node" to ""
[30.937s] -- Installing: /home/zk/ros2_ws/install/unitree_lidar_ros2/share/unitree_lidar_ros2/view.rviz
[30.937s] -- Installing: /home/zk/ros2_ws/install/unitree_lidar_ros2/share/unitree_lidar_ros2/launch.py
[30.938s] -- Installing: /home/zk/ros2_ws/install/unitree_lidar_ros2/share/ament_index/resource_index/package_run_dependencies/unitree_lidar_ros2
[30.938s] -- Installing: /home/zk/ros2_ws/install/unitree_lidar_ros2/share/ament_index/resource_index/parent_prefix_path/unitree_lidar_ros2
[30.939s] -- Installing: /home/zk/ros2_ws/install/unitree_lidar_ros2/share/unitree_lidar_ros2/environment/ament_prefix_path.sh
[30.939s] -- Installing: /home/zk/ros2_ws/install/unitree_lidar_ros2/share/unitree_lidar_ros2/environment/ament_prefix_path.dsv
[30.939s] -- Installing: /home/zk/ros2_ws/install/unitree_lidar_ros2/share/unitree_lidar_ros2/environment/path.sh
[30.940s] -- Installing: /home/zk/ros2_ws/install/unitree_lidar_ros2/share/unitree_lidar_ros2/environment/path.dsv
[30.940s] -- Installing: /home/zk/ros2_ws/install/unitree_lidar_ros2/share/unitree_lidar_ros2/local_setup.bash
[30.940s] -- Installing: /home/zk/ros2_ws/install/unitree_lidar_ros2/share/unitree_lidar_ros2/local_setup.sh
[30.941s] -- Installing: /home/zk/ros2_ws/install/unitree_lidar_ros2/share/unitree_lidar_ros2/local_setup.zsh
[30.941s] -- Installing: /home/zk/ros2_ws/install/unitree_lidar_ros2/share/unitree_lidar_ros2/local_setup.dsv
[30.942s] -- Installing: /home/zk/ros2_ws/install/unitree_lidar_ros2/share/unitree_lidar_ros2/package.dsv
[30.942s] -- Installing: /home/zk/ros2_ws/install/unitree_lidar_ros2/share/ament_index/resource_index/packages/unitree_lidar_ros2
[30.942s] -- Installing: /home/zk/ros2_ws/install/unitree_lidar_ros2/share/unitree_lidar_ros2/cmake/unitree_lidar_ros2Config.cmake
[30.943s] -- Installing: /home/zk/ros2_ws/install/unitree_lidar_ros2/share/unitree_lidar_ros2/cmake/unitree_lidar_ros2Config-version.cmake
[30.943s] -- Installing: /home/zk/ros2_ws/install/unitree_lidar_ros2/share/unitree_lidar_ros2/package.xml
[30.949s] Invoked command in '/home/zk/ros2_ws/build/unitree_lidar_ros2' returned '0': CMAKE_PREFIX_PATH=/opt/ros/humble /usr/bin/cmake --install /home/zk/ros2_ws/build/unitree_lidar_ros2
