[100%] Built target unitree_lidar_ros2_node
-- Install configuration: ""
-- Up-to-date: /home/zk/ros2_ws/install/unitree_lidar_ros2/lib/unitree_lidar_ros2/unitree_lidar_ros2_node
-- Up-to-date: /home/zk/ros2_ws/install/unitree_lidar_ros2/share/unitree_lidar_ros2/view.rviz
-- Up-to-date: /home/zk/ros2_ws/install/unitree_lidar_ros2/share/unitree_lidar_ros2/launch.py
-- Up-to-date: /home/zk/ros2_ws/install/unitree_lidar_ros2/share/ament_index/resource_index/package_run_dependencies/unitree_lidar_ros2
-- Up-to-date: /home/zk/ros2_ws/install/unitree_lidar_ros2/share/ament_index/resource_index/parent_prefix_path/unitree_lidar_ros2
-- Up-to-date: /home/zk/ros2_ws/install/unitree_lidar_ros2/share/unitree_lidar_ros2/environment/ament_prefix_path.sh
-- Up-to-date: /home/zk/ros2_ws/install/unitree_lidar_ros2/share/unitree_lidar_ros2/environment/ament_prefix_path.dsv
-- Up-to-date: /home/zk/ros2_ws/install/unitree_lidar_ros2/share/unitree_lidar_ros2/environment/path.sh
-- Up-to-date: /home/zk/ros2_ws/install/unitree_lidar_ros2/share/unitree_lidar_ros2/environment/path.dsv
-- Up-to-date: /home/zk/ros2_ws/install/unitree_lidar_ros2/share/unitree_lidar_ros2/local_setup.bash
-- Up-to-date: /home/zk/ros2_ws/install/unitree_lidar_ros2/share/unitree_lidar_ros2/local_setup.sh
-- Up-to-date: /home/zk/ros2_ws/install/unitree_lidar_ros2/share/unitree_lidar_ros2/local_setup.zsh
-- Up-to-date: /home/zk/ros2_ws/install/unitree_lidar_ros2/share/unitree_lidar_ros2/local_setup.dsv
-- Installing: /home/zk/ros2_ws/install/unitree_lidar_ros2/share/unitree_lidar_ros2/package.dsv
-- Up-to-date: /home/zk/ros2_ws/install/unitree_lidar_ros2/share/ament_index/resource_index/packages/unitree_lidar_ros2
-- Up-to-date: /home/zk/ros2_ws/install/unitree_lidar_ros2/share/unitree_lidar_ros2/cmake/unitree_lidar_ros2Config.cmake
-- Up-to-date: /home/zk/ros2_ws/install/unitree_lidar_ros2/share/unitree_lidar_ros2/cmake/unitree_lidar_ros2Config-version.cmake
-- Up-to-date: /home/zk/ros2_ws/install/unitree_lidar_ros2/share/unitree_lidar_ros2/package.xml
