-- Install configuration: ""
-- Up-to-date: /home/zk/ros2_ws/install/hb_robot_moveit_config/share/hb_robot_moveit_config/launch
-- Up-to-date: /home/zk/ros2_ws/install/hb_robot_moveit_config/share/hb_robot_moveit_config/launch/move_group.launch.py
-- Up-to-date: /home/zk/ros2_ws/install/hb_robot_moveit_config/share/hb_robot_moveit_config/config
-- Up-to-date: /home/zk/ros2_ws/install/hb_robot_moveit_config/share/hb_robot_moveit_config/config/ompl_planning.yaml
-- Up-to-date: /home/zk/ros2_ws/install/hb_robot_moveit_config/share/hb_robot_moveit_config/config/hb_robot.srdf
-- Up-to-date: /home/zk/ros2_ws/install/hb_robot_moveit_config/share/hb_robot_moveit_config/config/joint_limits.yaml
-- Installing: /home/zk/ros2_ws/install/hb_robot_moveit_config/share/hb_robot_moveit_config/config/ros2_controllers.yaml
-- Up-to-date: /home/zk/ros2_ws/install/hb_robot_moveit_config/share/hb_robot_moveit_config/config/kinematics.yaml
-- Installing: /home/zk/ros2_ws/install/hb_robot_moveit_config/share/hb_robot_moveit_config/config/moveit_controllers.yaml
-- Up-to-date: /home/zk/ros2_ws/install/hb_robot_moveit_config/share/hb_robot_moveit_config/.setup_assistant
-- Up-to-date: /home/zk/ros2_ws/install/hb_robot_moveit_config/share/ament_index/resource_index/package_run_dependencies/hb_robot_moveit_config
-- Up-to-date: /home/zk/ros2_ws/install/hb_robot_moveit_config/share/ament_index/resource_index/parent_prefix_path/hb_robot_moveit_config
-- Up-to-date: /home/zk/ros2_ws/install/hb_robot_moveit_config/share/hb_robot_moveit_config/environment/ament_prefix_path.sh
-- Up-to-date: /home/zk/ros2_ws/install/hb_robot_moveit_config/share/hb_robot_moveit_config/environment/ament_prefix_path.dsv
-- Up-to-date: /home/zk/ros2_ws/install/hb_robot_moveit_config/share/hb_robot_moveit_config/environment/path.sh
-- Up-to-date: /home/zk/ros2_ws/install/hb_robot_moveit_config/share/hb_robot_moveit_config/environment/path.dsv
-- Up-to-date: /home/zk/ros2_ws/install/hb_robot_moveit_config/share/hb_robot_moveit_config/local_setup.bash
-- Up-to-date: /home/zk/ros2_ws/install/hb_robot_moveit_config/share/hb_robot_moveit_config/local_setup.sh
-- Up-to-date: /home/zk/ros2_ws/install/hb_robot_moveit_config/share/hb_robot_moveit_config/local_setup.zsh
-- Up-to-date: /home/zk/ros2_ws/install/hb_robot_moveit_config/share/hb_robot_moveit_config/local_setup.dsv
-- Installing: /home/zk/ros2_ws/install/hb_robot_moveit_config/share/hb_robot_moveit_config/package.dsv
-- Up-to-date: /home/zk/ros2_ws/install/hb_robot_moveit_config/share/ament_index/resource_index/packages/hb_robot_moveit_config
-- Up-to-date: /home/zk/ros2_ws/install/hb_robot_moveit_config/share/hb_robot_moveit_config/cmake/hb_robot_moveit_configConfig.cmake
-- Up-to-date: /home/zk/ros2_ws/install/hb_robot_moveit_config/share/hb_robot_moveit_config/cmake/hb_robot_moveit_configConfig-version.cmake
-- Up-to-date: /home/zk/ros2_ws/install/hb_robot_moveit_config/share/hb_robot_moveit_config/package.xml
