[0.017s] Invoking command in '/home/zk/ros2_ws/build/hb_robot_moveit_config': CMAKE_PREFIX_PATH=${CMAKE_PREFIX_PATH}:/opt/ros/humble /usr/bin/cmake --build /home/zk/ros2_ws/build/hb_robot_moveit_config -- -j6 -l6
[0.091s] Invoked command in '/home/zk/ros2_ws/build/hb_robot_moveit_config' returned '0': CMAKE_PREFIX_PATH=${CMAKE_PREFIX_PATH}:/opt/ros/humble /usr/bin/cmake --build /home/zk/ros2_ws/build/hb_robot_moveit_config -- -j6 -l6
[0.096s] Invoking command in '/home/zk/ros2_ws/build/hb_robot_moveit_config': CMAKE_PREFIX_PATH=${CMAKE_PREFIX_PATH}:/opt/ros/humble /usr/bin/cmake --install /home/zk/ros2_ws/build/hb_robot_moveit_config
[0.112s] -- Install configuration: ""
[0.112s] -- Up-to-date: /home/zk/ros2_ws/install/hb_robot_moveit_config/share/hb_robot_moveit_config/launch
[0.113s] -- Up-to-date: /home/zk/ros2_ws/install/hb_robot_moveit_config/share/hb_robot_moveit_config/launch/move_group.launch.py
[0.113s] -- Up-to-date: /home/zk/ros2_ws/install/hb_robot_moveit_config/share/hb_robot_moveit_config/config
[0.113s] -- Up-to-date: /home/zk/ros2_ws/install/hb_robot_moveit_config/share/hb_robot_moveit_config/config/ompl_planning.yaml
[0.114s] -- Up-to-date: /home/zk/ros2_ws/install/hb_robot_moveit_config/share/hb_robot_moveit_config/config/hb_robot.srdf
[0.114s] -- Up-to-date: /home/zk/ros2_ws/install/hb_robot_moveit_config/share/hb_robot_moveit_config/config/joint_limits.yaml
[0.115s] -- Installing: /home/zk/ros2_ws/install/hb_robot_moveit_config/share/hb_robot_moveit_config/config/ros2_controllers.yaml
[0.115s] -- Up-to-date: /home/zk/ros2_ws/install/hb_robot_moveit_config/share/hb_robot_moveit_config/config/kinematics.yaml
[0.115s] -- Installing: /home/zk/ros2_ws/install/hb_robot_moveit_config/share/hb_robot_moveit_config/config/moveit_controllers.yaml
[0.115s] -- Up-to-date: /home/zk/ros2_ws/install/hb_robot_moveit_config/share/hb_robot_moveit_config/.setup_assistant
[0.116s] -- Up-to-date: /home/zk/ros2_ws/install/hb_robot_moveit_config/share/ament_index/resource_index/package_run_dependencies/hb_robot_moveit_config
[0.116s] -- Up-to-date: /home/zk/ros2_ws/install/hb_robot_moveit_config/share/ament_index/resource_index/parent_prefix_path/hb_robot_moveit_config
[0.116s] -- Up-to-date: /home/zk/ros2_ws/install/hb_robot_moveit_config/share/hb_robot_moveit_config/environment/ament_prefix_path.sh
[0.116s] -- Up-to-date: /home/zk/ros2_ws/install/hb_robot_moveit_config/share/hb_robot_moveit_config/environment/ament_prefix_path.dsv
[0.117s] -- Up-to-date: /home/zk/ros2_ws/install/hb_robot_moveit_config/share/hb_robot_moveit_config/environment/path.sh
[0.117s] -- Up-to-date: /home/zk/ros2_ws/install/hb_robot_moveit_config/share/hb_robot_moveit_config/environment/path.dsv
[0.117s] -- Up-to-date: /home/zk/ros2_ws/install/hb_robot_moveit_config/share/hb_robot_moveit_config/local_setup.bash
[0.118s] -- Up-to-date: /home/zk/ros2_ws/install/hb_robot_moveit_config/share/hb_robot_moveit_config/local_setup.sh
[0.119s] -- Up-to-date: /home/zk/ros2_ws/install/hb_robot_moveit_config/share/hb_robot_moveit_config/local_setup.zsh
[0.121s] -- Up-to-date: /home/zk/ros2_ws/install/hb_robot_moveit_config/share/hb_robot_moveit_config/local_setup.dsv
[0.122s] -- Installing: /home/zk/ros2_ws/install/hb_robot_moveit_config/share/hb_robot_moveit_config/package.dsv
[0.122s] -- Up-to-date: /home/zk/ros2_ws/install/hb_robot_moveit_config/share/ament_index/resource_index/packages/hb_robot_moveit_config
[0.123s] -- Up-to-date: /home/zk/ros2_ws/install/hb_robot_moveit_config/share/hb_robot_moveit_config/cmake/hb_robot_moveit_configConfig.cmake
[0.123s] -- Up-to-date: /home/zk/ros2_ws/install/hb_robot_moveit_config/share/hb_robot_moveit_config/cmake/hb_robot_moveit_configConfig-version.cmake
[0.124s] -- Up-to-date: /home/zk/ros2_ws/install/hb_robot_moveit_config/share/hb_robot_moveit_config/package.xml
[0.124s] Invoked command in '/home/zk/ros2_ws/build/hb_robot_moveit_config' returned '0': CMAKE_PREFIX_PATH=${CMAKE_PREFIX_PATH}:/opt/ros/humble /usr/bin/cmake --install /home/zk/ros2_ws/build/hb_robot_moveit_config
