-- Found ament_cmake: 1.3.12 (/opt/ros/humble/share/ament_cmake/cmake)
-- Found rclcpp: 16.0.14 (/opt/ros/humble/share/rclcpp/cmake)
-- Found rosidl_generator_c: 3.1.7 (/opt/ros/humble/share/rosidl_generator_c/cmake)
-- Found rosidl_adapter: 3.1.7 (/opt/ros/humble/share/rosidl_adapter/cmake)
-- Found rosidl_generator_cpp: 3.1.7 (/opt/ros/humble/share/rosidl_generator_cpp/cmake)
-- Using all available rosidl_typesupport_c: rosidl_typesupport_fastrtps_c;rosidl_typesupport_introspection_c
-- Using all available rosidl_typesupport_cpp: rosidl_typesupport_fastrtps_cpp;rosidl_typesupport_introspection_cpp
-- Found rmw_implementation_cmake: 6.1.2 (/opt/ros/humble/share/rmw_implementation_cmake/cmake)
-- Found rmw_fastrtps_cpp: 6.2.8 (/opt/ros/humble/share/rmw_fastrtps_cpp/cmake)
-- Using RMW implementation 'rmw_fastrtps_cpp' as default
-- Found image_transport: 3.1.12 (/opt/ros/humble/share/image_transport/cmake)
-- Found cv_bridge: 3.2.1 (/opt/ros/humble/share/cv_bridge/cmake)
-- Found OpenCV: /usr (found version "4.8.0") 
-- Found ament_lint_auto: 0.12.14 (/opt/ros/humble/share/ament_lint_auto/cmake)
-- Added test 'cppcheck' to perform static code analysis on C / C++ code
-- Configured cppcheck include dirs: 
-- Configured cppcheck exclude dirs and/or files: 
-- Added test 'lint_cmake' to check CMake code style
-- Added test 'uncrustify' to check C / C++ code style
-- Configured uncrustify additional arguments: 
-- Added test 'xmllint' to check XML markup files
-- Configuring done
-- Generating done
-- Build files have been written to: /home/zk/ros2_ws/build/cam_pub
[ 25%] [32mBuilding CXX object CMakeFiles/webcam_pub.dir/src/webcam_publisher.cpp.o[0m
[35m[1mConsolidate compiler generated dependencies of target z_talk[0m
[ 50%] [32mBuilding CXX object CMakeFiles/z_talk.dir/src/zain_pub.cpp.o[0m
[ 75%] [32m[1mLinking CXX executable z_talk[0m
[ 75%] Built target z_talk
[100%] [32m[1mLinking CXX executable webcam_pub[0m
/usr/bin/ld: warning: libopencv_imgcodecs.so.4.5d, needed by /opt/ros/humble/lib/libcv_bridge.so, may conflict with libopencv_imgcodecs.so.408
/usr/bin/ld: warning: libopencv_core.so.4.5d, needed by /opt/ros/humble/lib/libcv_bridge.so, may conflict with libopencv_core.so.408
/usr/bin/ld: CMakeFiles/webcam_pub.dir/src/webcam_publisher.cpp.o: in function `WebCamPublisher::WebCamPublisher()':
webcam_publisher.cpp:(.text._ZN15WebCamPublisherC2Ev[_ZN15WebCamPublisherC5Ev]+0xd4): undefined reference to `cv::VideoCapture::VideoCapture()'
/usr/bin/ld: webcam_publisher.cpp:(.text._ZN15WebCamPublisherC2Ev[_ZN15WebCamPublisherC5Ev]+0x190): undefined reference to `cv::VideoCapture::open(int, int)'
/usr/bin/ld: webcam_publisher.cpp:(.text._ZN15WebCamPublisherC2Ev[_ZN15WebCamPublisherC5Ev]+0x19c): undefined reference to `cv::VideoCapture::isOpened() const'
/usr/bin/ld: webcam_publisher.cpp:(.text._ZN15WebCamPublisherC2Ev[_ZN15WebCamPublisherC5Ev]+0x4a0): undefined reference to `cv::VideoCapture::~VideoCapture()'
/usr/bin/ld: CMakeFiles/webcam_pub.dir/src/webcam_publisher.cpp.o: in function `WebCamPublisher::timer_callback()':
webcam_publisher.cpp:(.text._ZN15WebCamPublisher14timer_callbackEv[_ZN15WebCamPublisher14timer_callbackEv]+0x3c): undefined reference to `cv::VideoCapture::operator>>(cv::Mat&)'
/usr/bin/ld: CMakeFiles/webcam_pub.dir/src/webcam_publisher.cpp.o: in function `WebCamPublisher::~WebCamPublisher()':
webcam_publisher.cpp:(.text._ZN15WebCamPublisherD2Ev[_ZN15WebCamPublisherD5Ev]+0x30): undefined reference to `cv::VideoCapture::~VideoCapture()'
collect2: error: ld returned 1 exit status
gmake[2]: *** [CMakeFiles/webcam_pub.dir/build.make:181: webcam_pub] Error 1
gmake[1]: *** [CMakeFiles/Makefile2:165: CMakeFiles/webcam_pub.dir/all] Error 2
gmake: *** [Makefile:146: all] Error 2
