[0.089s] Invoking command in '/home/zk/ros2_ws/build/realsense2_description': AMENT_PREFIX_PATH=/home/zk/ros2_ws/install/realsense2_camera_msgs:${AMENT_PREFIX_PATH} CMAKE_PREFIX_PATH=/home/zk/ros2_ws/install/realsense2_camera_msgs:/opt/ros/humble LD_LIBRARY_PATH=/home/zk/ros2_ws/install/realsense2_camera_msgs/lib:${LD_LIBRARY_PATH} PYTHONPATH=/home/zk/ros2_ws/install/realsense2_camera_msgs/local/lib/python3.10/dist-packages:${PYTHONPATH} /usr/bin/cmake /home/zk/ros2_ws/src/realsense-ros/realsense2_description -DCMAKE_INSTALL_PREFIX=/home/zk/ros2_ws/install/realsense2_description
[0.289s] -- The C compiler identification is GNU 11.4.0
[0.433s] -- The CXX compiler identification is GNU 11.4.0
[0.466s] -- Detecting C compiler ABI info
[0.615s] -- Detecting C compiler ABI info - done
[0.641s] -- Check for working C compiler: /usr/bin/cc - skipped
[0.644s] -- Detecting C compile features
[0.648s] -- Detecting C compile features - done
[0.662s] -- Detecting CXX compiler ABI info
[0.823s] -- Detecting CXX compiler ABI info - done
[0.837s] -- Check for working CXX compiler: /usr/bin/c++ - skipped
[0.838s] -- Detecting CXX compile features
[0.839s] -- Detecting CXX compile features - done
[0.951s] -- Found ament_cmake: 1.3.12 (/opt/ros/humble/share/ament_cmake/cmake)
[1.581s] -- Found Python3: /usr/bin/python3 (found version "3.10.12") found components: Interpreter 
[2.161s] -- Configuring done
[2.169s] -- Generating done
[2.175s] -- Build files have been written to: /home/zk/ros2_ws/build/realsense2_description
[2.189s] Invoked command in '/home/zk/ros2_ws/build/realsense2_description' returned '0': AMENT_PREFIX_PATH=/home/zk/ros2_ws/install/realsense2_camera_msgs:${AMENT_PREFIX_PATH} CMAKE_PREFIX_PATH=/home/zk/ros2_ws/install/realsense2_camera_msgs:/opt/ros/humble LD_LIBRARY_PATH=/home/zk/ros2_ws/install/realsense2_camera_msgs/lib:${LD_LIBRARY_PATH} PYTHONPATH=/home/zk/ros2_ws/install/realsense2_camera_msgs/local/lib/python3.10/dist-packages:${PYTHONPATH} /usr/bin/cmake /home/zk/ros2_ws/src/realsense-ros/realsense2_description -DCMAKE_INSTALL_PREFIX=/home/zk/ros2_ws/install/realsense2_description
[2.193s] Invoking command in '/home/zk/ros2_ws/build/realsense2_description': AMENT_PREFIX_PATH=/home/zk/ros2_ws/install/realsense2_camera_msgs:${AMENT_PREFIX_PATH} CMAKE_PREFIX_PATH=/home/zk/ros2_ws/install/realsense2_camera_msgs:/opt/ros/humble LD_LIBRARY_PATH=/home/zk/ros2_ws/install/realsense2_camera_msgs/lib:${LD_LIBRARY_PATH} PYTHONPATH=/home/zk/ros2_ws/install/realsense2_camera_msgs/local/lib/python3.10/dist-packages:${PYTHONPATH} /usr/bin/cmake --build /home/zk/ros2_ws/build/realsense2_description -- -j6 -l6
[2.272s] Invoked command in '/home/zk/ros2_ws/build/realsense2_description' returned '0': AMENT_PREFIX_PATH=/home/zk/ros2_ws/install/realsense2_camera_msgs:${AMENT_PREFIX_PATH} CMAKE_PREFIX_PATH=/home/zk/ros2_ws/install/realsense2_camera_msgs:/opt/ros/humble LD_LIBRARY_PATH=/home/zk/ros2_ws/install/realsense2_camera_msgs/lib:${LD_LIBRARY_PATH} PYTHONPATH=/home/zk/ros2_ws/install/realsense2_camera_msgs/local/lib/python3.10/dist-packages:${PYTHONPATH} /usr/bin/cmake --build /home/zk/ros2_ws/build/realsense2_description -- -j6 -l6
[2.277s] Invoking command in '/home/zk/ros2_ws/build/realsense2_description': AMENT_PREFIX_PATH=/home/zk/ros2_ws/install/realsense2_camera_msgs:${AMENT_PREFIX_PATH} CMAKE_PREFIX_PATH=/home/zk/ros2_ws/install/realsense2_camera_msgs:/opt/ros/humble LD_LIBRARY_PATH=/home/zk/ros2_ws/install/realsense2_camera_msgs/lib:${LD_LIBRARY_PATH} PYTHONPATH=/home/zk/ros2_ws/install/realsense2_camera_msgs/local/lib/python3.10/dist-packages:${PYTHONPATH} /usr/bin/cmake --install /home/zk/ros2_ws/build/realsense2_description
[2.292s] -- Install configuration: ""
[2.292s] -- Installing: /home/zk/ros2_ws/install/realsense2_description/share/realsense2_description/launch
[2.293s] -- Installing: /home/zk/ros2_ws/install/realsense2_description/share/realsense2_description/launch/view_model.launch.py
[2.294s] -- Installing: /home/zk/ros2_ws/install/realsense2_description/share/realsense2_description/launch/launch_utils.py
[2.295s] -- Installing: /home/zk/ros2_ws/install/realsense2_description/share/realsense2_description/meshes
[2.296s] -- Installing: /home/zk/ros2_ws/install/realsense2_description/share/realsense2_description/meshes/d455.stl
[2.339s] -- Installing: /home/zk/ros2_ws/install/realsense2_description/share/realsense2_description/meshes/d405.stl
[2.344s] -- Installing: /home/zk/ros2_ws/install/realsense2_description/share/realsense2_description/meshes/d415.stl
[2.605s] -- Installing: /home/zk/ros2_ws/install/realsense2_description/share/realsense2_description/meshes/plug_collision.stl
[2.608s] -- Installing: /home/zk/ros2_ws/install/realsense2_description/share/realsense2_description/meshes/l515.dae
[3.012s] -- Installing: /home/zk/ros2_ws/install/realsense2_description/share/realsense2_description/meshes/d435.dae
[3.245s] -- Installing: /home/zk/ros2_ws/install/realsense2_description/share/realsense2_description/meshes/plug.stl
[3.255s] -- Installing: /home/zk/ros2_ws/install/realsense2_description/share/realsense2_description/rviz
[3.255s] -- Installing: /home/zk/ros2_ws/install/realsense2_description/share/realsense2_description/rviz/urdf.rviz
[3.257s] -- Installing: /home/zk/ros2_ws/install/realsense2_description/share/realsense2_description/urdf
[3.257s] -- Installing: /home/zk/ros2_ws/install/realsense2_description/share/realsense2_description/urdf/_usb_plug.urdf.xacro
[3.258s] -- Installing: /home/zk/ros2_ws/install/realsense2_description/share/realsense2_description/urdf/_materials.urdf.xacro
[3.262s] -- Installing: /home/zk/ros2_ws/install/realsense2_description/share/realsense2_description/urdf/_d435.urdf.xacro
[3.263s] -- Installing: /home/zk/ros2_ws/install/realsense2_description/share/realsense2_description/urdf/_d455.urdf.xacro
[3.264s] -- Installing: /home/zk/ros2_ws/install/realsense2_description/share/realsense2_description/urdf/test_r430_camera.urdf.xacro
[3.264s] -- Installing: /home/zk/ros2_ws/install/realsense2_description/share/realsense2_description/urdf/_d435i.urdf.xacro
[3.265s] -- Installing: /home/zk/ros2_ws/install/realsense2_description/share/realsense2_description/urdf/_r410.urdf.xacro
[3.266s] -- Installing: /home/zk/ros2_ws/install/realsense2_description/share/realsense2_description/urdf/test_d455_camera.urdf.xacro
[3.267s] -- Installing: /home/zk/ros2_ws/install/realsense2_description/share/realsense2_description/urdf/test_d405_camera.urdf.xacro
[3.268s] -- Installing: /home/zk/ros2_ws/install/realsense2_description/share/realsense2_description/urdf/test_d415_camera.urdf.xacro
[3.269s] -- Installing: /home/zk/ros2_ws/install/realsense2_description/share/realsense2_description/urdf/_d435i_imu_modules.urdf.xacro
[3.270s] -- Installing: /home/zk/ros2_ws/install/realsense2_description/share/realsense2_description/urdf/_d405.urdf.xacro
[3.270s] -- Installing: /home/zk/ros2_ws/install/realsense2_description/share/realsense2_description/urdf/test_d435_multiple_cameras.urdf.xacro
[3.271s] -- Installing: /home/zk/ros2_ws/install/realsense2_description/share/realsense2_description/urdf/test_r410_camera.urdf.xacro
[3.272s] -- Installing: /home/zk/ros2_ws/install/realsense2_description/share/realsense2_description/urdf/test_d435i_camera.urdf.xacro
[3.273s] -- Installing: /home/zk/ros2_ws/install/realsense2_description/share/realsense2_description/urdf/test_d435_camera.urdf.xacro
[3.273s] -- Installing: /home/zk/ros2_ws/install/realsense2_description/share/realsense2_description/urdf/_r430.urdf.xacro
[3.274s] -- Installing: /home/zk/ros2_ws/install/realsense2_description/share/realsense2_description/urdf/_d415.urdf.xacro
[3.275s] -- Installing: /home/zk/ros2_ws/install/realsense2_description/share/ament_index/resource_index/package_run_dependencies/realsense2_description
[3.276s] -- Installing: /home/zk/ros2_ws/install/realsense2_description/share/ament_index/resource_index/parent_prefix_path/realsense2_description
[3.276s] -- Installing: /home/zk/ros2_ws/install/realsense2_description/share/realsense2_description/environment/ament_prefix_path.sh
[3.277s] -- Installing: /home/zk/ros2_ws/install/realsense2_description/share/realsense2_description/environment/ament_prefix_path.dsv
[3.277s] -- Installing: /home/zk/ros2_ws/install/realsense2_description/share/realsense2_description/environment/path.sh
[3.277s] -- Installing: /home/zk/ros2_ws/install/realsense2_description/share/realsense2_description/environment/path.dsv
[3.277s] -- Installing: /home/zk/ros2_ws/install/realsense2_description/share/realsense2_description/local_setup.bash
[3.278s] -- Installing: /home/zk/ros2_ws/install/realsense2_description/share/realsense2_description/local_setup.sh
[3.278s] -- Installing: /home/zk/ros2_ws/install/realsense2_description/share/realsense2_description/local_setup.zsh
[3.278s] -- Installing: /home/zk/ros2_ws/install/realsense2_description/share/realsense2_description/local_setup.dsv
[3.278s] -- Installing: /home/zk/ros2_ws/install/realsense2_description/share/realsense2_description/package.dsv
[3.279s] -- Installing: /home/zk/ros2_ws/install/realsense2_description/share/ament_index/resource_index/packages/realsense2_description
[3.279s] -- Installing: /home/zk/ros2_ws/install/realsense2_description/share/realsense2_description/cmake/realsense2_descriptionConfig.cmake
[3.280s] -- Installing: /home/zk/ros2_ws/install/realsense2_description/share/realsense2_description/cmake/realsense2_descriptionConfig-version.cmake
[3.281s] -- Installing: /home/zk/ros2_ws/install/realsense2_description/share/realsense2_description/package.xml
[3.287s] Invoked command in '/home/zk/ros2_ws/build/realsense2_description' returned '0': AMENT_PREFIX_PATH=/home/zk/ros2_ws/install/realsense2_camera_msgs:${AMENT_PREFIX_PATH} CMAKE_PREFIX_PATH=/home/zk/ros2_ws/install/realsense2_camera_msgs:/opt/ros/humble LD_LIBRARY_PATH=/home/zk/ros2_ws/install/realsense2_camera_msgs/lib:${LD_LIBRARY_PATH} PYTHONPATH=/home/zk/ros2_ws/install/realsense2_camera_msgs/local/lib/python3.10/dist-packages:${PYTHONPATH} /usr/bin/cmake --install /home/zk/ros2_ws/build/realsense2_description
