[0.021s] Invoking command in '/home/zk/ros2_ws/build/cam_pub': CMAKE_PREFIX_PATH=/opt/ros/humble /usr/bin/cmake /home/zk/ros2_ws/src/cam_pub -DCMAKE_INSTALL_PREFIX=/home/zk/ros2_ws/install/cam_pub
[0.053s] -- Found ament_cmake: 1.3.12 (/opt/ros/humble/share/ament_cmake/cmake)
[0.328s] -- Found rclcpp: 16.0.14 (/opt/ros/humble/share/rclcpp/cmake)
[0.407s] -- Found rosidl_generator_c: 3.1.7 (/opt/ros/humble/share/rosidl_generator_c/cmake)
[0.414s] -- Found rosidl_adapter: 3.1.7 (/opt/ros/humble/share/rosidl_adapter/cmake)
[0.427s] -- Found rosidl_generator_cpp: 3.1.7 (/opt/ros/humble/share/rosidl_generator_cpp/cmake)
[0.446s] -- Using all available rosidl_typesupport_c: rosidl_typesupport_fastrtps_c;rosidl_typesupport_introspection_c
[0.473s] -- Using all available rosidl_typesupport_cpp: rosidl_typesupport_fastrtps_cpp;rosidl_typesupport_introspection_cpp
[0.541s] -- Found rmw_implementation_cmake: 6.1.2 (/opt/ros/humble/share/rmw_implementation_cmake/cmake)
[0.544s] -- Found rmw_fastrtps_cpp: 6.2.8 (/opt/ros/humble/share/rmw_fastrtps_cpp/cmake)
[0.683s] -- Found OpenSSL: /usr/lib/aarch64-linux-gnu/libcrypto.so (found version "3.0.2")  
[0.738s] -- Found FastRTPS: /opt/ros/humble/include  
[0.808s] -- Using RMW implementation 'rmw_fastrtps_cpp' as default
[0.821s] -- Looking for pthread.h
[0.959s] -- Looking for pthread.h - found
[0.960s] -- Performing Test CMAKE_HAVE_LIBC_PTHREAD
[1.095s] -- Performing Test CMAKE_HAVE_LIBC_PTHREAD - Success
[1.098s] -- Found Threads: TRUE  
[1.202s] -- Found ament_lint_auto: 0.12.14 (/opt/ros/humble/share/ament_lint_auto/cmake)
[1.348s] -- Added test 'cppcheck' to perform static code analysis on C / C++ code
[1.348s] -- Configured cppcheck include dirs: 
[1.348s] -- Configured cppcheck exclude dirs and/or files: 
[1.348s] -- Added test 'lint_cmake' to check CMake code style
[1.350s] -- Added test 'uncrustify' to check C / C++ code style
[1.351s] -- Configured uncrustify additional arguments: 
[1.351s] -- Added test 'xmllint' to check XML markup files
[1.352s] -- Configuring done
[1.373s] -- Generating done
[1.380s] -- Build files have been written to: /home/zk/ros2_ws/build/cam_pub
[1.402s] Invoked command in '/home/zk/ros2_ws/build/cam_pub' returned '0': CMAKE_PREFIX_PATH=/opt/ros/humble /usr/bin/cmake /home/zk/ros2_ws/src/cam_pub -DCMAKE_INSTALL_PREFIX=/home/zk/ros2_ws/install/cam_pub
[1.408s] Invoking command in '/home/zk/ros2_ws/build/cam_pub': CMAKE_PREFIX_PATH=/opt/ros/humble /usr/bin/cmake --build /home/zk/ros2_ws/build/cam_pub -- -j6 -l6
[1.502s] [ 50%] [32mBuilding CXX object CMakeFiles/z_talk.dir/src/zain_pub.cpp.o[0m
[10.118s] [100%] [32m[1mLinking CXX executable z_talk[0m
[10.573s] [100%] Built target z_talk
[10.604s] Invoked command in '/home/zk/ros2_ws/build/cam_pub' returned '0': CMAKE_PREFIX_PATH=/opt/ros/humble /usr/bin/cmake --build /home/zk/ros2_ws/build/cam_pub -- -j6 -l6
[10.627s] Invoking command in '/home/zk/ros2_ws/build/cam_pub': CMAKE_PREFIX_PATH=/opt/ros/humble /usr/bin/cmake --install /home/zk/ros2_ws/build/cam_pub
[10.644s] -- Install configuration: ""
[10.644s] -- Installing: /home/zk/ros2_ws/install/cam_pub/lib/cam_pub/z_talk
[10.648s] -- Set runtime path of "/home/zk/ros2_ws/install/cam_pub/lib/cam_pub/z_talk" to ""
[10.648s] -- Up-to-date: /home/zk/ros2_ws/install/cam_pub/share/ament_index/resource_index/package_run_dependencies/cam_pub
[10.648s] -- Up-to-date: /home/zk/ros2_ws/install/cam_pub/share/ament_index/resource_index/parent_prefix_path/cam_pub
[10.648s] -- Up-to-date: /home/zk/ros2_ws/install/cam_pub/share/cam_pub/environment/ament_prefix_path.sh
[10.648s] -- Installing: /home/zk/ros2_ws/install/cam_pub/share/cam_pub/environment/ament_prefix_path.dsv
[10.649s] -- Up-to-date: /home/zk/ros2_ws/install/cam_pub/share/cam_pub/environment/path.sh
[10.649s] -- Installing: /home/zk/ros2_ws/install/cam_pub/share/cam_pub/environment/path.dsv
[10.649s] -- Up-to-date: /home/zk/ros2_ws/install/cam_pub/share/cam_pub/local_setup.bash
[10.649s] -- Up-to-date: /home/zk/ros2_ws/install/cam_pub/share/cam_pub/local_setup.sh
[10.649s] -- Up-to-date: /home/zk/ros2_ws/install/cam_pub/share/cam_pub/local_setup.zsh
[10.650s] -- Installing: /home/zk/ros2_ws/install/cam_pub/share/cam_pub/local_setup.dsv
[10.650s] -- Installing: /home/zk/ros2_ws/install/cam_pub/share/cam_pub/package.dsv
[10.650s] -- Up-to-date: /home/zk/ros2_ws/install/cam_pub/share/ament_index/resource_index/packages/cam_pub
[10.650s] -- Up-to-date: /home/zk/ros2_ws/install/cam_pub/share/cam_pub/cmake/cam_pubConfig.cmake
[10.650s] -- Up-to-date: /home/zk/ros2_ws/install/cam_pub/share/cam_pub/cmake/cam_pubConfig-version.cmake
[10.651s] -- Up-to-date: /home/zk/ros2_ws/install/cam_pub/share/cam_pub/package.xml
[10.655s] Invoked command in '/home/zk/ros2_ws/build/cam_pub' returned '0': CMAKE_PREFIX_PATH=/opt/ros/humble /usr/bin/cmake --install /home/zk/ros2_ws/build/cam_pub
