[0.023s] Invoking command in '/home/zk/ros2_ws/build/zain_pkg': CMAKE_PREFIX_PATH=${CMAKE_PREFIX_PATH}:/opt/ros/humble /usr/bin/cmake --build /home/zk/ros2_ws/build/zain_pkg -- -j6 -l6
[0.198s] [100%] Built target hello_moveit
[0.229s] Invoked command in '/home/zk/ros2_ws/build/zain_pkg' returned '0': CMAKE_PREFIX_PATH=${CMAKE_PREFIX_PATH}:/opt/ros/humble /usr/bin/cmake --build /home/zk/ros2_ws/build/zain_pkg -- -j6 -l6
[0.254s] Invoking command in '/home/zk/ros2_ws/build/zain_pkg': CMAKE_PREFIX_PATH=${CMAKE_PREFIX_PATH}:/opt/ros/humble /usr/bin/cmake --install /home/zk/ros2_ws/build/zain_pkg
[0.276s] -- Install configuration: ""
[0.276s] -- Up-to-date: /home/zk/ros2_ws/install/zain_pkg/lib/zain_pkg/hello_moveit
[0.278s] -- Up-to-date: /home/zk/ros2_ws/install/zain_pkg/share/zain_pkg/launch
[0.278s] -- Up-to-date: /home/zk/ros2_ws/install/zain_pkg/share/zain_pkg/launch/zains_launch.py
[0.278s] -- Up-to-date: /home/zk/ros2_ws/install/zain_pkg/share/zain_pkg/meshes
[0.278s] -- Up-to-date: /home/zk/ros2_ws/install/zain_pkg/share/zain_pkg/meshes/board.stl
[0.278s] -- Up-to-date: /home/zk/ros2_ws/install/zain_pkg/share/zain_pkg/rviz
[0.278s] -- Up-to-date: /home/zk/ros2_ws/install/zain_pkg/share/zain_pkg/rviz/urdf.rviz
[0.279s] -- Up-to-date: /home/zk/ros2_ws/install/zain_pkg/share/zain_pkg/urdf
[0.279s] -- Up-to-date: /home/zk/ros2_ws/install/zain_pkg/share/zain_pkg/urdf/hb_robot.urdf.xacro
[0.279s] -- Installing: /home/zk/ros2_ws/install/zain_pkg/share/zain_pkg/urdf/robot_test.urdf
[0.279s] -- Up-to-date: /home/zk/ros2_ws/install/zain_pkg/share/zain_pkg/urdf/hb_robot_macro.xacro
[0.279s] -- Up-to-date: /home/zk/ros2_ws/install/zain_pkg/share/ament_index/resource_index/package_run_dependencies/zain_pkg
[0.280s] -- Up-to-date: /home/zk/ros2_ws/install/zain_pkg/share/ament_index/resource_index/parent_prefix_path/zain_pkg
[0.281s] -- Up-to-date: /home/zk/ros2_ws/install/zain_pkg/share/zain_pkg/environment/ament_prefix_path.sh
[0.281s] -- Up-to-date: /home/zk/ros2_ws/install/zain_pkg/share/zain_pkg/environment/ament_prefix_path.dsv
[0.282s] -- Up-to-date: /home/zk/ros2_ws/install/zain_pkg/share/zain_pkg/environment/path.sh
[0.282s] -- Up-to-date: /home/zk/ros2_ws/install/zain_pkg/share/zain_pkg/environment/path.dsv
[0.282s] -- Up-to-date: /home/zk/ros2_ws/install/zain_pkg/share/zain_pkg/local_setup.bash
[0.283s] -- Up-to-date: /home/zk/ros2_ws/install/zain_pkg/share/zain_pkg/local_setup.sh
[0.283s] -- Up-to-date: /home/zk/ros2_ws/install/zain_pkg/share/zain_pkg/local_setup.zsh
[0.283s] -- Up-to-date: /home/zk/ros2_ws/install/zain_pkg/share/zain_pkg/local_setup.dsv
[0.283s] -- Installing: /home/zk/ros2_ws/install/zain_pkg/share/zain_pkg/package.dsv
[0.284s] -- Up-to-date: /home/zk/ros2_ws/install/zain_pkg/share/ament_index/resource_index/packages/zain_pkg
[0.284s] -- Up-to-date: /home/zk/ros2_ws/install/zain_pkg/share/zain_pkg/cmake/zain_pkgConfig.cmake
[0.284s] -- Up-to-date: /home/zk/ros2_ws/install/zain_pkg/share/zain_pkg/cmake/zain_pkgConfig-version.cmake
[0.284s] -- Up-to-date: /home/zk/ros2_ws/install/zain_pkg/share/zain_pkg/package.xml
[0.285s] Invoked command in '/home/zk/ros2_ws/build/zain_pkg' returned '0': CMAKE_PREFIX_PATH=${CMAKE_PREFIX_PATH}:/opt/ros/humble /usr/bin/cmake --install /home/zk/ros2_ws/build/zain_pkg
