[35m[1mConsolidate compiler generated dependencies of target hello_moveit[0m
[100%] Built target hello_moveit
-- Install configuration: ""
-- Up-to-date: /home/zk/ros2_ws/install/zain_pkg/lib/zain_pkg/hello_moveit
-- Up-to-date: /home/zk/ros2_ws/install/zain_pkg/share/zain_pkg/launch
-- Up-to-date: /home/zk/ros2_ws/install/zain_pkg/share/zain_pkg/launch/zains_launch.py
-- Up-to-date: /home/zk/ros2_ws/install/zain_pkg/share/zain_pkg/meshes
-- Up-to-date: /home/zk/ros2_ws/install/zain_pkg/share/zain_pkg/meshes/board.stl
-- Up-to-date: /home/zk/ros2_ws/install/zain_pkg/share/zain_pkg/rviz
-- Up-to-date: /home/zk/ros2_ws/install/zain_pkg/share/zain_pkg/rviz/urdf.rviz
-- Up-to-date: /home/zk/ros2_ws/install/zain_pkg/share/zain_pkg/urdf
-- Up-to-date: /home/zk/ros2_ws/install/zain_pkg/share/zain_pkg/urdf/hb_robot.urdf.xacro
-- Installing: /home/zk/ros2_ws/install/zain_pkg/share/zain_pkg/urdf/hb_robot_macro.xacro
-- Up-to-date: /home/zk/ros2_ws/install/zain_pkg/share/ament_index/resource_index/package_run_dependencies/zain_pkg
-- Up-to-date: /home/zk/ros2_ws/install/zain_pkg/share/ament_index/resource_index/parent_prefix_path/zain_pkg
-- Up-to-date: /home/zk/ros2_ws/install/zain_pkg/share/zain_pkg/environment/ament_prefix_path.sh
-- Up-to-date: /home/zk/ros2_ws/install/zain_pkg/share/zain_pkg/environment/ament_prefix_path.dsv
-- Up-to-date: /home/zk/ros2_ws/install/zain_pkg/share/zain_pkg/environment/path.sh
-- Up-to-date: /home/zk/ros2_ws/install/zain_pkg/share/zain_pkg/environment/path.dsv
-- Up-to-date: /home/zk/ros2_ws/install/zain_pkg/share/zain_pkg/local_setup.bash
-- Up-to-date: /home/zk/ros2_ws/install/zain_pkg/share/zain_pkg/local_setup.sh
-- Up-to-date: /home/zk/ros2_ws/install/zain_pkg/share/zain_pkg/local_setup.zsh
-- Up-to-date: /home/zk/ros2_ws/install/zain_pkg/share/zain_pkg/local_setup.dsv
-- Installing: /home/zk/ros2_ws/install/zain_pkg/share/zain_pkg/package.dsv
-- Up-to-date: /home/zk/ros2_ws/install/zain_pkg/share/ament_index/resource_index/packages/zain_pkg
-- Up-to-date: /home/zk/ros2_ws/install/zain_pkg/share/zain_pkg/cmake/zain_pkgConfig.cmake
-- Up-to-date: /home/zk/ros2_ws/install/zain_pkg/share/zain_pkg/cmake/zain_pkgConfig-version.cmake
-- Up-to-date: /home/zk/ros2_ws/install/zain_pkg/share/zain_pkg/package.xml
