[0.027s] Invoking command in '/home/zk/ros2_ws/build/zain_pkg': CMAKE_PREFIX_PATH=${CMAKE_PREFIX_PATH}:/opt/ros/humble /usr/bin/cmake --build /home/zk/ros2_ws/build/zain_pkg -- -j6 -l6
[0.145s] [35m[1mConsolidate compiler generated dependencies of target hello_moveit[0m
[0.199s] [100%] Built target hello_moveit
[0.225s] Invoked command in '/home/zk/ros2_ws/build/zain_pkg' returned '0': CMAKE_PREFIX_PATH=${CMAKE_PREFIX_PATH}:/opt/ros/humble /usr/bin/cmake --build /home/zk/ros2_ws/build/zain_pkg -- -j6 -l6
[0.249s] Invoking command in '/home/zk/ros2_ws/build/zain_pkg': CMAKE_PREFIX_PATH=${CMAKE_PREFIX_PATH}:/opt/ros/humble /usr/bin/cmake --install /home/zk/ros2_ws/build/zain_pkg
[0.266s] -- Install configuration: ""
[0.267s] -- Up-to-date: /home/zk/ros2_ws/install/zain_pkg/lib/zain_pkg/hello_moveit
[0.267s] -- Up-to-date: /home/zk/ros2_ws/install/zain_pkg/share/zain_pkg/launch
[0.267s] -- Up-to-date: /home/zk/ros2_ws/install/zain_pkg/share/zain_pkg/launch/zains_launch.py
[0.267s] -- Up-to-date: /home/zk/ros2_ws/install/zain_pkg/share/zain_pkg/meshes
[0.267s] -- Up-to-date: /home/zk/ros2_ws/install/zain_pkg/share/zain_pkg/meshes/board.stl
[0.268s] -- Up-to-date: /home/zk/ros2_ws/install/zain_pkg/share/zain_pkg/rviz
[0.268s] -- Up-to-date: /home/zk/ros2_ws/install/zain_pkg/share/zain_pkg/rviz/urdf.rviz
[0.268s] -- Up-to-date: /home/zk/ros2_ws/install/zain_pkg/share/zain_pkg/urdf
[0.268s] -- Up-to-date: /home/zk/ros2_ws/install/zain_pkg/share/zain_pkg/urdf/hb_robot.urdf.xacro
[0.268s] -- Installing: /home/zk/ros2_ws/install/zain_pkg/share/zain_pkg/urdf/hb_robot_macro.xacro
[0.269s] -- Up-to-date: /home/zk/ros2_ws/install/zain_pkg/share/ament_index/resource_index/package_run_dependencies/zain_pkg
[0.269s] -- Up-to-date: /home/zk/ros2_ws/install/zain_pkg/share/ament_index/resource_index/parent_prefix_path/zain_pkg
[0.269s] -- Up-to-date: /home/zk/ros2_ws/install/zain_pkg/share/zain_pkg/environment/ament_prefix_path.sh
[0.269s] -- Up-to-date: /home/zk/ros2_ws/install/zain_pkg/share/zain_pkg/environment/ament_prefix_path.dsv
[0.269s] -- Up-to-date: /home/zk/ros2_ws/install/zain_pkg/share/zain_pkg/environment/path.sh
[0.269s] -- Up-to-date: /home/zk/ros2_ws/install/zain_pkg/share/zain_pkg/environment/path.dsv
[0.269s] -- Up-to-date: /home/zk/ros2_ws/install/zain_pkg/share/zain_pkg/local_setup.bash
[0.270s] -- Up-to-date: /home/zk/ros2_ws/install/zain_pkg/share/zain_pkg/local_setup.sh
[0.270s] -- Up-to-date: /home/zk/ros2_ws/install/zain_pkg/share/zain_pkg/local_setup.zsh
[0.270s] -- Up-to-date: /home/zk/ros2_ws/install/zain_pkg/share/zain_pkg/local_setup.dsv
[0.270s] -- Installing: /home/zk/ros2_ws/install/zain_pkg/share/zain_pkg/package.dsv
[0.270s] -- Up-to-date: /home/zk/ros2_ws/install/zain_pkg/share/ament_index/resource_index/packages/zain_pkg
[0.271s] -- Up-to-date: /home/zk/ros2_ws/install/zain_pkg/share/zain_pkg/cmake/zain_pkgConfig.cmake
[0.271s] -- Up-to-date: /home/zk/ros2_ws/install/zain_pkg/share/zain_pkg/cmake/zain_pkgConfig-version.cmake
[0.271s] -- Up-to-date: /home/zk/ros2_ws/install/zain_pkg/share/zain_pkg/package.xml
[0.275s] Invoked command in '/home/zk/ros2_ws/build/zain_pkg' returned '0': CMAKE_PREFIX_PATH=${CMAKE_PREFIX_PATH}:/opt/ros/humble /usr/bin/cmake --install /home/zk/ros2_ws/build/zain_pkg
