[0.021s] Invoking command in '/home/zk/ros2_ws/build/realsense2_description': AMENT_PREFIX_PATH=/home/zk/ros2_ws/install/realsense2_camera_msgs:${AMENT_PREFIX_PATH} CMAKE_PREFIX_PATH=/home/zk/ros2_ws/install/realsense2_camera_msgs:/opt/ros/humble LD_LIBRARY_PATH=/home/zk/ros2_ws/install/realsense2_camera_msgs/lib:${LD_LIBRARY_PATH} PYTHONPATH=/home/zk/ros2_ws/install/realsense2_camera_msgs/local/lib/python3.10/dist-packages:${PYTHONPATH} /usr/bin/cmake /home/zk/ros2_ws/src/realsense-ros/realsense2_description -DCMAKE_INSTALL_PREFIX=/home/zk/ros2_ws/install/realsense2_description
[0.180s] -- The C compiler identification is GNU 11.4.0
[0.304s] -- The CXX compiler identification is GNU 11.4.0
[0.325s] -- Detecting C compiler ABI info
[0.511s] -- Detecting C compiler ABI info - done
[0.519s] -- Check for working C compiler: /usr/bin/cc - skipped
[0.520s] -- Detecting C compile features
[0.522s] -- Detecting C compile features - done
[0.526s] -- Detecting CXX compiler ABI info
[0.829s] -- Detecting CXX compiler ABI info - done
[0.842s] -- Check for working CXX compiler: /usr/bin/c++ - skipped
[0.842s] -- Detecting CXX compile features
[0.844s] -- Detecting CXX compile features - done
[0.848s] -- Found ament_cmake: 1.3.12 (/opt/ros/humble/share/ament_cmake/cmake)
[1.205s] -- Found Python3: /usr/bin/python3 (found version "3.10.12") found components: Interpreter 
[1.500s] -- Configuring done
[1.515s] -- Generating done
[1.521s] -- Build files have been written to: /home/zk/ros2_ws/build/realsense2_description
[1.534s] Invoked command in '/home/zk/ros2_ws/build/realsense2_description' returned '0': AMENT_PREFIX_PATH=/home/zk/ros2_ws/install/realsense2_camera_msgs:${AMENT_PREFIX_PATH} CMAKE_PREFIX_PATH=/home/zk/ros2_ws/install/realsense2_camera_msgs:/opt/ros/humble LD_LIBRARY_PATH=/home/zk/ros2_ws/install/realsense2_camera_msgs/lib:${LD_LIBRARY_PATH} PYTHONPATH=/home/zk/ros2_ws/install/realsense2_camera_msgs/local/lib/python3.10/dist-packages:${PYTHONPATH} /usr/bin/cmake /home/zk/ros2_ws/src/realsense-ros/realsense2_description -DCMAKE_INSTALL_PREFIX=/home/zk/ros2_ws/install/realsense2_description
[1.539s] Invoking command in '/home/zk/ros2_ws/build/realsense2_description': AMENT_PREFIX_PATH=/home/zk/ros2_ws/install/realsense2_camera_msgs:${AMENT_PREFIX_PATH} CMAKE_PREFIX_PATH=/home/zk/ros2_ws/install/realsense2_camera_msgs:/opt/ros/humble LD_LIBRARY_PATH=/home/zk/ros2_ws/install/realsense2_camera_msgs/lib:${LD_LIBRARY_PATH} PYTHONPATH=/home/zk/ros2_ws/install/realsense2_camera_msgs/local/lib/python3.10/dist-packages:${PYTHONPATH} /usr/bin/cmake --build /home/zk/ros2_ws/build/realsense2_description -- -j6 -l6
[1.619s] Invoked command in '/home/zk/ros2_ws/build/realsense2_description' returned '0': AMENT_PREFIX_PATH=/home/zk/ros2_ws/install/realsense2_camera_msgs:${AMENT_PREFIX_PATH} CMAKE_PREFIX_PATH=/home/zk/ros2_ws/install/realsense2_camera_msgs:/opt/ros/humble LD_LIBRARY_PATH=/home/zk/ros2_ws/install/realsense2_camera_msgs/lib:${LD_LIBRARY_PATH} PYTHONPATH=/home/zk/ros2_ws/install/realsense2_camera_msgs/local/lib/python3.10/dist-packages:${PYTHONPATH} /usr/bin/cmake --build /home/zk/ros2_ws/build/realsense2_description -- -j6 -l6
[1.623s] Invoking command in '/home/zk/ros2_ws/build/realsense2_description': AMENT_PREFIX_PATH=/home/zk/ros2_ws/install/realsense2_camera_msgs:${AMENT_PREFIX_PATH} CMAKE_PREFIX_PATH=/home/zk/ros2_ws/install/realsense2_camera_msgs:/opt/ros/humble LD_LIBRARY_PATH=/home/zk/ros2_ws/install/realsense2_camera_msgs/lib:${LD_LIBRARY_PATH} PYTHONPATH=/home/zk/ros2_ws/install/realsense2_camera_msgs/local/lib/python3.10/dist-packages:${PYTHONPATH} /usr/bin/cmake --install /home/zk/ros2_ws/build/realsense2_description
[1.641s] -- Install configuration: ""
[1.641s] -- Installing: /home/zk/ros2_ws/install/realsense2_description/share/realsense2_description/launch
[1.643s] -- Installing: /home/zk/ros2_ws/install/realsense2_description/share/realsense2_description/launch/view_model.launch.py
[1.645s] -- Installing: /home/zk/ros2_ws/install/realsense2_description/share/realsense2_description/launch/launch_utils.py
[1.649s] -- Installing: /home/zk/ros2_ws/install/realsense2_description/share/realsense2_description/meshes
[1.651s] -- Installing: /home/zk/ros2_ws/install/realsense2_description/share/realsense2_description/meshes/d455.stl
[1.672s] -- Installing: /home/zk/ros2_ws/install/realsense2_description/share/realsense2_description/meshes/d405.stl
[1.672s] -- Installing: /home/zk/ros2_ws/install/realsense2_description/share/realsense2_description/meshes/d415.stl
[1.756s] -- Installing: /home/zk/ros2_ws/install/realsense2_description/share/realsense2_description/meshes/plug_collision.stl
[1.758s] -- Installing: /home/zk/ros2_ws/install/realsense2_description/share/realsense2_description/meshes/l515.dae
[1.848s] -- Installing: /home/zk/ros2_ws/install/realsense2_description/share/realsense2_description/meshes/d435.dae
[1.883s] -- Installing: /home/zk/ros2_ws/install/realsense2_description/share/realsense2_description/meshes/plug.stl
[1.884s] -- Installing: /home/zk/ros2_ws/install/realsense2_description/share/realsense2_description/rviz
[1.884s] -- Installing: /home/zk/ros2_ws/install/realsense2_description/share/realsense2_description/rviz/urdf.rviz
[1.885s] -- Installing: /home/zk/ros2_ws/install/realsense2_description/share/realsense2_description/urdf
[1.885s] -- Installing: /home/zk/ros2_ws/install/realsense2_description/share/realsense2_description/urdf/_usb_plug.urdf.xacro
[1.885s] -- Installing: /home/zk/ros2_ws/install/realsense2_description/share/realsense2_description/urdf/_materials.urdf.xacro
[1.885s] -- Installing: /home/zk/ros2_ws/install/realsense2_description/share/realsense2_description/urdf/_d435.urdf.xacro
[1.885s] -- Installing: /home/zk/ros2_ws/install/realsense2_description/share/realsense2_description/urdf/_d455.urdf.xacro
[1.886s] -- Installing: /home/zk/ros2_ws/install/realsense2_description/share/realsense2_description/urdf/test_r430_camera.urdf.xacro
[1.886s] -- Installing: /home/zk/ros2_ws/install/realsense2_description/share/realsense2_description/urdf/_d435i.urdf.xacro
[1.886s] -- Installing: /home/zk/ros2_ws/install/realsense2_description/share/realsense2_description/urdf/_r410.urdf.xacro
[1.886s] -- Installing: /home/zk/ros2_ws/install/realsense2_description/share/realsense2_description/urdf/test_d455_camera.urdf.xacro
[1.886s] -- Installing: /home/zk/ros2_ws/install/realsense2_description/share/realsense2_description/urdf/test_d405_camera.urdf.xacro
[1.887s] -- Installing: /home/zk/ros2_ws/install/realsense2_description/share/realsense2_description/urdf/test_d415_camera.urdf.xacro
[1.887s] -- Installing: /home/zk/ros2_ws/install/realsense2_description/share/realsense2_description/urdf/_d435i_imu_modules.urdf.xacro
[1.887s] -- Installing: /home/zk/ros2_ws/install/realsense2_description/share/realsense2_description/urdf/_d405.urdf.xacro
[1.887s] -- Installing: /home/zk/ros2_ws/install/realsense2_description/share/realsense2_description/urdf/test_d435_multiple_cameras.urdf.xacro
[1.887s] -- Installing: /home/zk/ros2_ws/install/realsense2_description/share/realsense2_description/urdf/test_r410_camera.urdf.xacro
[1.887s] -- Installing: /home/zk/ros2_ws/install/realsense2_description/share/realsense2_description/urdf/test_d435i_camera.urdf.xacro
[1.888s] -- Installing: /home/zk/ros2_ws/install/realsense2_description/share/realsense2_description/urdf/test_d435_camera.urdf.xacro
[1.888s] -- Installing: /home/zk/ros2_ws/install/realsense2_description/share/realsense2_description/urdf/_r430.urdf.xacro
[1.888s] -- Installing: /home/zk/ros2_ws/install/realsense2_description/share/realsense2_description/urdf/_d415.urdf.xacro
[1.889s] -- Installing: /home/zk/ros2_ws/install/realsense2_description/share/ament_index/resource_index/package_run_dependencies/realsense2_description
[1.889s] -- Installing: /home/zk/ros2_ws/install/realsense2_description/share/ament_index/resource_index/parent_prefix_path/realsense2_description
[1.889s] -- Installing: /home/zk/ros2_ws/install/realsense2_description/share/realsense2_description/environment/ament_prefix_path.sh
[1.890s] -- Installing: /home/zk/ros2_ws/install/realsense2_description/share/realsense2_description/environment/ament_prefix_path.dsv
[1.890s] -- Installing: /home/zk/ros2_ws/install/realsense2_description/share/realsense2_description/environment/path.sh
[1.890s] -- Installing: /home/zk/ros2_ws/install/realsense2_description/share/realsense2_description/environment/path.dsv
[1.891s] -- Installing: /home/zk/ros2_ws/install/realsense2_description/share/realsense2_description/local_setup.bash
[1.891s] -- Installing: /home/zk/ros2_ws/install/realsense2_description/share/realsense2_description/local_setup.sh
[1.891s] -- Installing: /home/zk/ros2_ws/install/realsense2_description/share/realsense2_description/local_setup.zsh
[1.892s] -- Installing: /home/zk/ros2_ws/install/realsense2_description/share/realsense2_description/local_setup.dsv
[1.892s] -- Installing: /home/zk/ros2_ws/install/realsense2_description/share/realsense2_description/package.dsv
[1.892s] -- Installing: /home/zk/ros2_ws/install/realsense2_description/share/ament_index/resource_index/packages/realsense2_description
[1.893s] -- Installing: /home/zk/ros2_ws/install/realsense2_description/share/realsense2_description/cmake/realsense2_descriptionConfig.cmake
[1.893s] -- Installing: /home/zk/ros2_ws/install/realsense2_description/share/realsense2_description/cmake/realsense2_descriptionConfig-version.cmake
[1.893s] -- Installing: /home/zk/ros2_ws/install/realsense2_description/share/realsense2_description/package.xml
[1.903s] Invoked command in '/home/zk/ros2_ws/build/realsense2_description' returned '0': AMENT_PREFIX_PATH=/home/zk/ros2_ws/install/realsense2_camera_msgs:${AMENT_PREFIX_PATH} CMAKE_PREFIX_PATH=/home/zk/ros2_ws/install/realsense2_camera_msgs:/opt/ros/humble LD_LIBRARY_PATH=/home/zk/ros2_ws/install/realsense2_camera_msgs/lib:${LD_LIBRARY_PATH} PYTHONPATH=/home/zk/ros2_ws/install/realsense2_camera_msgs/local/lib/python3.10/dist-packages:${PYTHONPATH} /usr/bin/cmake --install /home/zk/ros2_ws/build/realsense2_description
