[0.018s] Invoking command in '/home/zk/ros2_ws/build/hb_robot_moveit_config': CMAKE_PREFIX_PATH=${CMAKE_PREFIX_PATH}:/opt/ros/humble /usr/bin/cmake /home/zk/ros2_ws/src/hb_robot_moveit_config -DCMAKE_INSTALL_PREFIX=/home/zk/ros2_ws/install/hb_robot_moveit_config
[0.124s] -- The C compiler identification is GNU 11.4.0
[0.240s] -- The CXX compiler identification is GNU 11.4.0
[0.263s] -- Detecting C compiler ABI info
[0.405s] -- Detecting C compiler ABI info - done
[0.427s] -- Check for working C compiler: /usr/bin/cc - skipped
[0.427s] -- Detecting C compile features
[0.428s] -- Detecting C compile features - done
[0.437s] -- Detecting CXX compiler ABI info
[0.588s] -- Detecting CXX compiler ABI info - done
[0.614s] -- Check for working CXX compiler: /usr/bin/c++ - skipped
[0.615s] -- Detecting CXX compile features
[0.617s] -- Detecting CXX compile features - done
[0.620s] [31mCMake Error at CMakeLists.txt:34 (ament_package):
[0.620s]   Unknown CMake command "ament_package".
[0.621s] 
[0.621s] [0m
[0.621s] -- Configuring incomplete, errors occurred!
[0.621s] See also "/home/zk/ros2_ws/build/hb_robot_moveit_config/CMakeFiles/CMakeOutput.log".
[0.632s] Invoked command in '/home/zk/ros2_ws/build/hb_robot_moveit_config' returned '1': CMAKE_PREFIX_PATH=${CMAKE_PREFIX_PATH}:/opt/ros/humble /usr/bin/cmake /home/zk/ros2_ws/src/hb_robot_moveit_config -DCMAKE_INSTALL_PREFIX=/home/zk/ros2_ws/install/hb_robot_moveit_config
