[0.012s] Invoking command in '/root/jetson_repo/build/hb_robot_description': CMAKE_PREFIX_PATH=/opt/ros/humble /usr/bin/cmake /root/jetson_repo/src/hb_robot_description -DCMAKE_INSTALL_PREFIX=/root/jetson_repo/install/hb_robot_description
[0.126s] -- The C compiler identification is GNU 11.4.0
[0.218s] -- The CXX compiler identification is GNU 11.4.0
[0.229s] -- Detecting C compiler ABI info
[0.293s] -- Detecting C compiler ABI info - done
[0.299s] -- Check for working C compiler: /usr/bin/cc - skipped
[0.299s] -- Detecting C compile features
[0.300s] -- Detecting C compile features - done
[0.304s] -- Detecting CXX compiler ABI info
[0.368s] -- Detecting CXX compiler ABI info - done
[0.374s] -- Check for working CXX compiler: /usr/bin/c++ - skipped
[0.374s] -- Detecting CXX compile features
[0.374s] -- Detecting CXX compile features - done
[0.388s] -- Found ament_cmake: 1.3.11 (/opt/ros/humble/share/ament_cmake/cmake)
[0.492s] -- Found Python3: /usr/bin/python3 (found version "3.10.12") found components: Interpreter 
[0.586s] -- Found ament_lint_auto: 0.12.12 (/opt/ros/humble/share/ament_lint_auto/cmake)
[0.658s] -- Added test 'lint_cmake' to check CMake code style
[0.660s] -- Added test 'xmllint' to check XML markup files
[0.662s] -- Configuring done
[0.666s] -- Generating done
[0.668s] -- Build files have been written to: /root/jetson_repo/build/hb_robot_description
[0.671s] Invoked command in '/root/jetson_repo/build/hb_robot_description' returned '0': CMAKE_PREFIX_PATH=/opt/ros/humble /usr/bin/cmake /root/jetson_repo/src/hb_robot_description -DCMAKE_INSTALL_PREFIX=/root/jetson_repo/install/hb_robot_description
[0.673s] Invoking command in '/root/jetson_repo/build/hb_robot_description': CMAKE_PREFIX_PATH=/opt/ros/humble /usr/bin/cmake --build /root/jetson_repo/build/hb_robot_description -- -j16 -l16
[0.703s] Invoked command in '/root/jetson_repo/build/hb_robot_description' returned '0': CMAKE_PREFIX_PATH=/opt/ros/humble /usr/bin/cmake --build /root/jetson_repo/build/hb_robot_description -- -j16 -l16
[0.711s] Invoking command in '/root/jetson_repo/build/hb_robot_description': CMAKE_PREFIX_PATH=/opt/ros/humble /usr/bin/cmake --install /root/jetson_repo/build/hb_robot_description
[0.717s] -- Install configuration: ""
[0.717s] -- Installing: /root/jetson_repo/install/hb_robot_description/share/hb_robot_description/meshes
[0.717s] -- Installing: /root/jetson_repo/install/hb_robot_description/share/hb_robot_description/meshes/board.stl
[0.718s] -- Installing: /root/jetson_repo/install/hb_robot_description/share/hb_robot_description/urdf
[0.718s] -- Installing: /root/jetson_repo/install/hb_robot_description/share/hb_robot_description/urdf/hb_robot.urdf.xacro
[0.718s] -- Installing: /root/jetson_repo/install/hb_robot_description/share/hb_robot_description/urdf/hb_robot.urdf
[0.718s] -- Installing: /root/jetson_repo/install/hb_robot_description/share/hb_robot_description/urdf/hb_robot_macro.xacro
[0.719s] -- Installing: /root/jetson_repo/install/hb_robot_description/share/ament_index/resource_index/package_run_dependencies/hb_robot_description
[0.719s] -- Installing: /root/jetson_repo/install/hb_robot_description/share/ament_index/resource_index/parent_prefix_path/hb_robot_description
[0.719s] -- Installing: /root/jetson_repo/install/hb_robot_description/share/hb_robot_description/environment/ament_prefix_path.sh
[0.720s] -- Installing: /root/jetson_repo/install/hb_robot_description/share/hb_robot_description/environment/ament_prefix_path.dsv
[0.720s] -- Installing: /root/jetson_repo/install/hb_robot_description/share/hb_robot_description/environment/path.sh
[0.720s] -- Installing: /root/jetson_repo/install/hb_robot_description/share/hb_robot_description/environment/path.dsv
[0.720s] -- Installing: /root/jetson_repo/install/hb_robot_description/share/hb_robot_description/local_setup.bash
[0.720s] -- Installing: /root/jetson_repo/install/hb_robot_description/share/hb_robot_description/local_setup.sh
[0.720s] -- Installing: /root/jetson_repo/install/hb_robot_description/share/hb_robot_description/local_setup.zsh
[0.720s] -- Installing: /root/jetson_repo/install/hb_robot_description/share/hb_robot_description/local_setup.dsv
[0.721s] -- Installing: /root/jetson_repo/install/hb_robot_description/share/hb_robot_description/package.dsv
[0.721s] -- Installing: /root/jetson_repo/install/hb_robot_description/share/ament_index/resource_index/packages/hb_robot_description
[0.721s] -- Installing: /root/jetson_repo/install/hb_robot_description/share/hb_robot_description/cmake/hb_robot_descriptionConfig.cmake
[0.722s] -- Installing: /root/jetson_repo/install/hb_robot_description/share/hb_robot_description/cmake/hb_robot_descriptionConfig-version.cmake
[0.722s] -- Installing: /root/jetson_repo/install/hb_robot_description/share/hb_robot_description/package.xml
[0.724s] Invoked command in '/root/jetson_repo/build/hb_robot_description' returned '0': CMAKE_PREFIX_PATH=/opt/ros/humble /usr/bin/cmake --install /root/jetson_repo/build/hb_robot_description
