[0.024s] Invoking command in '/home/zk/ros2_ws/build/zain_pkg': CMAKE_PREFIX_PATH=/opt/ros/humble /usr/bin/cmake --build /home/zk/ros2_ws/build/zain_pkg -- -j6 -l6
[0.069s] -- Found ament_cmake: 1.3.12 (/opt/ros/humble/share/ament_cmake/cmake)
[0.331s] -- Found moveit_ros_planning_interface: 2.5.9 (/opt/ros/humble/share/moveit_ros_planning_interface/cmake)
[0.362s] -- Found Boost: /usr/lib/aarch64-linux-gnu/cmake/Boost-1.74.0/BoostConfig.cmake (found version "1.74.0") found components: date_time filesystem program_options system thread 
[0.417s] -- Found rosidl_generator_c: 3.1.7 (/opt/ros/humble/share/rosidl_generator_c/cmake)
[0.421s] -- Found rosidl_adapter: 3.1.7 (/opt/ros/humble/share/rosidl_adapter/cmake)
[0.432s] -- Found rosidl_generator_cpp: 3.1.7 (/opt/ros/humble/share/rosidl_generator_cpp/cmake)
[0.449s] -- Using all available rosidl_typesupport_c: rosidl_typesupport_fastrtps_c;rosidl_typesupport_introspection_c
[0.469s] -- Using all available rosidl_typesupport_cpp: rosidl_typesupport_fastrtps_cpp;rosidl_typesupport_introspection_cpp
[0.767s] -- Found Boost: /usr/lib/aarch64-linux-gnu/cmake/Boost-1.74.0/BoostConfig.cmake (found version "1.74.0") found components: chrono date_time filesystem iostreams program_options regex serialization system thread 
[0.809s] -- Found parameter_traits: 0.5.0 (/opt/ros/humble/share/parameter_traits/cmake)
[0.856s] -- Found rmw_implementation_cmake: 6.1.2 (/opt/ros/humble/share/rmw_implementation_cmake/cmake)
[0.858s] -- Found rmw_fastrtps_cpp: 6.2.8 (/opt/ros/humble/share/rmw_fastrtps_cpp/cmake)
[1.020s] -- Using RMW implementation 'rmw_fastrtps_cpp' as default
[1.093s] -- Found rclcpp_lifecycle: 16.0.14 (/opt/ros/humble/share/rclcpp_lifecycle/cmake)
[1.128s] -- Found Boost: /usr/lib/aarch64-linux-gnu/cmake/Boost-1.74.0/BoostConfig.cmake (found version "1.74.0") found components: filesystem 
[1.179s] -- library: /usr/lib/aarch64-linux-gnu/libcurl.so
[1.224s] -- Ensuring Eigen3 include directory is part of orocos-kdl CMake target
[1.407s] -- Found Boost: /usr/lib/aarch64-linux-gnu/cmake/Boost-1.74.0/BoostConfig.cmake (found version "1.74.0") found components: system filesystem date_time program_options thread chrono 
[1.454s] -- Found Boost: /usr/lib/aarch64-linux-gnu/cmake/Boost-1.74.0/BoostConfig.cmake (found version "1.74.0") found components: thread system filesystem regex date_time program_options 
[1.486s] -- Found Boost: /usr/lib/aarch64-linux-gnu/cmake/Boost-1.74.0/BoostConfig.cmake (found version "1.74.0") found components: system filesystem date_time program_options thread 
[1.532s] -- Found ament_lint_auto: 0.12.14 (/opt/ros/humble/share/ament_lint_auto/cmake)
[1.659s] -- Configuring done
[1.763s] -- Generating done
[1.790s] -- Build files have been written to: /home/zk/ros2_ws/build/zain_pkg
[1.882s] [ 50%] [32mBuilding CXX object CMakeFiles/hello_moveit.dir/src/hello_moveit.cpp.o[0m
[7.959s] [100%] [32m[1mLinking CXX executable hello_moveit[0m
[59.829s] [100%] Built target hello_moveit
[59.855s] Invoked command in '/home/zk/ros2_ws/build/zain_pkg' returned '0': CMAKE_PREFIX_PATH=/opt/ros/humble /usr/bin/cmake --build /home/zk/ros2_ws/build/zain_pkg -- -j6 -l6
[59.877s] Invoking command in '/home/zk/ros2_ws/build/zain_pkg': CMAKE_PREFIX_PATH=/opt/ros/humble /usr/bin/cmake --install /home/zk/ros2_ws/build/zain_pkg
[59.890s] -- Install configuration: ""
[59.890s] -- Installing: /home/zk/ros2_ws/install/zain_pkg/lib/zain_pkg/hello_moveit
[59.891s] -- Set runtime path of "/home/zk/ros2_ws/install/zain_pkg/lib/zain_pkg/hello_moveit" to ""
[59.891s] -- Up-to-date: /home/zk/ros2_ws/install/zain_pkg/share/zain_pkg/launch
[59.891s] -- Up-to-date: /home/zk/ros2_ws/install/zain_pkg/share/zain_pkg/launch/zains_launch.py
[59.891s] -- Up-to-date: /home/zk/ros2_ws/install/zain_pkg/share/zain_pkg/meshes
[59.893s] -- Up-to-date: /home/zk/ros2_ws/install/zain_pkg/share/zain_pkg/meshes/board.stl
[59.894s] -- Up-to-date: /home/zk/ros2_ws/install/zain_pkg/share/zain_pkg/rviz
[59.894s] -- Up-to-date: /home/zk/ros2_ws/install/zain_pkg/share/zain_pkg/rviz/urdf.rviz
[59.894s] -- Up-to-date: /home/zk/ros2_ws/install/zain_pkg/share/zain_pkg/urdf
[59.894s] -- Up-to-date: /home/zk/ros2_ws/install/zain_pkg/share/zain_pkg/urdf/hb_robot.urdf.xacro
[59.895s] -- Up-to-date: /home/zk/ros2_ws/install/zain_pkg/share/zain_pkg/urdf/hb_robot_macro.xacro
[59.895s] -- Installing: /home/zk/ros2_ws/install/zain_pkg/share/ament_index/resource_index/package_run_dependencies/zain_pkg
[59.895s] -- Up-to-date: /home/zk/ros2_ws/install/zain_pkg/share/ament_index/resource_index/parent_prefix_path/zain_pkg
[59.895s] -- Up-to-date: /home/zk/ros2_ws/install/zain_pkg/share/zain_pkg/environment/ament_prefix_path.sh
[59.896s] -- Installing: /home/zk/ros2_ws/install/zain_pkg/share/zain_pkg/environment/ament_prefix_path.dsv
[59.896s] -- Up-to-date: /home/zk/ros2_ws/install/zain_pkg/share/zain_pkg/environment/path.sh
[59.896s] -- Installing: /home/zk/ros2_ws/install/zain_pkg/share/zain_pkg/environment/path.dsv
[59.896s] -- Up-to-date: /home/zk/ros2_ws/install/zain_pkg/share/zain_pkg/local_setup.bash
[59.896s] -- Up-to-date: /home/zk/ros2_ws/install/zain_pkg/share/zain_pkg/local_setup.sh
[59.896s] -- Up-to-date: /home/zk/ros2_ws/install/zain_pkg/share/zain_pkg/local_setup.zsh
[59.897s] -- Installing: /home/zk/ros2_ws/install/zain_pkg/share/zain_pkg/local_setup.dsv
[59.897s] -- Installing: /home/zk/ros2_ws/install/zain_pkg/share/zain_pkg/package.dsv
[59.897s] -- Up-to-date: /home/zk/ros2_ws/install/zain_pkg/share/ament_index/resource_index/packages/zain_pkg
[59.898s] -- Up-to-date: /home/zk/ros2_ws/install/zain_pkg/share/zain_pkg/cmake/zain_pkgConfig.cmake
[59.901s] -- Up-to-date: /home/zk/ros2_ws/install/zain_pkg/share/zain_pkg/cmake/zain_pkgConfig-version.cmake
[59.901s] -- Installing: /home/zk/ros2_ws/install/zain_pkg/share/zain_pkg/package.xml
[59.902s] Invoked command in '/home/zk/ros2_ws/build/zain_pkg' returned '0': CMAKE_PREFIX_PATH=/opt/ros/humble /usr/bin/cmake --install /home/zk/ros2_ws/build/zain_pkg
