[0.048s] Invoking command in '/home/zk/ros2_ws/build/hb_robot_description': CMAKE_PREFIX_PATH=${CMAKE_PREFIX_PATH}:/opt/ros/humble /usr/bin/cmake /home/zk/ros2_ws/src/hb_robot_description -DCMAKE_INSTALL_PREFIX=/home/zk/ros2_ws/install/hb_robot_description
[0.220s] -- The C compiler identification is GNU 11.4.0
[0.370s] -- The CXX compiler identification is GNU 11.4.0
[0.383s] -- Detecting C compiler ABI info
[0.559s] -- Detecting C compiler ABI info - done
[0.574s] -- Check for working C compiler: /usr/bin/cc - skipped
[0.575s] -- Detecting C compile features
[0.575s] -- Detecting C compile features - done
[0.582s] -- Detecting CXX compiler ABI info
[0.867s] -- Detecting CXX compiler ABI info - done
[0.881s] -- Check for working CXX compiler: /usr/bin/c++ - skipped
[0.882s] -- Detecting CXX compile features
[0.887s] -- Detecting CXX compile features - done
[0.913s] -- Found ament_cmake: 1.3.12 (/opt/ros/humble/share/ament_cmake/cmake)
[1.324s] -- Found Python3: /usr/bin/python3 (found version "3.10.12") found components: Interpreter 
[1.519s] -- Found ament_lint_auto: 0.12.14 (/opt/ros/humble/share/ament_lint_auto/cmake)
[1.703s] -- Added test 'lint_cmake' to check CMake code style
[1.705s] -- Added test 'xmllint' to check XML markup files
[1.707s] -- Configuring done
[1.737s] -- Generating done
[1.741s] -- Build files have been written to: /home/zk/ros2_ws/build/hb_robot_description
[1.758s] Invoked command in '/home/zk/ros2_ws/build/hb_robot_description' returned '0': CMAKE_PREFIX_PATH=${CMAKE_PREFIX_PATH}:/opt/ros/humble /usr/bin/cmake /home/zk/ros2_ws/src/hb_robot_description -DCMAKE_INSTALL_PREFIX=/home/zk/ros2_ws/install/hb_robot_description
[1.759s] Invoking command in '/home/zk/ros2_ws/build/hb_robot_description': CMAKE_PREFIX_PATH=${CMAKE_PREFIX_PATH}:/opt/ros/humble /usr/bin/cmake --build /home/zk/ros2_ws/build/hb_robot_description -- -j6 -l6
[3.247s] Invoked command in '/home/zk/ros2_ws/build/hb_robot_description' returned '0': CMAKE_PREFIX_PATH=${CMAKE_PREFIX_PATH}:/opt/ros/humble /usr/bin/cmake --build /home/zk/ros2_ws/build/hb_robot_description -- -j6 -l6
[3.271s] Invoking command in '/home/zk/ros2_ws/build/hb_robot_description': CMAKE_PREFIX_PATH=${CMAKE_PREFIX_PATH}:/opt/ros/humble /usr/bin/cmake --install /home/zk/ros2_ws/build/hb_robot_description
[3.289s] -- Install configuration: ""
[3.291s] -- Installing: /home/zk/ros2_ws/install/hb_robot_description/share/hb_robot_description/meshes
[3.292s] -- Installing: /home/zk/ros2_ws/install/hb_robot_description/share/hb_robot_description/meshes/board.stl
[3.293s] -- Installing: /home/zk/ros2_ws/install/hb_robot_description/share/hb_robot_description/urdf
[3.293s] -- Installing: /home/zk/ros2_ws/install/hb_robot_description/share/hb_robot_description/urdf/hb_robot.urdf.xacro
[3.294s] -- Installing: /home/zk/ros2_ws/install/hb_robot_description/share/hb_robot_description/urdf/hb_robot.urdf
[3.295s] -- Installing: /home/zk/ros2_ws/install/hb_robot_description/share/hb_robot_description/urdf/hb_robot_macro.xacro
[3.304s] -- Installing: /home/zk/ros2_ws/install/hb_robot_description/share/ament_index/resource_index/package_run_dependencies/hb_robot_description
[3.306s] -- Installing: /home/zk/ros2_ws/install/hb_robot_description/share/ament_index/resource_index/parent_prefix_path/hb_robot_description
[3.306s] -- Installing: /home/zk/ros2_ws/install/hb_robot_description/share/hb_robot_description/environment/ament_prefix_path.sh
[3.306s] -- Installing: /home/zk/ros2_ws/install/hb_robot_description/share/hb_robot_description/environment/ament_prefix_path.dsv
[3.306s] -- Installing: /home/zk/ros2_ws/install/hb_robot_description/share/hb_robot_description/environment/path.sh
[3.306s] -- Installing: /home/zk/ros2_ws/install/hb_robot_description/share/hb_robot_description/environment/path.dsv
[3.306s] -- Installing: /home/zk/ros2_ws/install/hb_robot_description/share/hb_robot_description/local_setup.bash
[3.306s] -- Installing: /home/zk/ros2_ws/install/hb_robot_description/share/hb_robot_description/local_setup.sh
[3.307s] -- Installing: /home/zk/ros2_ws/install/hb_robot_description/share/hb_robot_description/local_setup.zsh
[3.307s] -- Installing: /home/zk/ros2_ws/install/hb_robot_description/share/hb_robot_description/local_setup.dsv
[3.307s] -- Installing: /home/zk/ros2_ws/install/hb_robot_description/share/hb_robot_description/package.dsv
[3.307s] -- Installing: /home/zk/ros2_ws/install/hb_robot_description/share/ament_index/resource_index/packages/hb_robot_description
[3.307s] -- Installing: /home/zk/ros2_ws/install/hb_robot_description/share/hb_robot_description/cmake/hb_robot_descriptionConfig.cmake
[3.307s] -- Installing: /home/zk/ros2_ws/install/hb_robot_description/share/hb_robot_description/cmake/hb_robot_descriptionConfig-version.cmake
[3.307s] -- Installing: /home/zk/ros2_ws/install/hb_robot_description/share/hb_robot_description/package.xml
[3.308s] Invoked command in '/home/zk/ros2_ws/build/hb_robot_description' returned '0': CMAKE_PREFIX_PATH=${CMAKE_PREFIX_PATH}:/opt/ros/humble /usr/bin/cmake --install /home/zk/ros2_ws/build/hb_robot_description
