[0.017s] Invoking command in '/home/zk/ros2_ws/build/hb_robot_description': CMAKE_PREFIX_PATH=${CMAKE_PREFIX_PATH}:/opt/ros/humble /usr/bin/cmake /home/zk/ros2_ws/src/hb_robot_description -DCMAKE_INSTALL_PREFIX=/home/zk/ros2_ws/install/hb_robot_description
[0.124s] -- The C compiler identification is GNU 11.4.0
[0.233s] -- The CXX compiler identification is GNU 11.4.0
[0.255s] -- Detecting C compiler ABI info
[0.397s] -- Detecting C compiler ABI info - done
[0.421s] -- Check for working C compiler: /usr/bin/cc - skipped
[0.422s] -- Detecting C compile features
[0.422s] -- Detecting C compile features - done
[0.430s] -- Detecting CXX compiler ABI info
[0.585s] -- Detecting CXX compiler ABI info - done
[0.611s] -- Check for working CXX compiler: /usr/bin/c++ - skipped
[0.612s] -- Detecting CXX compile features
[0.614s] -- Detecting CXX compile features - done
[0.625s] -- Found ament_cmake: 1.3.12 (/opt/ros/humble/share/ament_cmake/cmake)
[0.980s] -- Found Python3: /usr/bin/python3 (found version "3.10.12") found components: Interpreter 
[1.195s] -- Found ament_lint_auto: 0.12.14 (/opt/ros/humble/share/ament_lint_auto/cmake)
[1.365s] -- Added test 'flake8' to check Python code syntax and style conventions
[1.366s] -- Added test 'lint_cmake' to check CMake code style
[1.367s] -- Added test 'pep257' to check Python code against some of the docstring style conventions in PEP 257
[1.370s] -- Added test 'xmllint' to check XML markup files
[1.373s] -- Configuring done
[1.380s] -- Generating done
[1.384s] -- Build files have been written to: /home/zk/ros2_ws/build/hb_robot_description
[1.393s] Invoked command in '/home/zk/ros2_ws/build/hb_robot_description' returned '0': CMAKE_PREFIX_PATH=${CMAKE_PREFIX_PATH}:/opt/ros/humble /usr/bin/cmake /home/zk/ros2_ws/src/hb_robot_description -DCMAKE_INSTALL_PREFIX=/home/zk/ros2_ws/install/hb_robot_description
[1.398s] Invoking command in '/home/zk/ros2_ws/build/hb_robot_description': CMAKE_PREFIX_PATH=${CMAKE_PREFIX_PATH}:/opt/ros/humble /usr/bin/cmake --build /home/zk/ros2_ws/build/hb_robot_description -- -j6 -l6
[1.480s] Invoked command in '/home/zk/ros2_ws/build/hb_robot_description' returned '0': CMAKE_PREFIX_PATH=${CMAKE_PREFIX_PATH}:/opt/ros/humble /usr/bin/cmake --build /home/zk/ros2_ws/build/hb_robot_description -- -j6 -l6
[1.502s] Invoking command in '/home/zk/ros2_ws/build/hb_robot_description': CMAKE_PREFIX_PATH=${CMAKE_PREFIX_PATH}:/opt/ros/humble /usr/bin/cmake --install /home/zk/ros2_ws/build/hb_robot_description
[1.523s] -- Install configuration: ""
[1.524s] -- Installing: /home/zk/ros2_ws/install/hb_robot_description/share/hb_robot_description/meshes
[1.524s] -- Installing: /home/zk/ros2_ws/install/hb_robot_description/share/hb_robot_description/meshes/board.stl
[1.524s] -- Installing: /home/zk/ros2_ws/install/hb_robot_description/share/hb_robot_description/urdf
[1.526s] -- Installing: /home/zk/ros2_ws/install/hb_robot_description/share/hb_robot_description/urdf/hb_robot.urdf.xacro
[1.527s] -- Installing: /home/zk/ros2_ws/install/hb_robot_description/share/hb_robot_description/urdf/hb_robot.urdf
[1.527s] -- Installing: /home/zk/ros2_ws/install/hb_robot_description/share/hb_robot_description/urdf/my_robot_calibration.yaml
[1.527s] -- Installing: /home/zk/ros2_ws/install/hb_robot_description/share/hb_robot_description/urdf/hb_robot_macro.xacro
[1.528s] -- Installing: /home/zk/ros2_ws/install/hb_robot_description/share/ament_index/resource_index/package_run_dependencies/hb_robot_description
[1.528s] -- Installing: /home/zk/ros2_ws/install/hb_robot_description/share/ament_index/resource_index/parent_prefix_path/hb_robot_description
[1.528s] -- Installing: /home/zk/ros2_ws/install/hb_robot_description/share/hb_robot_description/environment/ament_prefix_path.sh
[1.528s] -- Installing: /home/zk/ros2_ws/install/hb_robot_description/share/hb_robot_description/environment/ament_prefix_path.dsv
[1.528s] -- Installing: /home/zk/ros2_ws/install/hb_robot_description/share/hb_robot_description/environment/path.sh
[1.528s] -- Installing: /home/zk/ros2_ws/install/hb_robot_description/share/hb_robot_description/environment/path.dsv
[1.529s] -- Installing: /home/zk/ros2_ws/install/hb_robot_description/share/hb_robot_description/local_setup.bash
[1.529s] -- Installing: /home/zk/ros2_ws/install/hb_robot_description/share/hb_robot_description/local_setup.sh
[1.529s] -- Installing: /home/zk/ros2_ws/install/hb_robot_description/share/hb_robot_description/local_setup.zsh
[1.529s] -- Installing: /home/zk/ros2_ws/install/hb_robot_description/share/hb_robot_description/local_setup.dsv
[1.529s] -- Installing: /home/zk/ros2_ws/install/hb_robot_description/share/hb_robot_description/package.dsv
[1.529s] -- Installing: /home/zk/ros2_ws/install/hb_robot_description/share/ament_index/resource_index/packages/hb_robot_description
[1.529s] -- Installing: /home/zk/ros2_ws/install/hb_robot_description/share/hb_robot_description/cmake/hb_robot_descriptionConfig.cmake
[1.539s] -- Installing: /home/zk/ros2_ws/install/hb_robot_description/share/hb_robot_description/cmake/hb_robot_descriptionConfig-version.cmake
[1.540s] -- Installing: /home/zk/ros2_ws/install/hb_robot_description/share/hb_robot_description/package.xml
[1.547s] Invoked command in '/home/zk/ros2_ws/build/hb_robot_description' returned '0': CMAKE_PREFIX_PATH=${CMAKE_PREFIX_PATH}:/opt/ros/humble /usr/bin/cmake --install /home/zk/ros2_ws/build/hb_robot_description
