[35m[1mConsolidate compiler generated dependencies of target hough_node[0m
[35m[1mConsolidate compiler generated dependencies of target webcam_pub[0m
[ 33%] Built target z_talk
[ 50%] [32mBuilding CXX object CMakeFiles/hough_node.dir/src/hough_node.cpp.o[0m
[ 83%] Built target webcam_pub
[100%] [32m[1mLinking CXX executable hough_node[0m
/usr/bin/ld: warning: libopencv_imgcodecs.so.4.5d, needed by /opt/ros/humble/lib/libcv_bridge.so, may conflict with libopencv_imgcodecs.so.408
/usr/bin/ld: warning: libopencv_imgproc.so.4.5d, needed by /opt/ros/humble/lib/libcv_bridge.so, may conflict with libopencv_imgproc.so.408
/usr/bin/ld: warning: libopencv_core.so.4.5d, needed by /opt/ros/humble/lib/libcv_bridge.so, may conflict with libopencv_core.so.408
[100%] Built target hough_node
-- Install configuration: ""
-- Up-to-date: /home/zk/ros2_ws/install/cam_pub/lib/cam_pub/z_talk
-- Up-to-date: /home/zk/ros2_ws/install/cam_pub/lib/cam_pub/webcam_pub
-- Installing: /home/zk/ros2_ws/install/cam_pub/lib/cam_pub/hough_node
-- Set runtime path of "/home/zk/ros2_ws/install/cam_pub/lib/cam_pub/hough_node" to ""
-- Up-to-date: /home/zk/ros2_ws/install/cam_pub/share/ament_index/resource_index/package_run_dependencies/cam_pub
-- Up-to-date: /home/zk/ros2_ws/install/cam_pub/share/ament_index/resource_index/parent_prefix_path/cam_pub
-- Up-to-date: /home/zk/ros2_ws/install/cam_pub/share/cam_pub/environment/ament_prefix_path.sh
-- Up-to-date: /home/zk/ros2_ws/install/cam_pub/share/cam_pub/environment/ament_prefix_path.dsv
-- Up-to-date: /home/zk/ros2_ws/install/cam_pub/share/cam_pub/environment/path.sh
-- Up-to-date: /home/zk/ros2_ws/install/cam_pub/share/cam_pub/environment/path.dsv
-- Up-to-date: /home/zk/ros2_ws/install/cam_pub/share/cam_pub/local_setup.bash
-- Up-to-date: /home/zk/ros2_ws/install/cam_pub/share/cam_pub/local_setup.sh
-- Up-to-date: /home/zk/ros2_ws/install/cam_pub/share/cam_pub/local_setup.zsh
-- Up-to-date: /home/zk/ros2_ws/install/cam_pub/share/cam_pub/local_setup.dsv
-- Installing: /home/zk/ros2_ws/install/cam_pub/share/cam_pub/package.dsv
-- Up-to-date: /home/zk/ros2_ws/install/cam_pub/share/ament_index/resource_index/packages/cam_pub
-- Up-to-date: /home/zk/ros2_ws/install/cam_pub/share/cam_pub/cmake/cam_pubConfig.cmake
-- Up-to-date: /home/zk/ros2_ws/install/cam_pub/share/cam_pub/cmake/cam_pubConfig-version.cmake
-- Up-to-date: /home/zk/ros2_ws/install/cam_pub/share/cam_pub/package.xml
