[0.018s] Invoking command in '/home/zk/ros2_ws/build/cam_pub': CMAKE_PREFIX_PATH=${CMAKE_PREFIX_PATH}:/opt/ros/humble /usr/bin/cmake --build /home/zk/ros2_ws/build/cam_pub -- -j6 -l6
[0.102s] [35m[1mConsolidate compiler generated dependencies of target hough_node[0m
[0.109s] [35m[1mConsolidate compiler generated dependencies of target webcam_pub[0m
[0.130s] [ 33%] Built target z_talk
[0.139s] [ 50%] [32mBuilding CXX object CMakeFiles/hough_node.dir/src/hough_node.cpp.o[0m
[0.151s] [ 83%] Built target webcam_pub
[9.978s] [100%] [32m[1mLinking CXX executable hough_node[0m
[10.143s] /usr/bin/ld: warning: libopencv_imgcodecs.so.4.5d, needed by /opt/ros/humble/lib/libcv_bridge.so, may conflict with libopencv_imgcodecs.so.408
[10.144s] /usr/bin/ld: warning: libopencv_imgproc.so.4.5d, needed by /opt/ros/humble/lib/libcv_bridge.so, may conflict with libopencv_imgproc.so.408
[10.145s] /usr/bin/ld: warning: libopencv_core.so.4.5d, needed by /opt/ros/humble/lib/libcv_bridge.so, may conflict with libopencv_core.so.408
[10.838s] [100%] Built target hough_node
[10.867s] Invoked command in '/home/zk/ros2_ws/build/cam_pub' returned '0': CMAKE_PREFIX_PATH=${CMAKE_PREFIX_PATH}:/opt/ros/humble /usr/bin/cmake --build /home/zk/ros2_ws/build/cam_pub -- -j6 -l6
[10.893s] Invoking command in '/home/zk/ros2_ws/build/cam_pub': CMAKE_PREFIX_PATH=${CMAKE_PREFIX_PATH}:/opt/ros/humble /usr/bin/cmake --install /home/zk/ros2_ws/build/cam_pub
[10.909s] -- Install configuration: ""
[10.911s] -- Up-to-date: /home/zk/ros2_ws/install/cam_pub/lib/cam_pub/z_talk
[10.911s] -- Up-to-date: /home/zk/ros2_ws/install/cam_pub/lib/cam_pub/webcam_pub
[10.912s] -- Installing: /home/zk/ros2_ws/install/cam_pub/lib/cam_pub/hough_node
[10.914s] -- Set runtime path of "/home/zk/ros2_ws/install/cam_pub/lib/cam_pub/hough_node" to ""
[10.914s] -- Up-to-date: /home/zk/ros2_ws/install/cam_pub/share/ament_index/resource_index/package_run_dependencies/cam_pub
[10.914s] -- Up-to-date: /home/zk/ros2_ws/install/cam_pub/share/ament_index/resource_index/parent_prefix_path/cam_pub
[10.915s] -- Up-to-date: /home/zk/ros2_ws/install/cam_pub/share/cam_pub/environment/ament_prefix_path.sh
[10.915s] -- Up-to-date: /home/zk/ros2_ws/install/cam_pub/share/cam_pub/environment/ament_prefix_path.dsv
[10.915s] -- Up-to-date: /home/zk/ros2_ws/install/cam_pub/share/cam_pub/environment/path.sh
[10.915s] -- Up-to-date: /home/zk/ros2_ws/install/cam_pub/share/cam_pub/environment/path.dsv
[10.915s] -- Up-to-date: /home/zk/ros2_ws/install/cam_pub/share/cam_pub/local_setup.bash
[10.916s] -- Up-to-date: /home/zk/ros2_ws/install/cam_pub/share/cam_pub/local_setup.sh
[10.916s] -- Up-to-date: /home/zk/ros2_ws/install/cam_pub/share/cam_pub/local_setup.zsh
[10.916s] -- Up-to-date: /home/zk/ros2_ws/install/cam_pub/share/cam_pub/local_setup.dsv
[10.916s] -- Installing: /home/zk/ros2_ws/install/cam_pub/share/cam_pub/package.dsv
[10.916s] -- Up-to-date: /home/zk/ros2_ws/install/cam_pub/share/ament_index/resource_index/packages/cam_pub
[10.916s] -- Up-to-date: /home/zk/ros2_ws/install/cam_pub/share/cam_pub/cmake/cam_pubConfig.cmake
[10.917s] -- Up-to-date: /home/zk/ros2_ws/install/cam_pub/share/cam_pub/cmake/cam_pubConfig-version.cmake
[10.917s] -- Up-to-date: /home/zk/ros2_ws/install/cam_pub/share/cam_pub/package.xml
[10.919s] Invoked command in '/home/zk/ros2_ws/build/cam_pub' returned '0': CMAKE_PREFIX_PATH=${CMAKE_PREFIX_PATH}:/opt/ros/humble /usr/bin/cmake --install /home/zk/ros2_ws/build/cam_pub
