[0.025s] Invoking command in '/home/zk/ros2_ws/build/hb_robot_description': CMAKE_PREFIX_PATH=${CMAKE_PREFIX_PATH}:/opt/ros/humble /usr/bin/cmake --build /home/zk/ros2_ws/build/hb_robot_description -- -j6 -l6
[0.070s] -- Found ament_cmake: 1.3.12 (/opt/ros/humble/share/ament_cmake/cmake)
[0.389s] -- Found ament_lint_auto: 0.12.14 (/opt/ros/humble/share/ament_lint_auto/cmake)
[0.536s] -- Added test 'flake8' to check Python code syntax and style conventions
[0.538s] -- Added test 'lint_cmake' to check CMake code style
[0.539s] -- Added test 'pep257' to check Python code against some of the docstring style conventions in PEP 257
[0.541s] -- Added test 'xmllint' to check XML markup files
[0.545s] -- Configuring done
[0.556s] -- Generating done
[0.562s] -- Build files have been written to: /home/zk/ros2_ws/build/hb_robot_description
[0.615s] Invoked command in '/home/zk/ros2_ws/build/hb_robot_description' returned '0': CMAKE_PREFIX_PATH=${CMAKE_PREFIX_PATH}:/opt/ros/humble /usr/bin/cmake --build /home/zk/ros2_ws/build/hb_robot_description -- -j6 -l6
[0.634s] Invoking command in '/home/zk/ros2_ws/build/hb_robot_description': CMAKE_PREFIX_PATH=${CMAKE_PREFIX_PATH}:/opt/ros/humble /usr/bin/cmake --install /home/zk/ros2_ws/build/hb_robot_description
[0.651s] -- Install configuration: ""
[0.652s] -- Installing: /home/zk/ros2_ws/install/hb_robot_description/share/hb_robot_description/launch
[0.652s] -- Installing: /home/zk/ros2_ws/install/hb_robot_description/share/hb_robot_description/launch/view_robot.launch.py
[0.653s] -- Installing: /home/zk/ros2_ws/install/hb_robot_description/share/hb_robot_description/rviz
[0.653s] -- Installing: /home/zk/ros2_ws/install/hb_robot_description/share/hb_robot_description/rviz/urdf.rviz
[0.653s] -- Up-to-date: /home/zk/ros2_ws/install/hb_robot_description/share/hb_robot_description/meshes
[0.653s] -- Up-to-date: /home/zk/ros2_ws/install/hb_robot_description/share/hb_robot_description/meshes/board.stl
[0.654s] -- Up-to-date: /home/zk/ros2_ws/install/hb_robot_description/share/hb_robot_description/urdf
[0.654s] -- Up-to-date: /home/zk/ros2_ws/install/hb_robot_description/share/hb_robot_description/urdf/hb_robot.urdf.xacro
[0.654s] -- Up-to-date: /home/zk/ros2_ws/install/hb_robot_description/share/hb_robot_description/urdf/hb_robot.urdf
[0.654s] -- Up-to-date: /home/zk/ros2_ws/install/hb_robot_description/share/hb_robot_description/urdf/my_robot_calibration.yaml
[0.654s] -- Up-to-date: /home/zk/ros2_ws/install/hb_robot_description/share/hb_robot_description/urdf/hb_robot_macro.xacro
[0.655s] -- Up-to-date: /home/zk/ros2_ws/install/hb_robot_description/share/ament_index/resource_index/package_run_dependencies/hb_robot_description
[0.655s] -- Up-to-date: /home/zk/ros2_ws/install/hb_robot_description/share/ament_index/resource_index/parent_prefix_path/hb_robot_description
[0.655s] -- Up-to-date: /home/zk/ros2_ws/install/hb_robot_description/share/hb_robot_description/environment/ament_prefix_path.sh
[0.656s] -- Installing: /home/zk/ros2_ws/install/hb_robot_description/share/hb_robot_description/environment/ament_prefix_path.dsv
[0.656s] -- Up-to-date: /home/zk/ros2_ws/install/hb_robot_description/share/hb_robot_description/environment/path.sh
[0.656s] -- Installing: /home/zk/ros2_ws/install/hb_robot_description/share/hb_robot_description/environment/path.dsv
[0.657s] -- Up-to-date: /home/zk/ros2_ws/install/hb_robot_description/share/hb_robot_description/local_setup.bash
[0.657s] -- Up-to-date: /home/zk/ros2_ws/install/hb_robot_description/share/hb_robot_description/local_setup.sh
[0.658s] -- Up-to-date: /home/zk/ros2_ws/install/hb_robot_description/share/hb_robot_description/local_setup.zsh
[0.659s] -- Installing: /home/zk/ros2_ws/install/hb_robot_description/share/hb_robot_description/local_setup.dsv
[0.661s] -- Installing: /home/zk/ros2_ws/install/hb_robot_description/share/hb_robot_description/package.dsv
[0.662s] -- Up-to-date: /home/zk/ros2_ws/install/hb_robot_description/share/ament_index/resource_index/packages/hb_robot_description
[0.662s] -- Up-to-date: /home/zk/ros2_ws/install/hb_robot_description/share/hb_robot_description/cmake/hb_robot_descriptionConfig.cmake
[0.663s] -- Up-to-date: /home/zk/ros2_ws/install/hb_robot_description/share/hb_robot_description/cmake/hb_robot_descriptionConfig-version.cmake
[0.663s] -- Up-to-date: /home/zk/ros2_ws/install/hb_robot_description/share/hb_robot_description/package.xml
[0.664s] Invoked command in '/home/zk/ros2_ws/build/hb_robot_description' returned '0': CMAKE_PREFIX_PATH=${CMAKE_PREFIX_PATH}:/opt/ros/humble /usr/bin/cmake --install /home/zk/ros2_ws/build/hb_robot_description
