[ 40%] [32mBuilding CXX object CMakeFiles/azure_kinect_node.dir/src/k4a_ros_node.cpp.o[0m
[ 40%] [32mBuilding CXX object CMakeFiles/azure_kinect_node.dir/src/k4a_ros_device_params.cpp.o[0m
[ 60%] [32mBuilding CXX object CMakeFiles/azure_kinect_node.dir/src/k4a_ros_device.cpp.o[0m
[ 80%] [32mBuilding CXX object CMakeFiles/azure_kinect_node.dir/src/k4a_calibration_transform_data.cpp.o[0m
[ 80%] Built target ament_cmake_python_copy_azure_kinect_ros2_driver
running egg_info
writing azure_kinect_ros2_driver.egg-info/PKG-INFO
writing dependency_links to azure_kinect_ros2_driver.egg-info/dependency_links.txt
writing top-level names to azure_kinect_ros2_driver.egg-info/top_level.txt
reading manifest file 'azure_kinect_ros2_driver.egg-info/SOURCES.txt'
writing manifest file 'azure_kinect_ros2_driver.egg-info/SOURCES.txt'
[ 80%] Built target ament_cmake_python_build_azure_kinect_ros2_driver_egg
[100%] [32m[1mLinking CXX executable azure_kinect_node[0m
[100%] Built target azure_kinect_node
-- Install configuration: ""
-- Installing: /home/zk/ros2_ws/install/azure_kinect_ros2_driver/lib/azure_kinect_ros2_driver/azure_kinect_node
-- Set runtime path of "/home/zk/ros2_ws/install/azure_kinect_ros2_driver/lib/azure_kinect_ros2_driver/azure_kinect_node" to ""
-- Installing: /home/zk/ros2_ws/install/azure_kinect_ros2_driver/share/azure_kinect_ros2_driver/environment/pythonpath.sh
-- Installing: /home/zk/ros2_ws/install/azure_kinect_ros2_driver/share/azure_kinect_ros2_driver/environment/pythonpath.dsv
-- Installing: /home/zk/ros2_ws/install/azure_kinect_ros2_driver/local/lib/python3.10/dist-packages/azure_kinect_ros2_driver-0.0.1-py3.10.egg-info
-- Installing: /home/zk/ros2_ws/install/azure_kinect_ros2_driver/local/lib/python3.10/dist-packages/azure_kinect_ros2_driver-0.0.1-py3.10.egg-info/SOURCES.txt
-- Installing: /home/zk/ros2_ws/install/azure_kinect_ros2_driver/local/lib/python3.10/dist-packages/azure_kinect_ros2_driver-0.0.1-py3.10.egg-info/PKG-INFO
-- Installing: /home/zk/ros2_ws/install/azure_kinect_ros2_driver/local/lib/python3.10/dist-packages/azure_kinect_ros2_driver-0.0.1-py3.10.egg-info/dependency_links.txt
-- Installing: /home/zk/ros2_ws/install/azure_kinect_ros2_driver/local/lib/python3.10/dist-packages/azure_kinect_ros2_driver-0.0.1-py3.10.egg-info/top_level.txt
-- Installing: /home/zk/ros2_ws/install/azure_kinect_ros2_driver/local/lib/python3.10/dist-packages/azure_kinect_ros2_driver
-- Installing: /home/zk/ros2_ws/install/azure_kinect_ros2_driver/local/lib/python3.10/dist-packages/azure_kinect_ros2_driver/__init__.py
Listing '/home/zk/ros2_ws/install/azure_kinect_ros2_driver/local/lib/python3.10/dist-packages/azure_kinect_ros2_driver'...
Compiling '/home/zk/ros2_ws/install/azure_kinect_ros2_driver/local/lib/python3.10/dist-packages/azure_kinect_ros2_driver/__init__.py'...
-- Installing: /home/zk/ros2_ws/install/azure_kinect_ros2_driver/lib/azure_kinect_ros2_driver/test_azure_kinect_subscriber.py
-- Installing: /home/zk/ros2_ws/install/azure_kinect_ros2_driver/share/azure_kinect_ros2_driver/launch
-- Installing: /home/zk/ros2_ws/install/azure_kinect_ros2_driver/share/azure_kinect_ros2_driver/launch/k4a_test_record_launch.py
-- Installing: /home/zk/ros2_ws/install/azure_kinect_ros2_driver/share/azure_kinect_ros2_driver/launch/k4a_device_launch.py
-- Installing: /home/zk/ros2_ws/install/azure_kinect_ros2_driver/share/azure_kinect_ros2_driver/urdf
-- Installing: /home/zk/ros2_ws/install/azure_kinect_ros2_driver/share/azure_kinect_ros2_driver/urdf/azure_kinect.urdf.xacro
-- Installing: /home/zk/ros2_ws/install/azure_kinect_ros2_driver/share/ament_index/resource_index/package_run_dependencies/azure_kinect_ros2_driver
-- Installing: /home/zk/ros2_ws/install/azure_kinect_ros2_driver/share/ament_index/resource_index/parent_prefix_path/azure_kinect_ros2_driver
-- Installing: /home/zk/ros2_ws/install/azure_kinect_ros2_driver/share/azure_kinect_ros2_driver/environment/ament_prefix_path.sh
-- Installing: /home/zk/ros2_ws/install/azure_kinect_ros2_driver/share/azure_kinect_ros2_driver/environment/ament_prefix_path.dsv
-- Installing: /home/zk/ros2_ws/install/azure_kinect_ros2_driver/share/azure_kinect_ros2_driver/environment/path.sh
-- Installing: /home/zk/ros2_ws/install/azure_kinect_ros2_driver/share/azure_kinect_ros2_driver/environment/path.dsv
-- Installing: /home/zk/ros2_ws/install/azure_kinect_ros2_driver/share/azure_kinect_ros2_driver/local_setup.bash
-- Installing: /home/zk/ros2_ws/install/azure_kinect_ros2_driver/share/azure_kinect_ros2_driver/local_setup.sh
-- Installing: /home/zk/ros2_ws/install/azure_kinect_ros2_driver/share/azure_kinect_ros2_driver/local_setup.zsh
-- Installing: /home/zk/ros2_ws/install/azure_kinect_ros2_driver/share/azure_kinect_ros2_driver/local_setup.dsv
-- Installing: /home/zk/ros2_ws/install/azure_kinect_ros2_driver/share/azure_kinect_ros2_driver/package.dsv
-- Installing: /home/zk/ros2_ws/install/azure_kinect_ros2_driver/share/ament_index/resource_index/packages/azure_kinect_ros2_driver
-- Installing: /home/zk/ros2_ws/install/azure_kinect_ros2_driver/share/azure_kinect_ros2_driver/cmake/azure_kinect_ros2_driverConfig.cmake
-- Installing: /home/zk/ros2_ws/install/azure_kinect_ros2_driver/share/azure_kinect_ros2_driver/cmake/azure_kinect_ros2_driverConfig-version.cmake
-- Installing: /home/zk/ros2_ws/install/azure_kinect_ros2_driver/share/azure_kinect_ros2_driver/package.xml
