[0.096s] Invoking command in '/home/zk/ros2_ws/build/zain_pkg': CMAKE_PREFIX_PATH=/opt/ros/humble /usr/bin/cmake /home/zk/ros2_ws/src/zain_pkg -DCMAKE_INSTALL_PREFIX=/home/zk/ros2_ws/install/zain_pkg
[1.056s] -- The C compiler identification is GNU 11.4.0
[1.546s] -- The CXX compiler identification is GNU 11.4.0
[1.576s] -- Detecting C compiler ABI info
[1.891s] -- Detecting C compiler ABI info - done
[1.915s] -- Check for working C compiler: /usr/bin/cc - skipped
[1.917s] -- Detecting C compile features
[1.919s] -- Detecting C compile features - done
[1.933s] -- Detecting CXX compiler ABI info
[2.166s] -- Detecting CXX compiler ABI info - done
[2.190s] -- Check for working CXX compiler: /usr/bin/c++ - skipped
[2.190s] -- Detecting CXX compile features
[2.192s] -- Detecting CXX compile features - done
[2.206s] -- Found ament_cmake: 1.3.12 (/opt/ros/humble/share/ament_cmake/cmake)
[2.536s] -- Found Python3: /usr/bin/python3 (found version "3.10.12") found components: Interpreter 
[2.831s] -- Found ament_lint_auto: 0.12.14 (/opt/ros/humble/share/ament_lint_auto/cmake)
[2.965s] -- Configuring done
[3.050s] -- Generating done
[3.060s] -- Build files have been written to: /home/zk/ros2_ws/build/zain_pkg
[3.073s] Invoked command in '/home/zk/ros2_ws/build/zain_pkg' returned '0': CMAKE_PREFIX_PATH=/opt/ros/humble /usr/bin/cmake /home/zk/ros2_ws/src/zain_pkg -DCMAKE_INSTALL_PREFIX=/home/zk/ros2_ws/install/zain_pkg
[3.080s] Invoking command in '/home/zk/ros2_ws/build/zain_pkg': CMAKE_PREFIX_PATH=/opt/ros/humble /usr/bin/cmake --build /home/zk/ros2_ws/build/zain_pkg -- -j6 -l6
[3.158s] Invoked command in '/home/zk/ros2_ws/build/zain_pkg' returned '0': CMAKE_PREFIX_PATH=/opt/ros/humble /usr/bin/cmake --build /home/zk/ros2_ws/build/zain_pkg -- -j6 -l6
[3.177s] Invoking command in '/home/zk/ros2_ws/build/zain_pkg': CMAKE_PREFIX_PATH=/opt/ros/humble /usr/bin/cmake --install /home/zk/ros2_ws/build/zain_pkg
[3.190s] -- Install configuration: ""
[3.191s] -- Installing: /home/zk/ros2_ws/install/zain_pkg/share/zain_pkg/launch
[3.191s] -- Installing: /home/zk/ros2_ws/install/zain_pkg/share/zain_pkg/launch/zains_launch.py
[3.192s] -- Installing: /home/zk/ros2_ws/install/zain_pkg/share/zain_pkg/meshes
[3.193s] -- Installing: /home/zk/ros2_ws/install/zain_pkg/share/zain_pkg/meshes/board.stl
[3.193s] -- Installing: /home/zk/ros2_ws/install/zain_pkg/share/zain_pkg/rviz
[3.194s] -- Installing: /home/zk/ros2_ws/install/zain_pkg/share/zain_pkg/rviz/urdf.rviz
[3.194s] -- Installing: /home/zk/ros2_ws/install/zain_pkg/share/zain_pkg/urdf
[3.195s] -- Installing: /home/zk/ros2_ws/install/zain_pkg/share/zain_pkg/urdf/hb_robot.urdf.xacro
[3.195s] -- Installing: /home/zk/ros2_ws/install/zain_pkg/share/zain_pkg/urdf/hb_robot_macro.xacro
[3.195s] -- Installing: /home/zk/ros2_ws/install/zain_pkg/share/ament_index/resource_index/package_run_dependencies/zain_pkg
[3.196s] -- Installing: /home/zk/ros2_ws/install/zain_pkg/share/ament_index/resource_index/parent_prefix_path/zain_pkg
[3.196s] -- Installing: /home/zk/ros2_ws/install/zain_pkg/share/zain_pkg/environment/ament_prefix_path.sh
[3.196s] -- Installing: /home/zk/ros2_ws/install/zain_pkg/share/zain_pkg/environment/ament_prefix_path.dsv
[3.196s] -- Installing: /home/zk/ros2_ws/install/zain_pkg/share/zain_pkg/environment/path.sh
[3.196s] -- Installing: /home/zk/ros2_ws/install/zain_pkg/share/zain_pkg/environment/path.dsv
[3.197s] -- Installing: /home/zk/ros2_ws/install/zain_pkg/share/zain_pkg/local_setup.bash
[3.197s] -- Installing: /home/zk/ros2_ws/install/zain_pkg/share/zain_pkg/local_setup.sh
[3.197s] -- Installing: /home/zk/ros2_ws/install/zain_pkg/share/zain_pkg/local_setup.zsh
[3.198s] -- Installing: /home/zk/ros2_ws/install/zain_pkg/share/zain_pkg/local_setup.dsv
[3.198s] -- Installing: /home/zk/ros2_ws/install/zain_pkg/share/zain_pkg/package.dsv
[3.199s] -- Installing: /home/zk/ros2_ws/install/zain_pkg/share/ament_index/resource_index/packages/zain_pkg
[3.199s] -- Installing: /home/zk/ros2_ws/install/zain_pkg/share/zain_pkg/cmake/zain_pkgConfig.cmake
[3.199s] -- Installing: /home/zk/ros2_ws/install/zain_pkg/share/zain_pkg/cmake/zain_pkgConfig-version.cmake
[3.199s] -- Installing: /home/zk/ros2_ws/install/zain_pkg/share/zain_pkg/package.xml
[3.200s] Invoked command in '/home/zk/ros2_ws/build/zain_pkg' returned '0': CMAKE_PREFIX_PATH=/opt/ros/humble /usr/bin/cmake --install /home/zk/ros2_ws/build/zain_pkg
